This file contains any messages produced by compilers while
running configure, to aid debugging if configure makes a mistake.

It was created by virt-viewer configure 0.6.0, which was
generated by GNU Autoconf 2.69.  Invocation command line was

  $ ./configure --host=x86_64-w64-mingw32 --build=x86_64-redhat-linux-gnu --target=x86_64-w64-mingw32 --prefix=/usr/x86_64-w64-mingw32/sys-root/mingw --exec-prefix=/usr/x86_64-w64-mingw32/sys-root/mingw --bindir=/usr/x86_64-w64-mingw32/sys-root/mingw/bin --sbindir=/usr/x86_64-w64-mingw32/sys-root/mingw/sbin --sysconfdir=/usr/x86_64-w64-mingw32/sys-root/mingw/etc --datadir=/usr/x86_64-w64-mingw32/sys-root/mingw/share --includedir=/usr/x86_64-w64-mingw32/sys-root/mingw/include --libdir=/usr/x86_64-w64-mingw32/sys-root/mingw/lib --libexecdir=/usr/x86_64-w64-mingw32/sys-root/mingw/libexec --localstatedir=/usr/x86_64-w64-mingw32/sys-root/mingw/var --sharedstatedir=/usr/x86_64-w64-mingw32/sys-root/mingw/com --mandir=/usr/x86_64-w64-mingw32/sys-root/mingw/share/man --infodir=/usr/x86_64-w64-mingw32/sys-root/mingw/share/info --without-sasl --with-audio=gstreamer --with-coroutine=winfiber --disable-smartcard --without-python --enable-usbredir=yes --disable-gtk-doc --disable-werror --enable-static --enable-shared --with-gtk=2.0 build_alias=x86_64-redhat-linux-gnu host_alias=x86_64-w64-mingw32 target_alias=x86_64-w64-mingw32 CC=x86_64-w64-mingw32-gcc CFLAGS= -O2 -g -pipe -Wall -Wp,-D_FORTIFY_SOURCE=2 -fexceptions --param=ssp-buffer-size=4 LDFLAGS= CPPFLAGS= CPP=/usr/bin/x86_64-w64-mingw32-cpp PKG_CONFIG=/usr/bin/x86_64-w64-mingw32-pkg-config --no-create --no-recursion

## --------- ##
## Platform. ##
## --------- ##

hostname = spice-linux
uname -m = x86_64
uname -r = 3.11.10-301.fc20.x86_64
uname -s = Linux
uname -v = #1 SMP Thu Dec 5 14:01:17 UTC 2013

/usr/bin/uname -p = x86_64
/bin/uname -X     = unknown

/bin/arch              = x86_64
/usr/bin/arch -k       = unknown
/usr/convex/getsysinfo = unknown
/usr/bin/hostinfo      = unknown
/bin/machine           = unknown
/usr/bin/oslevel       = unknown
/bin/universe          = unknown

PATH: /usr/x86_64-w64-mingw32/sys-root/mingw/bin
PATH: /usr/local/sbin
PATH: /usr/local/bin
PATH: /sbin
PATH: /bin
PATH: /usr/sbin
PATH: /usr/bin
PATH: /root/bin


## ----------- ##
## Core tests. ##
## ----------- ##

configure:2432: checking for a BSD-compatible install
configure:2500: result: /bin/install -c
configure:2511: checking whether build environment is sane
configure:2566: result: yes
configure:2625: checking for x86_64-w64-mingw32-strip
configure:2652: result: /usr/bin/x86_64-w64-mingw32-strip
configure:2717: checking for a thread-safe mkdir -p
configure:2756: result: /bin/mkdir -p
configure:2763: checking for gawk
configure:2779: found /bin/gawk
configure:2790: result: gawk
configure:2801: checking whether make sets $(MAKE)
configure:2823: result: yes
configure:2852: checking whether make supports nested variables
configure:2869: result: yes
configure:2957: checking build system type
configure:2971: result: x86_64-redhat-linux-gnu
configure:2991: checking host system type
configure:3004: result: x86_64-w64-mingw32
configure:3038: checking whether make supports nested variables
configure:3055: result: yes
configure:3089: checking for native Win32
configure:3108: result: yes
configure:3127: checking for x86_64-w64-mingw32-gcc
configure:3154: result: x86_64-w64-mingw32-gcc
configure:3423: checking for C compiler version
configure:3432: x86_64-w64-mingw32-gcc --version >&5
x86_64-w64-mingw32-gcc (GCC) 4.8.2 20131016 (Fedora MinGW 4.8.2-1.fc20)
Copyright (C) 2013 Free Software Foundation, Inc.
This is free software; see the source for copying conditions.  There is NO
warranty; not even for MERCHANTABILITY or FITNESS FOR A PARTICULAR PURPOSE.

configure:3443: $? = 0
configure:3432: x86_64-w64-mingw32-gcc -v >&5
Using built-in specs.
COLLECT_GCC=x86_64-w64-mingw32-gcc
COLLECT_LTO_WRAPPER=/usr/libexec/gcc/x86_64-w64-mingw32/4.8.2/lto-wrapper
Target: x86_64-w64-mingw32
Configured with: ../configure --prefix=/usr --bindir=/usr/bin --includedir=/usr/include --libdir=/usr/lib64 --mandir=/usr/share/man --infodir=/usr/share/info --datadir=/usr/share --build=x86_64-redhat-linux-gnu --host=x86_64-redhat-linux-gnu --with-gnu-as --with-gnu-ld --verbose --without-newlib --disable-multilib --disable-plugin --with-system-zlib --disable-nls --without-included-gettext --disable-win32-registry --enable-languages=c,c++,objc,obj-c++,fortran --with-bugurl=http://bugzilla.redhat.com/bugzilla --with-cloog --enable-libgomp --target=x86_64-w64-mingw32 --with-sysroot=/usr/x86_64-w64-mingw32/sys-root --with-gxx-include-dir=/usr/x86_64-w64-mingw32/sys-root/mingw/include/c++
Thread model: win32
gcc version 4.8.2 20131016 (Fedora MinGW 4.8.2-1.fc20) (GCC) 
configure:3443: $? = 0
configure:3432: x86_64-w64-mingw32-gcc -V >&5
x86_64-w64-mingw32-gcc: error: unrecognized command line option '-V'
x86_64-w64-mingw32-gcc: fatal error: no input files
compilation terminated.
configure:3443: $? = 1
configure:3432: x86_64-w64-mingw32-gcc -qversion >&5
x86_64-w64-mingw32-gcc: error: unrecognized command line option '-qversion'
x86_64-w64-mingw32-gcc: fatal error: no input files
compilation terminated.
configure:3443: $? = 1
configure:3463: checking whether the C compiler works
configure:3485: x86_64-w64-mingw32-gcc  -O2 -g -pipe -Wall -Wp,-D_FORTIFY_SOURCE=2 -fexceptions --param=ssp-buffer-size=4   conftest.c  >&5
configure:3489: $? = 0
configure:3537: result: yes
configure:3540: checking for C compiler default output file name
configure:3542: result: a.exe
configure:3548: checking for suffix of executables
configure:3555: x86_64-w64-mingw32-gcc -o conftest.exe  -O2 -g -pipe -Wall -Wp,-D_FORTIFY_SOURCE=2 -fexceptions --param=ssp-buffer-size=4   conftest.c  >&5
configure:3559: $? = 0
configure:3581: result: .exe
configure:3603: checking whether we are cross compiling
configure:3641: result: yes
configure:3646: checking for suffix of object files
configure:3668: x86_64-w64-mingw32-gcc -c  -O2 -g -pipe -Wall -Wp,-D_FORTIFY_SOURCE=2 -fexceptions --param=ssp-buffer-size=4  conftest.c >&5
configure:3672: $? = 0
configure:3693: result: o
configure:3697: checking whether we are using the GNU C compiler
configure:3716: x86_64-w64-mingw32-gcc -c  -O2 -g -pipe -Wall -Wp,-D_FORTIFY_SOURCE=2 -fexceptions --param=ssp-buffer-size=4  conftest.c >&5
configure:3716: $? = 0
configure:3725: result: yes
configure:3734: checking whether x86_64-w64-mingw32-gcc accepts -g
configure:3754: x86_64-w64-mingw32-gcc -c -g  conftest.c >&5
configure:3754: $? = 0
configure:3795: result: yes
configure:3812: checking for x86_64-w64-mingw32-gcc option to accept ISO C89
configure:3875: x86_64-w64-mingw32-gcc  -c  -O2 -g -pipe -Wall -Wp,-D_FORTIFY_SOURCE=2 -fexceptions --param=ssp-buffer-size=4  conftest.c >&5
configure:3875: $? = 0
configure:3888: result: none needed
configure:3919: checking for style of include used by make
configure:3947: result: GNU
configure:3973: checking dependency style of x86_64-w64-mingw32-gcc
configure:4084: result: gcc3
configure:4100: checking whether x86_64-w64-mingw32-gcc and cc understand -c and -o together
configure:4131: x86_64-w64-mingw32-gcc -c conftest.c -o conftest2.o >&5
configure:4135: $? = 0
configure:4141: x86_64-w64-mingw32-gcc -c conftest.c -o conftest2.o >&5
configure:4145: $? = 0
configure:4156: cc -c conftest.c >&5
./configure: line 4158: cc: command not found
configure:4160: $? = 127
configure:4200: result: yes
configure:4271: checking how to print strings
configure:4298: result: printf
configure:4319: checking for a sed that does not truncate output
configure:4383: result: /bin/sed
configure:4401: checking for grep that handles long lines and -e
configure:4459: result: /bin/grep
configure:4464: checking for egrep
configure:4526: result: /bin/grep -E
configure:4531: checking for fgrep
configure:4593: result: /bin/grep -F
configure:4628: checking for ld used by x86_64-w64-mingw32-gcc
configure:4695: result: /usr/bin/x86_64-w64-mingw32-ld
configure:4702: checking if the linker (/usr/bin/x86_64-w64-mingw32-ld) is GNU ld
configure:4717: result: yes
configure:4729: checking for BSD- or MS-compatible name lister (nm)
configure:4778: result: /usr/bin/x86_64-w64-mingw32-nm
configure:4908: checking the name lister (/usr/bin/x86_64-w64-mingw32-nm) interface
configure:4915: x86_64-w64-mingw32-gcc -c  -O2 -g -pipe -Wall -Wp,-D_FORTIFY_SOURCE=2 -fexceptions --param=ssp-buffer-size=4  conftest.c >&5
configure:4918: /usr/bin/x86_64-w64-mingw32-nm "conftest.o"
configure:4921: output
0000000000000000 b .bss
0000000000000000 d .data
0000000000000000 N .debug_abbrev
0000000000000000 N .debug_aranges
0000000000000000 N .debug_info
0000000000000000 N .debug_line
0000000000000000 r .rdata$zzz
0000000000000000 t .text
0000000000000000 B some_variable
configure:4928: result: BSD nm
configure:4931: checking whether ln -s works
configure:4935: result: yes
configure:4943: checking the maximum length of command line arguments
configure:5073: result: 1572864
configure:5090: checking whether the shell understands some XSI constructs
configure:5100: result: yes
configure:5104: checking whether the shell understands "+="
configure:5110: result: yes
configure:5145: checking how to convert x86_64-redhat-linux-gnu file names to x86_64-w64-mingw32 format
configure:5185: result: func_convert_file_nix_to_w32
configure:5192: checking how to convert x86_64-redhat-linux-gnu file names to toolchain format
configure:5212: result: func_convert_file_noop
configure:5219: checking for /usr/bin/x86_64-w64-mingw32-ld option to reload object files
configure:5226: result: -r
configure:5260: checking for x86_64-w64-mingw32-objdump
configure:5287: result: /usr/bin/x86_64-w64-mingw32-objdump
configure:5359: checking how to recognize dependent libraries
configure:5561: result: file_magic ^x86 archive import|^x86 DLL
configure:5606: checking for x86_64-w64-mingw32-dlltool
configure:5633: result: /usr/bin/x86_64-w64-mingw32-dlltool
configure:5706: checking how to associate runtime and link libraries
configure:5733: result: func_cygming_dll_for_implib
configure:5750: checking for x86_64-w64-mingw32-ar
configure:5777: result: /usr/bin/x86_64-w64-mingw32-ar
configure:5858: checking for archiver @FILE support
configure:5875: x86_64-w64-mingw32-gcc -c  -O2 -g -pipe -Wall -Wp,-D_FORTIFY_SOURCE=2 -fexceptions --param=ssp-buffer-size=4  conftest.c >&5
configure:5875: $? = 0
configure:5878: /usr/bin/x86_64-w64-mingw32-ar cru libconftest.a @conftest.lst >&5
configure:5881: $? = 0
configure:5886: /usr/bin/x86_64-w64-mingw32-ar cru libconftest.a @conftest.lst >&5
/usr/bin/x86_64-w64-mingw32-ar: conftest.o: No such file or directory
configure:5889: $? = 1
configure:5901: result: @
configure:5919: checking for x86_64-w64-mingw32-strip
configure:5946: result: /usr/bin/x86_64-w64-mingw32-strip
configure:6018: checking for x86_64-w64-mingw32-ranlib
configure:6045: result: /usr/bin/x86_64-w64-mingw32-ranlib
configure:6187: checking command to parse /usr/bin/x86_64-w64-mingw32-nm output from x86_64-w64-mingw32-gcc object
configure:6307: x86_64-w64-mingw32-gcc -c  -O2 -g -pipe -Wall -Wp,-D_FORTIFY_SOURCE=2 -fexceptions --param=ssp-buffer-size=4  conftest.c >&5
configure:6310: $? = 0
configure:6314: /usr/bin/x86_64-w64-mingw32-nm conftest.o \| sed -n -e 's/^.*[ ]\([ABCDGIRSTW][ABCDGIRSTW]*\)[ ][ ]*\([_A-Za-z][_A-Za-z0-9]*\)$/\1 \2 \2/p' | sed '/ __gnu_lto/d' \> conftest.nm
configure:6317: $? = 0
configure:6383: x86_64-w64-mingw32-gcc -o conftest.exe  -O2 -g -pipe -Wall -Wp,-D_FORTIFY_SOURCE=2 -fexceptions --param=ssp-buffer-size=4   conftest.c conftstm.o >&5
configure:6386: $? = 0
configure:6424: result: ok
configure:6461: checking for sysroot
configure:6491: result: no
configure:6713: checking for x86_64-w64-mingw32-mt
configure:6743: result: no
configure:6753: checking for mt
configure:6783: result: no
configure:6803: checking if : is a manifest tool
configure:6809: : '-?'
configure:6817: result: no
configure:7459: checking how to run the C preprocessor
configure:7529: result: /usr/bin/x86_64-w64-mingw32-cpp
configure:7549: /usr/bin/x86_64-w64-mingw32-cpp  conftest.c
configure:7549: $? = 0
configure:7563: /usr/bin/x86_64-w64-mingw32-cpp  conftest.c
conftest.c:11:28: fatal error: ac_nonexistent.h: No such file or directory
 #include <ac_nonexistent.h>
                            ^
compilation terminated.
configure:7563: $? = 1
configure: failed program was:
| /* confdefs.h */
| #define PACKAGE_NAME "virt-viewer"
| #define PACKAGE_TARNAME "virt-viewer"
| #define PACKAGE_VERSION "0.6.0"
| #define PACKAGE_STRING "virt-viewer 0.6.0"
| #define PACKAGE_BUGREPORT ""
| #define PACKAGE_URL ""
| #define PACKAGE "virt-viewer"
| #define VERSION "0.6.0"
| /* end confdefs.h.  */
| #include <ac_nonexistent.h>
configure:7592: checking for ANSI C header files
configure:7612: x86_64-w64-mingw32-gcc -c  -O2 -g -pipe -Wall -Wp,-D_FORTIFY_SOURCE=2 -fexceptions --param=ssp-buffer-size=4  conftest.c >&5
configure:7612: $? = 0
configure:7696: result: yes
configure:7709: checking for sys/types.h
configure:7709: x86_64-w64-mingw32-gcc -c  -O2 -g -pipe -Wall -Wp,-D_FORTIFY_SOURCE=2 -fexceptions --param=ssp-buffer-size=4  conftest.c >&5
configure:7709: $? = 0
configure:7709: result: yes
configure:7709: checking for sys/stat.h
configure:7709: x86_64-w64-mingw32-gcc -c  -O2 -g -pipe -Wall -Wp,-D_FORTIFY_SOURCE=2 -fexceptions --param=ssp-buffer-size=4  conftest.c >&5
configure:7709: $? = 0
configure:7709: result: yes
configure:7709: checking for stdlib.h
configure:7709: x86_64-w64-mingw32-gcc -c  -O2 -g -pipe -Wall -Wp,-D_FORTIFY_SOURCE=2 -fexceptions --param=ssp-buffer-size=4  conftest.c >&5
configure:7709: $? = 0
configure:7709: result: yes
configure:7709: checking for string.h
configure:7709: x86_64-w64-mingw32-gcc -c  -O2 -g -pipe -Wall -Wp,-D_FORTIFY_SOURCE=2 -fexceptions --param=ssp-buffer-size=4  conftest.c >&5
configure:7709: $? = 0
configure:7709: result: yes
configure:7709: checking for memory.h
configure:7709: x86_64-w64-mingw32-gcc -c  -O2 -g -pipe -Wall -Wp,-D_FORTIFY_SOURCE=2 -fexceptions --param=ssp-buffer-size=4  conftest.c >&5
configure:7709: $? = 0
configure:7709: result: yes
configure:7709: checking for strings.h
configure:7709: x86_64-w64-mingw32-gcc -c  -O2 -g -pipe -Wall -Wp,-D_FORTIFY_SOURCE=2 -fexceptions --param=ssp-buffer-size=4  conftest.c >&5
configure:7709: $? = 0
configure:7709: result: yes
configure:7709: checking for inttypes.h
configure:7709: x86_64-w64-mingw32-gcc -c  -O2 -g -pipe -Wall -Wp,-D_FORTIFY_SOURCE=2 -fexceptions --param=ssp-buffer-size=4  conftest.c >&5
configure:7709: $? = 0
configure:7709: result: yes
configure:7709: checking for stdint.h
configure:7709: x86_64-w64-mingw32-gcc -c  -O2 -g -pipe -Wall -Wp,-D_FORTIFY_SOURCE=2 -fexceptions --param=ssp-buffer-size=4  conftest.c >&5
configure:7709: $? = 0
configure:7709: result: yes
configure:7709: checking for unistd.h
configure:7709: x86_64-w64-mingw32-gcc -c  -O2 -g -pipe -Wall -Wp,-D_FORTIFY_SOURCE=2 -fexceptions --param=ssp-buffer-size=4  conftest.c >&5
configure:7709: $? = 0
configure:7709: result: yes
configure:7723: checking for dlfcn.h
configure:7723: x86_64-w64-mingw32-gcc -c  -O2 -g -pipe -Wall -Wp,-D_FORTIFY_SOURCE=2 -fexceptions --param=ssp-buffer-size=4  conftest.c >&5
configure:7723: $? = 0
configure:7723: result: yes
configure:7929: checking for objdir
configure:7944: result: .libs
configure:8215: checking if x86_64-w64-mingw32-gcc supports -fno-rtti -fno-exceptions
configure:8233: x86_64-w64-mingw32-gcc -c  -O2 -g -pipe -Wall -Wp,-D_FORTIFY_SOURCE=2 -fexceptions --param=ssp-buffer-size=4  -fno-rtti -fno-exceptions conftest.c >&5
cc1: warning: command line option '-fno-rtti' is valid for C++/ObjC++ but not for C [enabled by default]
configure:8237: $? = 0
configure:8250: result: no
configure:8577: checking for x86_64-w64-mingw32-gcc option to produce PIC
configure:8584: result: -DDLL_EXPORT -DPIC
configure:8592: checking if x86_64-w64-mingw32-gcc PIC flag -DDLL_EXPORT -DPIC works
configure:8610: x86_64-w64-mingw32-gcc -c  -O2 -g -pipe -Wall -Wp,-D_FORTIFY_SOURCE=2 -fexceptions --param=ssp-buffer-size=4  -DDLL_EXPORT -DPIC -DPIC conftest.c >&5
configure:8614: $? = 0
configure:8627: result: yes
configure:8656: checking if x86_64-w64-mingw32-gcc static flag -static works
configure:8684: result: yes
configure:8699: checking if x86_64-w64-mingw32-gcc supports -c -o file.o
configure:8720: x86_64-w64-mingw32-gcc -c  -O2 -g -pipe -Wall -Wp,-D_FORTIFY_SOURCE=2 -fexceptions --param=ssp-buffer-size=4  -o out/conftest2.o conftest.c >&5
configure:8724: $? = 0
configure:8746: result: yes
configure:8754: checking if x86_64-w64-mingw32-gcc supports -c -o file.o
configure:8801: result: yes
configure:8834: checking whether the x86_64-w64-mingw32-gcc linker (/usr/bin/x86_64-w64-mingw32-ld) supports shared libraries
configure:9987: result: yes
configure:10024: checking whether -lc should be explicitly linked in
configure:10032: x86_64-w64-mingw32-gcc -c  -O2 -g -pipe -Wall -Wp,-D_FORTIFY_SOURCE=2 -fexceptions --param=ssp-buffer-size=4  conftest.c >&5
configure:10035: $? = 0
configure:10050: x86_64-w64-mingw32-gcc -shared conftest.o  -v -o ./conftest -Wl,--enable-auto-image-base -Xlinker --out-implib -Xlinker conftest 2\>\&1 \| /bin/grep  -lc  \>/dev/null 2\>\&1
configure:10053: $? = 1
configure:10067: result: yes
configure:10227: checking dynamic linker characteristics
configure:10964: result: Win32 ld.exe
configure:11071: checking how to hardcode library paths into programs
configure:11096: result: immediate
configure:11636: checking whether stripping libraries is possible
configure:11641: result: yes
configure:11676: checking if libtool supports shared libraries
configure:11678: result: yes
configure:11681: checking whether to build shared libraries
configure:11702: result: yes
configure:11705: checking whether to build static libraries
configure:11709: result: yes
configure:11751: checking for icotool
configure:11767: found /bin/icotool
configure:11778: result: icotool
configure:11796: checking for x86_64-w64-mingw32-windres
configure:11823: result: /usr/bin/x86_64-w64-mingw32-windres
configure:11950: checking whether gcc understands -fexceptions
configure:11963: x86_64-w64-mingw32-gcc -c  -O2 -g -pipe -Wall -Wp,-D_FORTIFY_SOURCE=2 -fexceptions --param=ssp-buffer-size=4 -fexceptions  conftest.c >&5
configure:11963: $? = 0
configure:11970: result: yes
configure:11950: checking whether gcc understands -fstack-protector
configure:11963: x86_64-w64-mingw32-gcc -c  -O2 -g -pipe -Wall -Wp,-D_FORTIFY_SOURCE=2 -fexceptions --param=ssp-buffer-size=4 -fstack-protector  conftest.c >&5
configure:11963: $? = 0
configure:11970: result: yes
configure:11950: checking whether gcc understands --param=ssp-buffer-size=4
configure:11963: x86_64-w64-mingw32-gcc -c  -O2 -g -pipe -Wall -Wp,-D_FORTIFY_SOURCE=2 -fexceptions --param=ssp-buffer-size=4 --param=ssp-buffer-size=4  conftest.c >&5
configure:11963: $? = 0
configure:11970: result: yes
configure:11950: checking whether gcc understands -fasynchronous-unwind-tables
configure:11963: x86_64-w64-mingw32-gcc -c  -O2 -g -pipe -Wall -Wp,-D_FORTIFY_SOURCE=2 -fexceptions --param=ssp-buffer-size=4 -fasynchronous-unwind-tables  conftest.c >&5
configure:11963: $? = 0
configure:11970: result: yes
configure:11950: checking whether gcc understands -Wall
configure:11963: x86_64-w64-mingw32-gcc -c  -O2 -g -pipe -Wall -Wp,-D_FORTIFY_SOURCE=2 -fexceptions --param=ssp-buffer-size=4 -Wall  conftest.c >&5
configure:11963: $? = 0
configure:11970: result: yes
configure:11950: checking whether gcc understands -Wmissing-prototypes
configure:11963: x86_64-w64-mingw32-gcc -c  -O2 -g -pipe -Wall -Wp,-D_FORTIFY_SOURCE=2 -fexceptions --param=ssp-buffer-size=4 -Wmissing-prototypes  conftest.c >&5
configure:11963: $? = 0
configure:11970: result: yes
configure:11950: checking whether gcc understands -std=c99
configure:11963: x86_64-w64-mingw32-gcc -c  -O2 -g -pipe -Wall -Wp,-D_FORTIFY_SOURCE=2 -fexceptions --param=ssp-buffer-size=4 -std=c99  conftest.c >&5
configure:11963: $? = 0
configure:11970: result: yes
configure:11950: checking whether gcc understands -Wnested-externs
configure:11963: x86_64-w64-mingw32-gcc -c  -O2 -g -pipe -Wall -Wp,-D_FORTIFY_SOURCE=2 -fexceptions --param=ssp-buffer-size=4 -Wnested-externs  conftest.c >&5
configure:11963: $? = 0
configure:11970: result: yes
configure:11950: checking whether gcc understands -Wpointer-arith
configure:11963: x86_64-w64-mingw32-gcc -c  -O2 -g -pipe -Wall -Wp,-D_FORTIFY_SOURCE=2 -fexceptions --param=ssp-buffer-size=4 -Wpointer-arith  conftest.c >&5
configure:11963: $? = 0
configure:11970: result: yes
configure:11950: checking whether gcc understands -Wextra
configure:11963: x86_64-w64-mingw32-gcc -c  -O2 -g -pipe -Wall -Wp,-D_FORTIFY_SOURCE=2 -fexceptions --param=ssp-buffer-size=4 -Wextra  conftest.c >&5
configure:11963: $? = 0
configure:11970: result: yes
configure:11950: checking whether gcc understands -Wshadow
configure:11963: x86_64-w64-mingw32-gcc -c  -O2 -g -pipe -Wall -Wp,-D_FORTIFY_SOURCE=2 -fexceptions --param=ssp-buffer-size=4 -Wshadow  conftest.c >&5
configure:11963: $? = 0
configure:11970: result: yes
configure:11950: checking whether gcc understands -Wcast-align
configure:11963: x86_64-w64-mingw32-gcc -c  -O2 -g -pipe -Wall -Wp,-D_FORTIFY_SOURCE=2 -fexceptions --param=ssp-buffer-size=4 -Wcast-align  conftest.c >&5
configure:11963: $? = 0
configure:11970: result: yes
configure:11950: checking whether gcc understands -Wwrite-strings
configure:11963: x86_64-w64-mingw32-gcc -c  -O2 -g -pipe -Wall -Wp,-D_FORTIFY_SOURCE=2 -fexceptions --param=ssp-buffer-size=4 -Wwrite-strings  conftest.c >&5
configure:11963: $? = 0
configure:11970: result: yes
configure:11950: checking whether gcc understands -Waggregate-return
configure:11963: x86_64-w64-mingw32-gcc -c  -O2 -g -pipe -Wall -Wp,-D_FORTIFY_SOURCE=2 -fexceptions --param=ssp-buffer-size=4 -Waggregate-return  conftest.c >&5
configure:11963: $? = 0
configure:11970: result: yes
configure:11950: checking whether gcc understands -Winline
configure:11963: x86_64-w64-mingw32-gcc -c  -O2 -g -pipe -Wall -Wp,-D_FORTIFY_SOURCE=2 -fexceptions --param=ssp-buffer-size=4 -Winline  conftest.c >&5
configure:11963: $? = 0
configure:11970: result: yes
configure:11950: checking whether gcc understands -Wredundant-decls
configure:11963: x86_64-w64-mingw32-gcc -c  -O2 -g -pipe -Wall -Wp,-D_FORTIFY_SOURCE=2 -fexceptions --param=ssp-buffer-size=4 -Wredundant-decls  conftest.c >&5
configure:11963: $? = 0
configure:11970: result: yes
configure:11950: checking whether gcc understands -Wno-sign-compare
configure:11963: x86_64-w64-mingw32-gcc -c  -O2 -g -pipe -Wall -Wp,-D_FORTIFY_SOURCE=2 -fexceptions --param=ssp-buffer-size=4 -Wno-sign-compare  conftest.c >&5
configure:11963: $? = 0
configure:11970: result: yes
configure:11950: checking whether gcc understands -Wno-deprecated-declarations
configure:11963: x86_64-w64-mingw32-gcc -c  -O2 -g -pipe -Wall -Wp,-D_FORTIFY_SOURCE=2 -fexceptions --param=ssp-buffer-size=4 -Wno-deprecated-declarations  conftest.c >&5
configure:11963: $? = 0
configure:11970: result: yes
configure:11989: checking what language compliance flags to pass to the C compiler
configure:12004: result: 
configure:12022: checking locale.h usability
configure:12022: x86_64-w64-mingw32-gcc -c  -O2 -g -pipe -Wall -Wp,-D_FORTIFY_SOURCE=2 -fexceptions --param=ssp-buffer-size=4  conftest.c >&5
configure:12022: $? = 0
configure:12022: result: yes
configure:12022: checking locale.h presence
configure:12022: /usr/bin/x86_64-w64-mingw32-cpp  conftest.c
configure:12022: $? = 0
configure:12022: result: yes
configure:12022: checking for locale.h
configure:12022: result: yes
configure:12033: checking for LC_MESSAGES
configure:12049: x86_64-w64-mingw32-gcc -o conftest.exe  -O2 -g -pipe -Wall -Wp,-D_FORTIFY_SOURCE=2 -fexceptions --param=ssp-buffer-size=4   conftest.c  >&5
conftest.c: In function 'main':
conftest.c:30:8: error: 'LC_MESSAGES' undeclared (first use in this function)
 return LC_MESSAGES
        ^
conftest.c:30:8: note: each undeclared identifier is reported only once for each function it appears in
configure:12049: $? = 1
configure: failed program was:
| /* confdefs.h */
| #define PACKAGE_NAME "virt-viewer"
| #define PACKAGE_TARNAME "virt-viewer"
| #define PACKAGE_VERSION "0.6.0"
| #define PACKAGE_STRING "virt-viewer 0.6.0"
| #define PACKAGE_BUGREPORT ""
| #define PACKAGE_URL ""
| #define PACKAGE "virt-viewer"
| #define VERSION "0.6.0"
| #define STDC_HEADERS 1
| #define HAVE_SYS_TYPES_H 1
| #define HAVE_SYS_STAT_H 1
| #define HAVE_STDLIB_H 1
| #define HAVE_STRING_H 1
| #define HAVE_MEMORY_H 1
| #define HAVE_STRINGS_H 1
| #define HAVE_INTTYPES_H 1
| #define HAVE_STDINT_H 1
| #define HAVE_UNISTD_H 1
| #define HAVE_DLFCN_H 1
| #define LT_OBJDIR ".libs/"
| #define _GNU_SOURCE /**/
| #define GETTEXT_PACKAGE "virt-viewer"
| #define HAVE_LOCALE_H 1
| /* end confdefs.h.  */
| #include <locale.h>
| int
| main ()
| {
| return LC_MESSAGES
|   ;
|   return 0;
| }
configure:12057: result: no
configure:12074: checking libintl.h usability
configure:12074: x86_64-w64-mingw32-gcc -c  -O2 -g -pipe -Wall -Wp,-D_FORTIFY_SOURCE=2 -fexceptions --param=ssp-buffer-size=4  conftest.c >&5
configure:12074: $? = 0
configure:12074: result: yes
configure:12074: checking libintl.h presence
configure:12074: /usr/bin/x86_64-w64-mingw32-cpp  conftest.c
configure:12074: $? = 0
configure:12074: result: yes
configure:12074: checking for libintl.h
configure:12074: result: yes
configure:12082: checking for ngettext in libc
configure:12100: x86_64-w64-mingw32-gcc -o conftest.exe  -O2 -g -pipe -Wall -Wp,-D_FORTIFY_SOURCE=2 -fexceptions --param=ssp-buffer-size=4   conftest.c  >&5
/tmp/ccmCfY32.o: In function `main':
/root/EzView/virt-viewer-0.6.0-x64/conftest.c:32: undefined reference to `libintl_ngettext'
collect2: error: ld returned 1 exit status
configure:12100: $? = 1
configure: failed program was:
| /* confdefs.h */
| #define PACKAGE_NAME "virt-viewer"
| #define PACKAGE_TARNAME "virt-viewer"
| #define PACKAGE_VERSION "0.6.0"
| #define PACKAGE_STRING "virt-viewer 0.6.0"
| #define PACKAGE_BUGREPORT ""
| #define PACKAGE_URL ""
| #define PACKAGE "virt-viewer"
| #define VERSION "0.6.0"
| #define STDC_HEADERS 1
| #define HAVE_SYS_TYPES_H 1
| #define HAVE_SYS_STAT_H 1
| #define HAVE_STDLIB_H 1
| #define HAVE_STRING_H 1
| #define HAVE_MEMORY_H 1
| #define HAVE_STRINGS_H 1
| #define HAVE_INTTYPES_H 1
| #define HAVE_STDINT_H 1
| #define HAVE_UNISTD_H 1
| #define HAVE_DLFCN_H 1
| #define LT_OBJDIR ".libs/"
| #define _GNU_SOURCE /**/
| #define GETTEXT_PACKAGE "virt-viewer"
| #define HAVE_LOCALE_H 1
| /* end confdefs.h.  */
| 
| #include <libintl.h>
| 
| int
| main ()
| {
| return !ngettext ("","", 1)
|   ;
|   return 0;
| }
configure:12109: result: no
configure:12165: checking for bindtextdomain in -lintl
configure:12190: x86_64-w64-mingw32-gcc -o conftest.exe  -O2 -g -pipe -Wall -Wp,-D_FORTIFY_SOURCE=2 -fexceptions --param=ssp-buffer-size=4   conftest.c -lintl   >&5
configure:12190: $? = 0
configure:12199: result: yes
configure:12202: checking for ngettext in -lintl
configure:12227: x86_64-w64-mingw32-gcc -o conftest.exe  -O2 -g -pipe -Wall -Wp,-D_FORTIFY_SOURCE=2 -fexceptions --param=ssp-buffer-size=4   conftest.c -lintl   >&5
configure:12227: $? = 0
configure:12236: result: yes
configure:12239: checking for dgettext in -lintl
configure:12264: x86_64-w64-mingw32-gcc -o conftest.exe  -O2 -g -pipe -Wall -Wp,-D_FORTIFY_SOURCE=2 -fexceptions --param=ssp-buffer-size=4   conftest.c -lintl   >&5
conftest.c:33:6: warning: conflicting types for built-in function 'dgettext' [enabled by default]
 char dgettext ();
      ^
configure:12264: $? = 0
configure:12273: result: yes
configure:12386: checking for bind_textdomain_codeset
configure:12386: x86_64-w64-mingw32-gcc -o conftest.exe  -O2 -g -pipe -Wall -Wp,-D_FORTIFY_SOURCE=2 -fexceptions --param=ssp-buffer-size=4   conftest.c  -lintl  >&5
configure:12386: $? = 0
configure:12386: result: yes
configure:12423: checking for msgfmt
configure:12450: result: /bin/msgfmt
configure:12461: checking for dcgettext
configure:12461: x86_64-w64-mingw32-gcc -o conftest.exe  -O2 -g -pipe -Wall -Wp,-D_FORTIFY_SOURCE=2 -fexceptions --param=ssp-buffer-size=4   conftest.c  -lintl  >&5
conftest.c:51:6: warning: conflicting types for built-in function 'dcgettext' [enabled by default]
 char dcgettext ();
      ^
configure:12461: $? = 0
configure:12461: result: yes
configure:12471: checking if msgfmt accepts -c
configure:12486: $MSGFMT -c -o /dev/null conftest.foo
conftest.foo:3: warning: header field 'Language' missing in header
configure:12489: $? = 0
configure:12491: result: yes
configure:12501: checking for gmsgfmt
configure:12532: result: /bin/msgfmt
configure:12542: checking for xgettext
configure:12569: result: /bin/xgettext
configure:12588: x86_64-w64-mingw32-gcc -o conftest.exe  -O2 -g -pipe -Wall -Wp,-D_FORTIFY_SOURCE=2 -fexceptions --param=ssp-buffer-size=4   conftest.c  -lintl  >&5
configure:12588: $? = 0
configure:12728: checking whether NLS is requested
configure:12737: result: yes
configure:12755: checking for intltool >= 0.35.0
configure:12757: result: 0.50.2 found
configure:12765: checking for intltool-update
configure:12783: found /bin/intltool-update
configure:12795: result: /bin/intltool-update
configure:12805: checking for intltool-merge
configure:12823: found /bin/intltool-merge
configure:12835: result: /bin/intltool-merge
configure:12845: checking for intltool-extract
configure:12863: found /bin/intltool-extract
configure:12875: result: /bin/intltool-extract
configure:13029: checking for xgettext
configure:13059: result: /bin/xgettext
configure:13069: checking for msgmerge
configure:13087: found /bin/msgmerge
configure:13099: result: /bin/msgmerge
configure:13109: checking for msgfmt
configure:13139: result: /bin/msgfmt
configure:13149: checking for gmsgfmt
configure:13180: result: /bin/msgfmt
configure:13200: checking for perl
configure:13218: found /bin/perl
configure:13230: result: /bin/perl
configure:13241: checking for perl >= 5.8.1
configure:13248: result: 5.18.2
configure:13252: checking for XML::Parser
configure:13255: result: ok
configure:13416: checking pkg-config is at least version 0.9.0
configure:13419: result: yes
configure:13432: checking for GLIB2
configure:13439: $PKG_CONFIG --exists --print-errors "glib-2.0 >= $GLIB2_REQUIRED gthread-2.0 gmodule-export-2.0"
configure:13442: $? = 0
configure:13456: $PKG_CONFIG --exists --print-errors "glib-2.0 >= $GLIB2_REQUIRED gthread-2.0 gmodule-export-2.0"
configure:13459: $? = 0
configure:13517: result: yes
configure:13523: checking for LIBXML2
configure:13530: $PKG_CONFIG --exists --print-errors "libxml-2.0 >= $LIBXML2_REQUIRED"
configure:13533: $? = 0
configure:13547: $PKG_CONFIG --exists --print-errors "libxml-2.0 >= $LIBXML2_REQUIRED"
configure:13550: $? = 0
configure:13608: result: yes
configure:13623: checking for LIBVIRT
configure:13630: $PKG_CONFIG --exists --print-errors "libvirt >= $LIBVIRT_REQUIRED"
configure:13633: $? = 0
configure:13647: $PKG_CONFIG --exists --print-errors "libvirt >= $LIBVIRT_REQUIRED"
configure:13650: $? = 0
configure:13688: result: yes
configure:13716: checking which gtk+ version to compile against
configure:13729: result: 2.0
configure:13769: checking for GTK
configure:13776: $PKG_CONFIG --exists --print-errors "gtk+-$GTK_API_VERSION >= $GTK_REQUIRED"
configure:13779: $? = 0
configure:13793: $PKG_CONFIG --exists --print-errors "gtk+-$GTK_API_VERSION >= $GTK_REQUIRED"
configure:13796: $? = 0
configure:13854: result: yes
configure:13869: checking for GTK_VNC
configure:13876: $PKG_CONFIG --exists --print-errors "gtk-vnc-$GTK_VNC_API_VERSION >= $GTK_VNC_REQUIRED"
configure:13879: $? = 0
configure:13893: $PKG_CONFIG --exists --print-errors "gtk-vnc-$GTK_VNC_API_VERSION >= $GTK_VNC_REQUIRED"
configure:13896: $? = 0
configure:13934: result: yes
configure:13972: checking for SPICE_GTK
configure:13979: $PKG_CONFIG --exists --print-errors "spice-client-gtk-$SPICE_GTK_API_VERSION >= $SPICE_GTK_REQUIRED"
configure:13982: $? = 0
configure:13996: $PKG_CONFIG --exists --print-errors "spice-client-gtk-$SPICE_GTK_API_VERSION >= $SPICE_GTK_REQUIRED"
configure:13999: $? = 0
configure:14037: result: yes
configure:14048: checking for SPICE_CONTROLLER
configure:14055: $PKG_CONFIG --exists --print-errors "spice-controller"
configure:14058: $? = 0
configure:14072: $PKG_CONFIG --exists --print-errors "spice-controller"
configure:14075: $? = 0
configure:14133: result: yes
configure:14139: checking for SPICE_PROTOCOL
configure:14146: $PKG_CONFIG --exists --print-errors "spice-protocol >= $SPICE_PROTOCOL_REQUIRED"
configure:14149: $? = 0
configure:14163: $PKG_CONFIG --exists --print-errors "spice-protocol >= $SPICE_PROTOCOL_REQUIRED"
configure:14166: $? = 0
configure:14224: result: yes
configure:14257: checking for OVIRT
configure:14264: $PKG_CONFIG --exists --print-errors "govirt-1.0 >= $GOVIRT_REQUIRED"
Package govirt-1.0 was not found in the pkg-config search path.
Perhaps you should add the directory containing `govirt-1.0.pc'
to the PKG_CONFIG_PATH environment variable
No package 'govirt-1.0' found
configure:14267: $? = 1
configure:14281: $PKG_CONFIG --exists --print-errors "govirt-1.0 >= $GOVIRT_REQUIRED"
Package govirt-1.0 was not found in the pkg-config search path.
Perhaps you should add the directory containing `govirt-1.0.pc'
to the PKG_CONFIG_PATH environment variable
No package 'govirt-1.0' found
configure:14284: $? = 1
configure:14298: result: no
No package 'govirt-1.0' found
configure:14345: checking sys/socket.h usability
configure:14345: x86_64-w64-mingw32-gcc -c  -O2 -g -pipe -Wall -Wp,-D_FORTIFY_SOURCE=2 -fexceptions --param=ssp-buffer-size=4  conftest.c >&5
conftest.c:66:24: fatal error: sys/socket.h: No such file or directory
 #include <sys/socket.h>
                        ^
compilation terminated.
configure:14345: $? = 1
configure: failed program was:
| /* confdefs.h */
| #define PACKAGE_NAME "virt-viewer"
| #define PACKAGE_TARNAME "virt-viewer"
| #define PACKAGE_VERSION "0.6.0"
| #define PACKAGE_STRING "virt-viewer 0.6.0"
| #define PACKAGE_BUGREPORT ""
| #define PACKAGE_URL ""
| #define PACKAGE "virt-viewer"
| #define VERSION "0.6.0"
| #define STDC_HEADERS 1
| #define HAVE_SYS_TYPES_H 1
| #define HAVE_SYS_STAT_H 1
| #define HAVE_STDLIB_H 1
| #define HAVE_STRING_H 1
| #define HAVE_MEMORY_H 1
| #define HAVE_STRINGS_H 1
| #define HAVE_INTTYPES_H 1
| #define HAVE_STDINT_H 1
| #define HAVE_UNISTD_H 1
| #define HAVE_DLFCN_H 1
| #define LT_OBJDIR ".libs/"
| #define _GNU_SOURCE /**/
| #define GETTEXT_PACKAGE "virt-viewer"
| #define HAVE_LOCALE_H 1
| #define HAVE_BIND_TEXTDOMAIN_CODESET 1
| #define HAVE_GETTEXT 1
| #define HAVE_DCGETTEXT 1
| #define ENABLE_NLS 1
| #define HAVE_LIBVIRT 1
| #define HAVE_GTK_VNC 1
| #define HAVE_SPICE_GTK 1
| /* end confdefs.h.  */
| #include <stdio.h>
| #ifdef HAVE_SYS_TYPES_H
| # include <sys/types.h>
| #endif
| #ifdef HAVE_SYS_STAT_H
| # include <sys/stat.h>
| #endif
| #ifdef STDC_HEADERS
| # include <stdlib.h>
| # include <stddef.h>
| #else
| # ifdef HAVE_STDLIB_H
| #  include <stdlib.h>
| # endif
| #endif
| #ifdef HAVE_STRING_H
| # if !defined STDC_HEADERS && defined HAVE_MEMORY_H
| #  include <memory.h>
| # endif
| # include <string.h>
| #endif
| #ifdef HAVE_STRINGS_H
| # include <strings.h>
| #endif
| #ifdef HAVE_INTTYPES_H
| # include <inttypes.h>
| #endif
| #ifdef HAVE_STDINT_H
| # include <stdint.h>
| #endif
| #ifdef HAVE_UNISTD_H
| # include <unistd.h>
| #endif
| #include <sys/socket.h>
configure:14345: result: no
configure:14345: checking sys/socket.h presence
configure:14345: /usr/bin/x86_64-w64-mingw32-cpp  conftest.c
conftest.c:33:24: fatal error: sys/socket.h: No such file or directory
 #include <sys/socket.h>
                        ^
compilation terminated.
configure:14345: $? = 1
configure: failed program was:
| /* confdefs.h */
| #define PACKAGE_NAME "virt-viewer"
| #define PACKAGE_TARNAME "virt-viewer"
| #define PACKAGE_VERSION "0.6.0"
| #define PACKAGE_STRING "virt-viewer 0.6.0"
| #define PACKAGE_BUGREPORT ""
| #define PACKAGE_URL ""
| #define PACKAGE "virt-viewer"
| #define VERSION "0.6.0"
| #define STDC_HEADERS 1
| #define HAVE_SYS_TYPES_H 1
| #define HAVE_SYS_STAT_H 1
| #define HAVE_STDLIB_H 1
| #define HAVE_STRING_H 1
| #define HAVE_MEMORY_H 1
| #define HAVE_STRINGS_H 1
| #define HAVE_INTTYPES_H 1
| #define HAVE_STDINT_H 1
| #define HAVE_UNISTD_H 1
| #define HAVE_DLFCN_H 1
| #define LT_OBJDIR ".libs/"
| #define _GNU_SOURCE /**/
| #define GETTEXT_PACKAGE "virt-viewer"
| #define HAVE_LOCALE_H 1
| #define HAVE_BIND_TEXTDOMAIN_CODESET 1
| #define HAVE_GETTEXT 1
| #define HAVE_DCGETTEXT 1
| #define ENABLE_NLS 1
| #define HAVE_LIBVIRT 1
| #define HAVE_GTK_VNC 1
| #define HAVE_SPICE_GTK 1
| /* end confdefs.h.  */
| #include <sys/socket.h>
configure:14345: result: no
configure:14345: checking for sys/socket.h
configure:14345: result: no
configure:14345: checking sys/un.h usability
configure:14345: x86_64-w64-mingw32-gcc -c  -O2 -g -pipe -Wall -Wp,-D_FORTIFY_SOURCE=2 -fexceptions --param=ssp-buffer-size=4  conftest.c >&5
conftest.c:66:20: fatal error: sys/un.h: No such file or directory
 #include <sys/un.h>
                    ^
compilation terminated.
configure:14345: $? = 1
configure: failed program was:
| /* confdefs.h */
| #define PACKAGE_NAME "virt-viewer"
| #define PACKAGE_TARNAME "virt-viewer"
| #define PACKAGE_VERSION "0.6.0"
| #define PACKAGE_STRING "virt-viewer 0.6.0"
| #define PACKAGE_BUGREPORT ""
| #define PACKAGE_URL ""
| #define PACKAGE "virt-viewer"
| #define VERSION "0.6.0"
| #define STDC_HEADERS 1
| #define HAVE_SYS_TYPES_H 1
| #define HAVE_SYS_STAT_H 1
| #define HAVE_STDLIB_H 1
| #define HAVE_STRING_H 1
| #define HAVE_MEMORY_H 1
| #define HAVE_STRINGS_H 1
| #define HAVE_INTTYPES_H 1
| #define HAVE_STDINT_H 1
| #define HAVE_UNISTD_H 1
| #define HAVE_DLFCN_H 1
| #define LT_OBJDIR ".libs/"
| #define _GNU_SOURCE /**/
| #define GETTEXT_PACKAGE "virt-viewer"
| #define HAVE_LOCALE_H 1
| #define HAVE_BIND_TEXTDOMAIN_CODESET 1
| #define HAVE_GETTEXT 1
| #define HAVE_DCGETTEXT 1
| #define ENABLE_NLS 1
| #define HAVE_LIBVIRT 1
| #define HAVE_GTK_VNC 1
| #define HAVE_SPICE_GTK 1
| /* end confdefs.h.  */
| #include <stdio.h>
| #ifdef HAVE_SYS_TYPES_H
| # include <sys/types.h>
| #endif
| #ifdef HAVE_SYS_STAT_H
| # include <sys/stat.h>
| #endif
| #ifdef STDC_HEADERS
| # include <stdlib.h>
| # include <stddef.h>
| #else
| # ifdef HAVE_STDLIB_H
| #  include <stdlib.h>
| # endif
| #endif
| #ifdef HAVE_STRING_H
| # if !defined STDC_HEADERS && defined HAVE_MEMORY_H
| #  include <memory.h>
| # endif
| # include <string.h>
| #endif
| #ifdef HAVE_STRINGS_H
| # include <strings.h>
| #endif
| #ifdef HAVE_INTTYPES_H
| # include <inttypes.h>
| #endif
| #ifdef HAVE_STDINT_H
| # include <stdint.h>
| #endif
| #ifdef HAVE_UNISTD_H
| # include <unistd.h>
| #endif
| #include <sys/un.h>
configure:14345: result: no
configure:14345: checking sys/un.h presence
configure:14345: /usr/bin/x86_64-w64-mingw32-cpp  conftest.c
conftest.c:33:20: fatal error: sys/un.h: No such file or directory
 #include <sys/un.h>
                    ^
compilation terminated.
configure:14345: $? = 1
configure: failed program was:
| /* confdefs.h */
| #define PACKAGE_NAME "virt-viewer"
| #define PACKAGE_TARNAME "virt-viewer"
| #define PACKAGE_VERSION "0.6.0"
| #define PACKAGE_STRING "virt-viewer 0.6.0"
| #define PACKAGE_BUGREPORT ""
| #define PACKAGE_URL ""
| #define PACKAGE "virt-viewer"
| #define VERSION "0.6.0"
| #define STDC_HEADERS 1
| #define HAVE_SYS_TYPES_H 1
| #define HAVE_SYS_STAT_H 1
| #define HAVE_STDLIB_H 1
| #define HAVE_STRING_H 1
| #define HAVE_MEMORY_H 1
| #define HAVE_STRINGS_H 1
| #define HAVE_INTTYPES_H 1
| #define HAVE_STDINT_H 1
| #define HAVE_UNISTD_H 1
| #define HAVE_DLFCN_H 1
| #define LT_OBJDIR ".libs/"
| #define _GNU_SOURCE /**/
| #define GETTEXT_PACKAGE "virt-viewer"
| #define HAVE_LOCALE_H 1
| #define HAVE_BIND_TEXTDOMAIN_CODESET 1
| #define HAVE_GETTEXT 1
| #define HAVE_DCGETTEXT 1
| #define ENABLE_NLS 1
| #define HAVE_LIBVIRT 1
| #define HAVE_GTK_VNC 1
| #define HAVE_SPICE_GTK 1
| /* end confdefs.h.  */
| #include <sys/un.h>
configure:14345: result: no
configure:14345: checking for sys/un.h
configure:14345: result: no
configure:14345: checking windows.h usability
configure:14345: x86_64-w64-mingw32-gcc -c  -O2 -g -pipe -Wall -Wp,-D_FORTIFY_SOURCE=2 -fexceptions --param=ssp-buffer-size=4  conftest.c >&5
configure:14345: $? = 0
configure:14345: result: yes
configure:14345: checking windows.h presence
configure:14345: /usr/bin/x86_64-w64-mingw32-cpp  conftest.c
configure:14345: $? = 0
configure:14345: result: yes
configure:14345: checking for windows.h
configure:14345: result: yes
configure:14358: checking for fork
configure:14358: x86_64-w64-mingw32-gcc -o conftest.exe  -O2 -g -pipe -Wall -Wp,-D_FORTIFY_SOURCE=2 -fexceptions --param=ssp-buffer-size=4   conftest.c  >&5
conftest.c:57:6: warning: conflicting types for built-in function 'fork' [enabled by default]
 char fork ();
      ^
/tmp/cc34lse0.o: In function `main':
/root/EzView/virt-viewer-0.6.0-x64/conftest.c:68: undefined reference to `fork'
collect2: error: ld returned 1 exit status
configure:14358: $? = 1
configure: failed program was:
| /* confdefs.h */
| #define PACKAGE_NAME "virt-viewer"
| #define PACKAGE_TARNAME "virt-viewer"
| #define PACKAGE_VERSION "0.6.0"
| #define PACKAGE_STRING "virt-viewer 0.6.0"
| #define PACKAGE_BUGREPORT ""
| #define PACKAGE_URL ""
| #define PACKAGE "virt-viewer"
| #define VERSION "0.6.0"
| #define STDC_HEADERS 1
| #define HAVE_SYS_TYPES_H 1
| #define HAVE_SYS_STAT_H 1
| #define HAVE_STDLIB_H 1
| #define HAVE_STRING_H 1
| #define HAVE_MEMORY_H 1
| #define HAVE_STRINGS_H 1
| #define HAVE_INTTYPES_H 1
| #define HAVE_STDINT_H 1
| #define HAVE_UNISTD_H 1
| #define HAVE_DLFCN_H 1
| #define LT_OBJDIR ".libs/"
| #define _GNU_SOURCE /**/
| #define GETTEXT_PACKAGE "virt-viewer"
| #define HAVE_LOCALE_H 1
| #define HAVE_BIND_TEXTDOMAIN_CODESET 1
| #define HAVE_GETTEXT 1
| #define HAVE_DCGETTEXT 1
| #define ENABLE_NLS 1
| #define HAVE_LIBVIRT 1
| #define HAVE_GTK_VNC 1
| #define HAVE_SPICE_GTK 1
| #define HAVE_WINDOWS_H 1
| /* end confdefs.h.  */
| /* Define fork to an innocuous variant, in case <limits.h> declares fork.
|    For example, HP-UX 11i <limits.h> declares gettimeofday.  */
| #define fork innocuous_fork
| 
| /* System header to define __stub macros and hopefully few prototypes,
|     which can conflict with char fork (); below.
|     Prefer <limits.h> to <assert.h> if __STDC__ is defined, since
|     <limits.h> exists even on freestanding compilers.  */
| 
| #ifdef __STDC__
| # include <limits.h>
| #else
| # include <assert.h>
| #endif
| 
| #undef fork
| 
| /* Override any GCC internal prototype to avoid an error.
|    Use char because int might match the return type of a GCC
|    builtin and then its argument prototype would still apply.  */
| #ifdef __cplusplus
| extern "C"
| #endif
| char fork ();
| /* The GNU C library defines this for functions which it implements
|     to always fail with ENOSYS.  Some functions are actually named
|     something starting with __ and the normal name is an alias.  */
| #if defined __stub_fork || defined __stub___fork
| choke me
| #endif
| 
| int
| main ()
| {
| return fork ();
|   ;
|   return 0;
| }
configure:14358: result: no
configure:14358: checking for socketpair
configure:14358: x86_64-w64-mingw32-gcc -o conftest.exe  -O2 -g -pipe -Wall -Wp,-D_FORTIFY_SOURCE=2 -fexceptions --param=ssp-buffer-size=4   conftest.c  >&5
/tmp/ccDNmeF4.o: In function `main':
/root/EzView/virt-viewer-0.6.0-x64/conftest.c:68: undefined reference to `socketpair'
collect2: error: ld returned 1 exit status
configure:14358: $? = 1
configure: failed program was:
| /* confdefs.h */
| #define PACKAGE_NAME "virt-viewer"
| #define PACKAGE_TARNAME "virt-viewer"
| #define PACKAGE_VERSION "0.6.0"
| #define PACKAGE_STRING "virt-viewer 0.6.0"
| #define PACKAGE_BUGREPORT ""
| #define PACKAGE_URL ""
| #define PACKAGE "virt-viewer"
| #define VERSION "0.6.0"
| #define STDC_HEADERS 1
| #define HAVE_SYS_TYPES_H 1
| #define HAVE_SYS_STAT_H 1
| #define HAVE_STDLIB_H 1
| #define HAVE_STRING_H 1
| #define HAVE_MEMORY_H 1
| #define HAVE_STRINGS_H 1
| #define HAVE_INTTYPES_H 1
| #define HAVE_STDINT_H 1
| #define HAVE_UNISTD_H 1
| #define HAVE_DLFCN_H 1
| #define LT_OBJDIR ".libs/"
| #define _GNU_SOURCE /**/
| #define GETTEXT_PACKAGE "virt-viewer"
| #define HAVE_LOCALE_H 1
| #define HAVE_BIND_TEXTDOMAIN_CODESET 1
| #define HAVE_GETTEXT 1
| #define HAVE_DCGETTEXT 1
| #define ENABLE_NLS 1
| #define HAVE_LIBVIRT 1
| #define HAVE_GTK_VNC 1
| #define HAVE_SPICE_GTK 1
| #define HAVE_WINDOWS_H 1
| /* end confdefs.h.  */
| /* Define socketpair to an innocuous variant, in case <limits.h> declares socketpair.
|    For example, HP-UX 11i <limits.h> declares gettimeofday.  */
| #define socketpair innocuous_socketpair
| 
| /* System header to define __stub macros and hopefully few prototypes,
|     which can conflict with char socketpair (); below.
|     Prefer <limits.h> to <assert.h> if __STDC__ is defined, since
|     <limits.h> exists even on freestanding compilers.  */
| 
| #ifdef __STDC__
| # include <limits.h>
| #else
| # include <assert.h>
| #endif
| 
| #undef socketpair
| 
| /* Override any GCC internal prototype to avoid an error.
|    Use char because int might match the return type of a GCC
|    builtin and then its argument prototype would still apply.  */
| #ifdef __cplusplus
| extern "C"
| #endif
| char socketpair ();
| /* The GNU C library defines this for functions which it implements
|     to always fail with ENOSYS.  Some functions are actually named
|     something starting with __ and the normal name is an alias.  */
| #if defined __stub_socketpair || defined __stub___socketpair
| choke me
| #endif
| 
| int
| main ()
| {
| return socketpair ();
|   ;
|   return 0;
| }
configure:14358: result: no
configure:14403: checking for update-mime-database
configure:14421: found /bin/update-mime-database
configure:14434: result: /bin/update-mime-database
configure:14571: checking that generated files are newer than configure
configure:14577: result: done
configure:14632: creating ./config.status
configure:16933: WARNING: unrecognized options: --without-sasl, --with-audio, --with-coroutine, --disable-smartcard, --without-python, --enable-usbredir, --disable-gtk-doc, --disable-werror
configure:16938: 
configure:16940: Configuration summary
configure:16942: =====================
configure:16944: 
configure:16946:  Features:
configure:16948: 
configure:16950:       Gtk: 2.0
configure:16952: 
configure:16954:  Libraries:
configure:16956: 
configure:16958:        GLIB2: -mms-bitfields -I/usr/x86_64-w64-mingw32/sys-root/mingw/include/glib-2.0 -I/usr/x86_64-w64-mingw32/sys-root/mingw/lib/glib-2.0/include  -L/usr/x86_64-w64-mingw32/sys-root/mingw/lib -lgthread-2.0 -lgmodule-2.0 -lglib-2.0 -lintl 
configure:16960: 
configure:16962:          GTK: -mms-bitfields -I/usr/x86_64-w64-mingw32/sys-root/mingw/include/gtk-2.0 -I/usr/x86_64-w64-mingw32/sys-root/mingw/lib/gtk-2.0/include -I/usr/x86_64-w64-mingw32/sys-root/mingw/include/pango-1.0 -I/usr/x86_64-w64-mingw32/sys-root/mingw/include/harfbuzz -I/usr/x86_64-w64-mingw32/sys-root/mingw/include/pango-1.0 -I/usr/x86_64-w64-mingw32/sys-root/mingw/include/cairo -I/usr/x86_64-w64-mingw32/sys-root/mingw/include/atk-1.0 -I/usr/x86_64-w64-mingw32/sys-root/mingw/include/cairo -I/usr/x86_64-w64-mingw32/sys-root/mingw/include/pixman-1 -I/usr/x86_64-w64-mingw32/sys-root/mingw/include -I/usr/x86_64-w64-mingw32/sys-root/mingw/include/freetype2 -I/usr/x86_64-w64-mingw32/sys-root/mingw/include -I/usr/x86_64-w64-mingw32/sys-root/mingw/include/freetype2 -I/usr/x86_64-w64-mingw32/sys-root/mingw/include -I/usr/x86_64-w64-mingw32/sys-root/mingw/include/libpng16 -I/usr/x86_64-w64-mingw32/sys-root/mingw/include/gdk-pixbuf-2.0 -I/usr/x86_64-w64-mingw32/sys-root/mingw/include/libpng16 -I/usr/x86_64-w64-mingw32/sys-root/mingw/include/glib-2.0 -I/usr/x86_64-w64-mingw32/sys-root/mingw/lib/glib-2.0/include  -L/usr/x86_64-w64-mingw32/sys-root/mingw/lib -lgtk-win32-2.0 -lgdk-win32-2.0 -lgdi32 -limm32 -lshell32 -lole32 -Wl,-luuid -lpangocairo-1.0 -lpangoft2-1.0 -lfontconfig -lfreetype -lpangowin32-1.0 -lgdi32 -lpango-1.0 -lm -latk-1.0 -lcairo -lgdk_pixbuf-2.0 -lgio-2.0 -lgobject-2.0 -lglib-2.0 -lintl 
configure:16964: 
configure:16966:      GTK_VNC: -mms-bitfields -I/usr/x86_64-w64-mingw32/sys-root/mingw/include/gtk-vnc-1.0 -I/usr/x86_64-w64-mingw32/sys-root/mingw/include/gvnc-1.0 -I/usr/x86_64-w64-mingw32/sys-root/mingw/include/gtk-2.0 -I/usr/x86_64-w64-mingw32/sys-root/mingw/lib/gtk-2.0/include -I/usr/x86_64-w64-mingw32/sys-root/mingw/include/pango-1.0 -I/usr/x86_64-w64-mingw32/sys-root/mingw/include/harfbuzz -I/usr/x86_64-w64-mingw32/sys-root/mingw/include/pango-1.0 -I/usr/x86_64-w64-mingw32/sys-root/mingw/include/cairo -I/usr/x86_64-w64-mingw32/sys-root/mingw/include/atk-1.0 -I/usr/x86_64-w64-mingw32/sys-root/mingw/include/cairo -I/usr/x86_64-w64-mingw32/sys-root/mingw/include/pixman-1 -I/usr/x86_64-w64-mingw32/sys-root/mingw/include -I/usr/x86_64-w64-mingw32/sys-root/mingw/include/freetype2 -I/usr/x86_64-w64-mingw32/sys-root/mingw/include -I/usr/x86_64-w64-mingw32/sys-root/mingw/include/freetype2 -I/usr/x86_64-w64-mingw32/sys-root/mingw/include -I/usr/x86_64-w64-mingw32/sys-root/mingw/include/libpng16 -I/usr/x86_64-w64-mingw32/sys-root/mingw/include/gdk-pixbuf-2.0 -I/usr/x86_64-w64-mingw32/sys-root/mingw/include/libpng16 -I/usr/x86_64-w64-mingw32/sys-root/mingw/include/glib-2.0 -I/usr/x86_64-w64-mingw32/sys-root/mingw/lib/glib-2.0/include  -L/usr/x86_64-w64-mingw32/sys-root/mingw/lib -lgtk-vnc-1.0 -lgvnc-1.0 -lgtk-win32-2.0 -lgdk-win32-2.0 -lgdi32 -limm32 -lshell32 -lole32 -Wl,-luuid -lpangocairo-1.0 -lpangoft2-1.0 -lfontconfig -lfreetype -lpangowin32-1.0 -lgdi32 -lpango-1.0 -lm -latk-1.0 -lcairo -lgdk_pixbuf-2.0 -lgio-2.0 -lgobject-2.0 -lglib-2.0 -lintl 
configure:16968: 
configure:16970:    SPICE_GTK: -mms-bitfields -I/usr/x86_64-w64-mingw32/sys-root/mingw/include/spice-client-gtk-2.0 -I/usr/x86_64-w64-mingw32/sys-root/mingw/include/gtk-2.0 -I/usr/x86_64-w64-mingw32/sys-root/mingw/lib/gtk-2.0/include -I/usr/x86_64-w64-mingw32/sys-root/mingw/include/pango-1.0 -I/usr/x86_64-w64-mingw32/sys-root/mingw/include/harfbuzz -I/usr/x86_64-w64-mingw32/sys-root/mingw/include/pango-1.0 -I/usr/x86_64-w64-mingw32/sys-root/mingw/include/cairo -I/usr/x86_64-w64-mingw32/sys-root/mingw/include/atk-1.0 -I/usr/x86_64-w64-mingw32/sys-root/mingw/include/cairo -I/usr/x86_64-w64-mingw32/sys-root/mingw/include -I/usr/x86_64-w64-mingw32/sys-root/mingw/include/freetype2 -I/usr/x86_64-w64-mingw32/sys-root/mingw/include -I/usr/x86_64-w64-mingw32/sys-root/mingw/include/freetype2 -I/usr/x86_64-w64-mingw32/sys-root/mingw/include -I/usr/x86_64-w64-mingw32/sys-root/mingw/include/libpng16 -I/usr/x86_64-w64-mingw32/sys-root/mingw/include/gdk-pixbuf-2.0 -I/usr/x86_64-w64-mingw32/sys-root/mingw/include/libpng16 -I/usr/x86_64-w64-mingw32/sys-root/mingw/include/glib-2.0 -I/usr/x86_64-w64-mingw32/sys-root/mingw/lib/glib-2.0/include -I/usr/x86_64-w64-mingw32/sys-root/mingw/include/spice-client-glib-2.0 -I/usr/x86_64-w64-mingw32/sys-root/mingw/include/pixman-1 -I/usr/x86_64-w64-mingw32/sys-root/mingw/include -I/usr/x86_64-w64-mingw32/sys-root/mingw/include/spice-1  -L/usr/x86_64-w64-mingw32/sys-root/mingw/lib -lspice-client-gtk-2.0 -lgtk-win32-2.0 -lgdk-win32-2.0 -lgdi32 -limm32 -lshell32 -lole32 -Wl,-luuid -lpangocairo-1.0 -lpangoft2-1.0 -lfontconfig -lfreetype -lpangowin32-1.0 -lgdi32 -lpango-1.0 -lm -latk-1.0 -lcairo -lgdk_pixbuf-2.0 -lgio-2.0 -lgobject-2.0 -lglib-2.0 -lintl -lspice-client-glib-2.0 
configure:16972: 
configure:16974:      LIBXML2: -I/usr/x86_64-w64-mingw32/sys-root/mingw/include/libxml2  -L/usr/x86_64-w64-mingw32/sys-root/mingw/lib -lxml2 
configure:16976: 
configure:16978:      LIBVIRT: -I/usr/x86_64-w64-mingw32/sys-root/mingw/include  -L/usr/x86_64-w64-mingw32/sys-root/mingw/lib -lvirt -lportablexdr -lintl 
configure:16980: 
configure:16982:        OVIRT:  
configure:16984: 

## ---------------- ##
## Cache variables. ##
## ---------------- ##

ac_cv_build=x86_64-redhat-linux-gnu
ac_cv_c_compiler_gnu=yes
ac_cv_env_CC_set=set
ac_cv_env_CC_value=x86_64-w64-mingw32-gcc
ac_cv_env_CFLAGS_set=set
ac_cv_env_CFLAGS_value=' -O2 -g -pipe -Wall -Wp,-D_FORTIFY_SOURCE=2 -fexceptions --param=ssp-buffer-size=4'
ac_cv_env_CPPFLAGS_set=set
ac_cv_env_CPPFLAGS_value=
ac_cv_env_CPP_set=set
ac_cv_env_CPP_value=/usr/bin/x86_64-w64-mingw32-cpp
ac_cv_env_GLIB2_CFLAGS_set=
ac_cv_env_GLIB2_CFLAGS_value=
ac_cv_env_GLIB2_LIBS_set=
ac_cv_env_GLIB2_LIBS_value=
ac_cv_env_GTK_CFLAGS_set=
ac_cv_env_GTK_CFLAGS_value=
ac_cv_env_GTK_LIBS_set=
ac_cv_env_GTK_LIBS_value=
ac_cv_env_GTK_VNC_CFLAGS_set=
ac_cv_env_GTK_VNC_CFLAGS_value=
ac_cv_env_GTK_VNC_LIBS_set=
ac_cv_env_GTK_VNC_LIBS_value=
ac_cv_env_LDFLAGS_set=set
ac_cv_env_LDFLAGS_value=
ac_cv_env_LIBS_set=
ac_cv_env_LIBS_value=
ac_cv_env_LIBVIRT_CFLAGS_set=
ac_cv_env_LIBVIRT_CFLAGS_value=
ac_cv_env_LIBVIRT_LIBS_set=
ac_cv_env_LIBVIRT_LIBS_value=
ac_cv_env_LIBXML2_CFLAGS_set=
ac_cv_env_LIBXML2_CFLAGS_value=
ac_cv_env_LIBXML2_LIBS_set=
ac_cv_env_LIBXML2_LIBS_value=
ac_cv_env_OVIRT_CFLAGS_set=
ac_cv_env_OVIRT_CFLAGS_value=
ac_cv_env_OVIRT_LIBS_set=
ac_cv_env_OVIRT_LIBS_value=
ac_cv_env_PKG_CONFIG_LIBDIR_set=
ac_cv_env_PKG_CONFIG_LIBDIR_value=
ac_cv_env_PKG_CONFIG_PATH_set=
ac_cv_env_PKG_CONFIG_PATH_value=
ac_cv_env_PKG_CONFIG_set=set
ac_cv_env_PKG_CONFIG_value=/usr/bin/x86_64-w64-mingw32-pkg-config
ac_cv_env_SPICE_CONTROLLER_CFLAGS_set=
ac_cv_env_SPICE_CONTROLLER_CFLAGS_value=
ac_cv_env_SPICE_CONTROLLER_LIBS_set=
ac_cv_env_SPICE_CONTROLLER_LIBS_value=
ac_cv_env_SPICE_GTK_CFLAGS_set=
ac_cv_env_SPICE_GTK_CFLAGS_value=
ac_cv_env_SPICE_GTK_LIBS_set=
ac_cv_env_SPICE_GTK_LIBS_value=
ac_cv_env_SPICE_PROTOCOL_CFLAGS_set=
ac_cv_env_SPICE_PROTOCOL_CFLAGS_value=
ac_cv_env_SPICE_PROTOCOL_LIBS_set=
ac_cv_env_SPICE_PROTOCOL_LIBS_value=
ac_cv_env_build_alias_set=set
ac_cv_env_build_alias_value=x86_64-redhat-linux-gnu
ac_cv_env_host_alias_set=set
ac_cv_env_host_alias_value=x86_64-w64-mingw32
ac_cv_env_target_alias_set=set
ac_cv_env_target_alias_value=x86_64-w64-mingw32
ac_cv_exeext=.exe
ac_cv_func_bind_textdomain_codeset=yes
ac_cv_func_dcgettext=yes
ac_cv_func_fork=no
ac_cv_func_socketpair=no
ac_cv_header_dlfcn_h=yes
ac_cv_header_inttypes_h=yes
ac_cv_header_libintl_h=yes
ac_cv_header_locale_h=yes
ac_cv_header_memory_h=yes
ac_cv_header_stdc=yes
ac_cv_header_stdint_h=yes
ac_cv_header_stdlib_h=yes
ac_cv_header_string_h=yes
ac_cv_header_strings_h=yes
ac_cv_header_sys_socket_h=no
ac_cv_header_sys_stat_h=yes
ac_cv_header_sys_types_h=yes
ac_cv_header_sys_un_h=no
ac_cv_header_unistd_h=yes
ac_cv_header_windows_h=yes
ac_cv_host=x86_64-w64-mingw32
ac_cv_lib_intl_bindtextdomain=yes
ac_cv_lib_intl_dgettext=yes
ac_cv_lib_intl_ngettext=yes
ac_cv_objext=o
ac_cv_path_EGREP='/bin/grep -E'
ac_cv_path_FGREP='/bin/grep -F'
ac_cv_path_GMSGFMT=/bin/msgfmt
ac_cv_path_GREP=/bin/grep
ac_cv_path_INTLTOOL_EXTRACT=/bin/intltool-extract
ac_cv_path_INTLTOOL_MERGE=/bin/intltool-merge
ac_cv_path_INTLTOOL_PERL=/bin/perl
ac_cv_path_INTLTOOL_UPDATE=/bin/intltool-update
ac_cv_path_MSGFMT=/bin/msgfmt
ac_cv_path_MSGMERGE=/bin/msgmerge
ac_cv_path_SED=/bin/sed
ac_cv_path_UPDATE_MIME_DATABASE=/bin/update-mime-database
ac_cv_path_XGETTEXT=/bin/xgettext
ac_cv_path_install='/bin/install -c'
ac_cv_path_mkdir=/bin/mkdir
ac_cv_prog_AR=/usr/bin/x86_64-w64-mingw32-ar
ac_cv_prog_AWK=gawk
ac_cv_prog_CC=x86_64-w64-mingw32-gcc
ac_cv_prog_CPP=/usr/bin/x86_64-w64-mingw32-cpp
ac_cv_prog_DLLTOOL=/usr/bin/x86_64-w64-mingw32-dlltool
ac_cv_prog_ICOTOOL=icotool
ac_cv_prog_OBJDUMP=/usr/bin/x86_64-w64-mingw32-objdump
ac_cv_prog_RANLIB=/usr/bin/x86_64-w64-mingw32-ranlib
ac_cv_prog_STRIP=/usr/bin/x86_64-w64-mingw32-strip
ac_cv_prog_WINDRES=/usr/bin/x86_64-w64-mingw32-windres
ac_cv_prog_cc_c89=
ac_cv_prog_cc_g=yes
ac_cv_prog_cc_x86_64_w64_mingw32_gcc_c_o=yes
ac_cv_prog_make_make_set=yes
am_cv_CC_dependencies_compiler_type=gcc3
am_cv_make_support_nested_variables=yes
am_cv_val_LC_MESSAGES=no
gt_cv_func_dgettext_libc=no
gt_cv_func_dgettext_libintl=yes
gt_cv_func_ngettext_libc=no
gt_cv_have_gettext=yes
lt_cv_ar_at_file=@
lt_cv_archive_cmds_need_lc=yes
lt_cv_deplibs_check_method='file_magic ^x86 archive import|^x86 DLL'
lt_cv_file_magic_cmd=func_win32_libid
lt_cv_file_magic_test_file=
lt_cv_ld_reload_flag=-r
lt_cv_nm_interface='BSD nm'
lt_cv_objdir=.libs
lt_cv_path_LD=/usr/bin/x86_64-w64-mingw32-ld
lt_cv_path_NM=/usr/bin/x86_64-w64-mingw32-nm
lt_cv_path_mainfest_tool=no
lt_cv_prog_compiler_c_o=yes
lt_cv_prog_compiler_pic='-DDLL_EXPORT -DPIC'
lt_cv_prog_compiler_pic_works=yes
lt_cv_prog_compiler_rtti_exceptions=no
lt_cv_prog_compiler_static_works=yes
lt_cv_prog_gnu_ld=yes
lt_cv_sharedlib_from_linklib_cmd=func_cygming_dll_for_implib
lt_cv_sys_global_symbol_pipe='sed -n -e '\''s/^.*[	 ]\([ABCDGIRSTW][ABCDGIRSTW]*\)[	 ][	 ]*\([_A-Za-z][_A-Za-z0-9]*\)$/\1 \2 \2/p'\'' | sed '\''/ __gnu_lto/d'\'''
lt_cv_sys_global_symbol_to_c_name_address='sed -n -e '\''s/^: \([^ ]*\)[ ]*$/  {\"\1\", (void *) 0},/p'\'' -e '\''s/^[ABCDGIRSTW]* \([^ ]*\) \([^ ]*\)$/  {"\2", (void *) \&\2},/p'\'''
lt_cv_sys_global_symbol_to_c_name_address_lib_prefix='sed -n -e '\''s/^: \([^ ]*\)[ ]*$/  {\"\1\", (void *) 0},/p'\'' -e '\''s/^[ABCDGIRSTW]* \([^ ]*\) \(lib[^ ]*\)$/  {"\2", (void *) \&\2},/p'\'' -e '\''s/^[ABCDGIRSTW]* \([^ ]*\) \([^ ]*\)$/  {"lib\2", (void *) \&\2},/p'\'''
lt_cv_sys_global_symbol_to_cdecl='sed -n -e '\''s/^T .* \(.*\)$/extern int \1();/p'\'' -e '\''s/^[ABCDGIRSTW]* .* \(.*\)$/extern char \1;/p'\'''
lt_cv_sys_max_cmd_len=1572864
lt_cv_to_host_file_cmd=func_convert_file_nix_to_w32
lt_cv_to_tool_file_cmd=func_convert_file_noop
pkg_cv_GLIB2_CFLAGS='-mms-bitfields -I/usr/x86_64-w64-mingw32/sys-root/mingw/include/glib-2.0 -I/usr/x86_64-w64-mingw32/sys-root/mingw/lib/glib-2.0/include '
pkg_cv_GLIB2_LIBS='-L/usr/x86_64-w64-mingw32/sys-root/mingw/lib -lgthread-2.0 -lgmodule-2.0 -lglib-2.0 -lintl '
pkg_cv_GTK_CFLAGS='-mms-bitfields -I/usr/x86_64-w64-mingw32/sys-root/mingw/include/gtk-2.0 -I/usr/x86_64-w64-mingw32/sys-root/mingw/lib/gtk-2.0/include -I/usr/x86_64-w64-mingw32/sys-root/mingw/include/pango-1.0 -I/usr/x86_64-w64-mingw32/sys-root/mingw/include/harfbuzz -I/usr/x86_64-w64-mingw32/sys-root/mingw/include/pango-1.0 -I/usr/x86_64-w64-mingw32/sys-root/mingw/include/cairo -I/usr/x86_64-w64-mingw32/sys-root/mingw/include/atk-1.0 -I/usr/x86_64-w64-mingw32/sys-root/mingw/include/cairo -I/usr/x86_64-w64-mingw32/sys-root/mingw/include/pixman-1 -I/usr/x86_64-w64-mingw32/sys-root/mingw/include -I/usr/x86_64-w64-mingw32/sys-root/mingw/include/freetype2 -I/usr/x86_64-w64-mingw32/sys-root/mingw/include -I/usr/x86_64-w64-mingw32/sys-root/mingw/include/freetype2 -I/usr/x86_64-w64-mingw32/sys-root/mingw/include -I/usr/x86_64-w64-mingw32/sys-root/mingw/include/libpng16 -I/usr/x86_64-w64-mingw32/sys-root/mingw/include/gdk-pixbuf-2.0 -I/usr/x86_64-w64-mingw32/sys-root/mingw/include/libpng16 -I/usr/x86_64-w64-mingw32/sys-root/mingw/include/glib-2.0 -I/usr/x86_64-w64-mingw32/sys-root/mingw/lib/glib-2.0/include '
pkg_cv_GTK_LIBS='-L/usr/x86_64-w64-mingw32/sys-root/mingw/lib -lgtk-win32-2.0 -lgdk-win32-2.0 -lgdi32 -limm32 -lshell32 -lole32 -Wl,-luuid -lpangocairo-1.0 -lpangoft2-1.0 -lfontconfig -lfreetype -lpangowin32-1.0 -lgdi32 -lpango-1.0 -lm -latk-1.0 -lcairo -lgdk_pixbuf-2.0 -lgio-2.0 -lgobject-2.0 -lglib-2.0 -lintl '
pkg_cv_GTK_VNC_CFLAGS='-mms-bitfields -I/usr/x86_64-w64-mingw32/sys-root/mingw/include/gtk-vnc-1.0 -I/usr/x86_64-w64-mingw32/sys-root/mingw/include/gvnc-1.0 -I/usr/x86_64-w64-mingw32/sys-root/mingw/include/gtk-2.0 -I/usr/x86_64-w64-mingw32/sys-root/mingw/lib/gtk-2.0/include -I/usr/x86_64-w64-mingw32/sys-root/mingw/include/pango-1.0 -I/usr/x86_64-w64-mingw32/sys-root/mingw/include/harfbuzz -I/usr/x86_64-w64-mingw32/sys-root/mingw/include/pango-1.0 -I/usr/x86_64-w64-mingw32/sys-root/mingw/include/cairo -I/usr/x86_64-w64-mingw32/sys-root/mingw/include/atk-1.0 -I/usr/x86_64-w64-mingw32/sys-root/mingw/include/cairo -I/usr/x86_64-w64-mingw32/sys-root/mingw/include/pixman-1 -I/usr/x86_64-w64-mingw32/sys-root/mingw/include -I/usr/x86_64-w64-mingw32/sys-root/mingw/include/freetype2 -I/usr/x86_64-w64-mingw32/sys-root/mingw/include -I/usr/x86_64-w64-mingw32/sys-root/mingw/include/freetype2 -I/usr/x86_64-w64-mingw32/sys-root/mingw/include -I/usr/x86_64-w64-mingw32/sys-root/mingw/include/libpng16 -I/usr/x86_64-w64-mingw32/sys-root/mingw/include/gdk-pixbuf-2.0 -I/usr/x86_64-w64-mingw32/sys-root/mingw/include/libpng16 -I/usr/x86_64-w64-mingw32/sys-root/mingw/include/glib-2.0 -I/usr/x86_64-w64-mingw32/sys-root/mingw/lib/glib-2.0/include '
pkg_cv_GTK_VNC_LIBS='-L/usr/x86_64-w64-mingw32/sys-root/mingw/lib -lgtk-vnc-1.0 -lgvnc-1.0 -lgtk-win32-2.0 -lgdk-win32-2.0 -lgdi32 -limm32 -lshell32 -lole32 -Wl,-luuid -lpangocairo-1.0 -lpangoft2-1.0 -lfontconfig -lfreetype -lpangowin32-1.0 -lgdi32 -lpango-1.0 -lm -latk-1.0 -lcairo -lgdk_pixbuf-2.0 -lgio-2.0 -lgobject-2.0 -lglib-2.0 -lintl '
pkg_cv_LIBVIRT_CFLAGS='-I/usr/x86_64-w64-mingw32/sys-root/mingw/include '
pkg_cv_LIBVIRT_LIBS='-L/usr/x86_64-w64-mingw32/sys-root/mingw/lib -lvirt -lportablexdr -lintl '
pkg_cv_LIBXML2_CFLAGS='-I/usr/x86_64-w64-mingw32/sys-root/mingw/include/libxml2 '
pkg_cv_LIBXML2_LIBS='-L/usr/x86_64-w64-mingw32/sys-root/mingw/lib -lxml2 '
pkg_cv_SPICE_CONTROLLER_CFLAGS='-mms-bitfields -I/usr/x86_64-w64-mingw32/sys-root/mingw/include/spice-controller -I/usr/x86_64-w64-mingw32/sys-root/mingw/include/glib-2.0 -I/usr/x86_64-w64-mingw32/sys-root/mingw/lib/glib-2.0/include '
pkg_cv_SPICE_CONTROLLER_LIBS='-L/usr/x86_64-w64-mingw32/sys-root/mingw/lib -lspice-controller -lglib-2.0 -lintl '
pkg_cv_SPICE_GTK_CFLAGS='-mms-bitfields -I/usr/x86_64-w64-mingw32/sys-root/mingw/include/spice-client-gtk-2.0 -I/usr/x86_64-w64-mingw32/sys-root/mingw/include/gtk-2.0 -I/usr/x86_64-w64-mingw32/sys-root/mingw/lib/gtk-2.0/include -I/usr/x86_64-w64-mingw32/sys-root/mingw/include/pango-1.0 -I/usr/x86_64-w64-mingw32/sys-root/mingw/include/harfbuzz -I/usr/x86_64-w64-mingw32/sys-root/mingw/include/pango-1.0 -I/usr/x86_64-w64-mingw32/sys-root/mingw/include/cairo -I/usr/x86_64-w64-mingw32/sys-root/mingw/include/atk-1.0 -I/usr/x86_64-w64-mingw32/sys-root/mingw/include/cairo -I/usr/x86_64-w64-mingw32/sys-root/mingw/include -I/usr/x86_64-w64-mingw32/sys-root/mingw/include/freetype2 -I/usr/x86_64-w64-mingw32/sys-root/mingw/include -I/usr/x86_64-w64-mingw32/sys-root/mingw/include/freetype2 -I/usr/x86_64-w64-mingw32/sys-root/mingw/include -I/usr/x86_64-w64-mingw32/sys-root/mingw/include/libpng16 -I/usr/x86_64-w64-mingw32/sys-root/mingw/include/gdk-pixbuf-2.0 -I/usr/x86_64-w64-mingw32/sys-root/mingw/include/libpng16 -I/usr/x86_64-w64-mingw32/sys-root/mingw/include/glib-2.0 -I/usr/x86_64-w64-mingw32/sys-root/mingw/lib/glib-2.0/include -I/usr/x86_64-w64-mingw32/sys-root/mingw/include/spice-client-glib-2.0 -I/usr/x86_64-w64-mingw32/sys-root/mingw/include/pixman-1 -I/usr/x86_64-w64-mingw32/sys-root/mingw/include -I/usr/x86_64-w64-mingw32/sys-root/mingw/include/spice-1 '
pkg_cv_SPICE_GTK_LIBS='-L/usr/x86_64-w64-mingw32/sys-root/mingw/lib -lspice-client-gtk-2.0 -lgtk-win32-2.0 -lgdk-win32-2.0 -lgdi32 -limm32 -lshell32 -lole32 -Wl,-luuid -lpangocairo-1.0 -lpangoft2-1.0 -lfontconfig -lfreetype -lpangowin32-1.0 -lgdi32 -lpango-1.0 -lm -latk-1.0 -lcairo -lgdk_pixbuf-2.0 -lgio-2.0 -lgobject-2.0 -lglib-2.0 -lintl -lspice-client-glib-2.0 '
pkg_cv_SPICE_PROTOCOL_CFLAGS='-I/usr/x86_64-w64-mingw32/sys-root/mingw/include/spice-1 '
pkg_cv_SPICE_PROTOCOL_LIBS=

## ----------------- ##
## Output variables. ##
## ----------------- ##

ACLOCAL='${SHELL} /root/EzView/virt-viewer-0.6.0-x64/build-aux/missing aclocal-1.13'
ALL_LINGUAS=''
AMDEPBACKSLASH='\'
AMDEP_FALSE='#'
AMDEP_TRUE=''
AMTAR='$${TAR-tar}'
AM_BACKSLASH='\'
AM_DEFAULT_V='$(AM_DEFAULT_VERBOSITY)'
AM_DEFAULT_VERBOSITY='0'
AM_V='$(V)'
AR='/usr/bin/x86_64-w64-mingw32-ar'
AUTOCONF='${SHELL} /root/EzView/virt-viewer-0.6.0-x64/build-aux/missing autoconf'
AUTOHEADER='${SHELL} /root/EzView/virt-viewer-0.6.0-x64/build-aux/missing autoheader'
AUTOMAKE='${SHELL} /root/EzView/virt-viewer-0.6.0-x64/build-aux/missing automake-1.13'
AWK='gawk'
BUILDID=''
CATALOGS=''
CATOBJEXT='.gmo'
CC='x86_64-w64-mingw32-gcc'
CCDEPMODE='depmode=gcc3'
CFLAGS=' -O2 -g -pipe -Wall -Wp,-D_FORTIFY_SOURCE=2 -fexceptions --param=ssp-buffer-size=4'
CPP='/usr/bin/x86_64-w64-mingw32-cpp'
CPPFLAGS=''
CYGPATH_W='echo'
DATADIRNAME='share'
DEFS='-DHAVE_CONFIG_H'
DEPDIR='.deps'
DLLTOOL='/usr/bin/x86_64-w64-mingw32-dlltool'
DSYMUTIL=''
DUMPBIN=''
ECHO_C=''
ECHO_N='-n'
ECHO_T=''
EGREP='/bin/grep -E'
ENABLE_UPDATE_MIMEDB_FALSE='#'
ENABLE_UPDATE_MIMEDB_TRUE=''
EXEEXT='.exe'
FGREP='/bin/grep -F'
GETTEXT_PACKAGE='virt-viewer'
GLIB2_CFLAGS='-mms-bitfields -I/usr/x86_64-w64-mingw32/sys-root/mingw/include/glib-2.0 -I/usr/x86_64-w64-mingw32/sys-root/mingw/lib/glib-2.0/include '
GLIB2_LIBS='-L/usr/x86_64-w64-mingw32/sys-root/mingw/lib -lgthread-2.0 -lgmodule-2.0 -lglib-2.0 -lintl '
GLIB2_REQUIRED='2.22.0'
GLIB_MKENUMS='glib-mkenums'
GMOFILES=''
GMSGFMT='/bin/msgfmt'
GOVIRT_REQUIRED='0.3.0'
GREP='/bin/grep'
GTK2_REQUIRED='2.18.0'
GTK3_REQUIRED='3.0'
GTK_API_VERSION='2.0'
GTK_CFLAGS='-mms-bitfields -I/usr/x86_64-w64-mingw32/sys-root/mingw/include/gtk-2.0 -I/usr/x86_64-w64-mingw32/sys-root/mingw/lib/gtk-2.0/include -I/usr/x86_64-w64-mingw32/sys-root/mingw/include/pango-1.0 -I/usr/x86_64-w64-mingw32/sys-root/mingw/include/harfbuzz -I/usr/x86_64-w64-mingw32/sys-root/mingw/include/pango-1.0 -I/usr/x86_64-w64-mingw32/sys-root/mingw/include/cairo -I/usr/x86_64-w64-mingw32/sys-root/mingw/include/atk-1.0 -I/usr/x86_64-w64-mingw32/sys-root/mingw/include/cairo -I/usr/x86_64-w64-mingw32/sys-root/mingw/include/pixman-1 -I/usr/x86_64-w64-mingw32/sys-root/mingw/include -I/usr/x86_64-w64-mingw32/sys-root/mingw/include/freetype2 -I/usr/x86_64-w64-mingw32/sys-root/mingw/include -I/usr/x86_64-w64-mingw32/sys-root/mingw/include/freetype2 -I/usr/x86_64-w64-mingw32/sys-root/mingw/include -I/usr/x86_64-w64-mingw32/sys-root/mingw/include/libpng16 -I/usr/x86_64-w64-mingw32/sys-root/mingw/include/gdk-pixbuf-2.0 -I/usr/x86_64-w64-mingw32/sys-root/mingw/include/libpng16 -I/usr/x86_64-w64-mingw32/sys-root/mingw/include/glib-2.0 -I/usr/x86_64-w64-mingw32/sys-root/mingw/lib/glib-2.0/include '
GTK_LIBS='-L/usr/x86_64-w64-mingw32/sys-root/mingw/lib -lgtk-win32-2.0 -lgdk-win32-2.0 -lgdi32 -limm32 -lshell32 -lole32 -Wl,-luuid -lpangocairo-1.0 -lpangoft2-1.0 -lfontconfig -lfreetype -lpangowin32-1.0 -lgdi32 -lpango-1.0 -lm -latk-1.0 -lcairo -lgdk_pixbuf-2.0 -lgio-2.0 -lgobject-2.0 -lglib-2.0 -lintl '
GTK_REQUIRED='2.18.0'
GTK_VNC1_REQUIRED='0.3.8'
GTK_VNC2_REQUIRED='0.4.0'
GTK_VNC_API_VERSION='1.0'
GTK_VNC_CFLAGS='-mms-bitfields -I/usr/x86_64-w64-mingw32/sys-root/mingw/include/gtk-vnc-1.0 -I/usr/x86_64-w64-mingw32/sys-root/mingw/include/gvnc-1.0 -I/usr/x86_64-w64-mingw32/sys-root/mingw/include/gtk-2.0 -I/usr/x86_64-w64-mingw32/sys-root/mingw/lib/gtk-2.0/include -I/usr/x86_64-w64-mingw32/sys-root/mingw/include/pango-1.0 -I/usr/x86_64-w64-mingw32/sys-root/mingw/include/harfbuzz -I/usr/x86_64-w64-mingw32/sys-root/mingw/include/pango-1.0 -I/usr/x86_64-w64-mingw32/sys-root/mingw/include/cairo -I/usr/x86_64-w64-mingw32/sys-root/mingw/include/atk-1.0 -I/usr/x86_64-w64-mingw32/sys-root/mingw/include/cairo -I/usr/x86_64-w64-mingw32/sys-root/mingw/include/pixman-1 -I/usr/x86_64-w64-mingw32/sys-root/mingw/include -I/usr/x86_64-w64-mingw32/sys-root/mingw/include/freetype2 -I/usr/x86_64-w64-mingw32/sys-root/mingw/include -I/usr/x86_64-w64-mingw32/sys-root/mingw/include/freetype2 -I/usr/x86_64-w64-mingw32/sys-root/mingw/include -I/usr/x86_64-w64-mingw32/sys-root/mingw/include/libpng16 -I/usr/x86_64-w64-mingw32/sys-root/mingw/include/gdk-pixbuf-2.0 -I/usr/x86_64-w64-mingw32/sys-root/mingw/include/libpng16 -I/usr/x86_64-w64-mingw32/sys-root/mingw/include/glib-2.0 -I/usr/x86_64-w64-mingw32/sys-root/mingw/lib/glib-2.0/include '
GTK_VNC_LIBS='-L/usr/x86_64-w64-mingw32/sys-root/mingw/lib -lgtk-vnc-1.0 -lgvnc-1.0 -lgtk-win32-2.0 -lgdk-win32-2.0 -lgdi32 -limm32 -lshell32 -lole32 -Wl,-luuid -lpangocairo-1.0 -lpangoft2-1.0 -lfontconfig -lfreetype -lpangowin32-1.0 -lgdi32 -lpango-1.0 -lm -latk-1.0 -lcairo -lgdk_pixbuf-2.0 -lgio-2.0 -lgobject-2.0 -lglib-2.0 -lintl '
HAVE_GTK_2_FALSE='#'
HAVE_GTK_2_TRUE=''
HAVE_GTK_3_FALSE=''
HAVE_GTK_3_TRUE='#'
HAVE_GTK_VNC_FALSE='#'
HAVE_GTK_VNC_TRUE=''
HAVE_LIBVIRT_FALSE='#'
HAVE_LIBVIRT_TRUE=''
HAVE_SPICE_GTK_FALSE='#'
HAVE_SPICE_GTK_TRUE=''
ICOTOOL='icotool'
INSTALL_DATA='${INSTALL} -m 644'
INSTALL_PROGRAM='${INSTALL}'
INSTALL_SCRIPT='${INSTALL}'
INSTALL_STRIP_PROGRAM='$(install_sh) -c -s'
INSTOBJEXT='.mo'
INTLLIBS='-lintl '
INTLTOOL_CAVES_RULE='%.caves:     %.caves.in     $(INTLTOOL_MERGE) $(wildcard $(top_srcdir)/po/*.po) ; $(INTLTOOL_V_MERGE)LC_ALL=C $(INTLTOOL_MERGE) $(INTLTOOL_V_MERGE_OPTIONS) -d -u -c $(top_builddir)/po/.intltool-merge-cache $(top_srcdir)/po $< $@'
INTLTOOL_DESKTOP_RULE='%.desktop:   %.desktop.in   $(INTLTOOL_MERGE) $(wildcard $(top_srcdir)/po/*.po) ; $(INTLTOOL_V_MERGE)LC_ALL=C $(INTLTOOL_MERGE) $(INTLTOOL_V_MERGE_OPTIONS) -d -u -c $(top_builddir)/po/.intltool-merge-cache $(top_srcdir)/po $< $@'
INTLTOOL_DIRECTORY_RULE='%.directory: %.directory.in $(INTLTOOL_MERGE) $(wildcard $(top_srcdir)/po/*.po) ; $(INTLTOOL_V_MERGE)LC_ALL=C $(INTLTOOL_MERGE) $(INTLTOOL_V_MERGE_OPTIONS) -d -u -c $(top_builddir)/po/.intltool-merge-cache $(top_srcdir)/po $< $@'
INTLTOOL_EXTRACT='/bin/intltool-extract'
INTLTOOL_KBD_RULE='%.kbd:       %.kbd.in       $(INTLTOOL_MERGE) $(wildcard $(top_srcdir)/po/*.po) ; $(INTLTOOL_V_MERGE)LC_ALL=C $(INTLTOOL_MERGE) $(INTLTOOL_V_MERGE_OPTIONS) -x -u -m -c $(top_builddir)/po/.intltool-merge-cache $(top_srcdir)/po $< $@'
INTLTOOL_KEYS_RULE='%.keys:      %.keys.in      $(INTLTOOL_MERGE) $(wildcard $(top_srcdir)/po/*.po) ; $(INTLTOOL_V_MERGE)LC_ALL=C $(INTLTOOL_MERGE) $(INTLTOOL_V_MERGE_OPTIONS) -k -u -c $(top_builddir)/po/.intltool-merge-cache $(top_srcdir)/po $< $@'
INTLTOOL_MERGE='/bin/intltool-merge'
INTLTOOL_OAF_RULE='%.oaf:       %.oaf.in       $(INTLTOOL_MERGE) $(wildcard $(top_srcdir)/po/*.po) ; $(INTLTOOL_V_MERGE)LC_ALL=C $(INTLTOOL_MERGE) $(INTLTOOL_V_MERGE_OPTIONS) -o -p $(top_srcdir)/po $< $@'
INTLTOOL_PERL='/bin/perl'
INTLTOOL_POLICY_RULE='%.policy:    %.policy.in    $(INTLTOOL_MERGE) $(wildcard $(top_srcdir)/po/*.po) ; $(INTLTOOL_V_MERGE)LC_ALL=C $(INTLTOOL_MERGE) $(INTLTOOL_V_MERGE_OPTIONS) -x -u -c $(top_builddir)/po/.intltool-merge-cache $(top_srcdir)/po $< $@'
INTLTOOL_PONG_RULE='%.pong:      %.pong.in      $(INTLTOOL_MERGE) $(wildcard $(top_srcdir)/po/*.po) ; $(INTLTOOL_V_MERGE)LC_ALL=C $(INTLTOOL_MERGE) $(INTLTOOL_V_MERGE_OPTIONS) -x -u -c $(top_builddir)/po/.intltool-merge-cache $(top_srcdir)/po $< $@'
INTLTOOL_PROP_RULE='%.prop:      %.prop.in      $(INTLTOOL_MERGE) $(wildcard $(top_srcdir)/po/*.po) ; $(INTLTOOL_V_MERGE)LC_ALL=C $(INTLTOOL_MERGE) $(INTLTOOL_V_MERGE_OPTIONS) -d -u -c $(top_builddir)/po/.intltool-merge-cache $(top_srcdir)/po $< $@'
INTLTOOL_SCHEMAS_RULE='%.schemas:   %.schemas.in   $(INTLTOOL_MERGE) $(wildcard $(top_srcdir)/po/*.po) ; $(INTLTOOL_V_MERGE)LC_ALL=C $(INTLTOOL_MERGE) $(INTLTOOL_V_MERGE_OPTIONS) -s -u -c $(top_builddir)/po/.intltool-merge-cache $(top_srcdir)/po $< $@'
INTLTOOL_SERVER_RULE='%.server:    %.server.in    $(INTLTOOL_MERGE) $(wildcard $(top_srcdir)/po/*.po) ; $(INTLTOOL_V_MERGE)LC_ALL=C $(INTLTOOL_MERGE) $(INTLTOOL_V_MERGE_OPTIONS) -o -u -c $(top_builddir)/po/.intltool-merge-cache $(top_srcdir)/po $< $@'
INTLTOOL_SERVICE_RULE='%.service: %.service.in   $(INTLTOOL_MERGE) $(wildcard $(top_srcdir)/po/*.po) ; $(INTLTOOL_V_MERGE)LC_ALL=C $(INTLTOOL_MERGE) $(INTLTOOL_V_MERGE_OPTIONS) -d -u -c $(top_builddir)/po/.intltool-merge-cache $(top_srcdir)/po $< $@'
INTLTOOL_SHEET_RULE='%.sheet:     %.sheet.in     $(INTLTOOL_MERGE) $(wildcard $(top_srcdir)/po/*.po) ; $(INTLTOOL_V_MERGE)LC_ALL=C $(INTLTOOL_MERGE) $(INTLTOOL_V_MERGE_OPTIONS) -x -u -c $(top_builddir)/po/.intltool-merge-cache $(top_srcdir)/po $< $@'
INTLTOOL_SOUNDLIST_RULE='%.soundlist: %.soundlist.in $(INTLTOOL_MERGE) $(wildcard $(top_srcdir)/po/*.po) ; $(INTLTOOL_V_MERGE)LC_ALL=C $(INTLTOOL_MERGE) $(INTLTOOL_V_MERGE_OPTIONS) -d -u -c $(top_builddir)/po/.intltool-merge-cache $(top_srcdir)/po $< $@'
INTLTOOL_THEME_RULE='%.theme:     %.theme.in     $(INTLTOOL_MERGE) $(wildcard $(top_srcdir)/po/*.po) ; $(INTLTOOL_V_MERGE)LC_ALL=C $(INTLTOOL_MERGE) $(INTLTOOL_V_MERGE_OPTIONS) -d -u -c $(top_builddir)/po/.intltool-merge-cache $(top_srcdir)/po $< $@'
INTLTOOL_UI_RULE='%.ui:        %.ui.in        $(INTLTOOL_MERGE) $(wildcard $(top_srcdir)/po/*.po) ; $(INTLTOOL_V_MERGE)LC_ALL=C $(INTLTOOL_MERGE) $(INTLTOOL_V_MERGE_OPTIONS) -x -u -c $(top_builddir)/po/.intltool-merge-cache $(top_srcdir)/po $< $@'
INTLTOOL_UPDATE='/bin/intltool-update'
INTLTOOL_V_MERGE='$(INTLTOOL__v_MERGE_$(V))'
INTLTOOL_V_MERGE_OPTIONS='$(intltool__v_merge_options_$(V))'
INTLTOOL_XAM_RULE='%.xam:       %.xml.in       $(INTLTOOL_MERGE) $(wildcard $(top_srcdir)/po/*.po) ; $(INTLTOOL_V_MERGE)LC_ALL=C $(INTLTOOL_MERGE) $(INTLTOOL_V_MERGE_OPTIONS) -x -u -c $(top_builddir)/po/.intltool-merge-cache $(top_srcdir)/po $< $@'
INTLTOOL_XML_NOMERGE_RULE='%.xml:       %.xml.in       $(INTLTOOL_MERGE) ; $(INTLTOOL_V_MERGE)LC_ALL=C $(INTLTOOL_MERGE) $(INTLTOOL_V_MERGE_OPTIONS) -x -u --no-translations $< $@'
INTLTOOL_XML_RULE='%.xml:       %.xml.in       $(INTLTOOL_MERGE) $(wildcard $(top_srcdir)/po/*.po) ; $(INTLTOOL_V_MERGE)LC_ALL=C $(INTLTOOL_MERGE) $(INTLTOOL_V_MERGE_OPTIONS) -x -u -c $(top_builddir)/po/.intltool-merge-cache $(top_srcdir)/po $< $@'
INTLTOOL__v_MERGE_0='@echo "  ITMRG " $@;'
INTLTOOL__v_MERGE_='$(INTLTOOL__v_MERGE_$(AM_DEFAULT_VERBOSITY))'
LD='/usr/bin/x86_64-w64-mingw32-ld'
LDFLAGS=''
LIBOBJS=''
LIBS=''
LIBTOOL='$(SHELL) $(top_builddir)/libtool'
LIBVIRT_CFLAGS='-I/usr/x86_64-w64-mingw32/sys-root/mingw/include '
LIBVIRT_LIBS='-L/usr/x86_64-w64-mingw32/sys-root/mingw/lib -lvirt -lportablexdr -lintl '
LIBVIRT_REQUIRED='0.10.0'
LIBXML2_CFLAGS='-I/usr/x86_64-w64-mingw32/sys-root/mingw/include/libxml2 '
LIBXML2_LIBS='-L/usr/x86_64-w64-mingw32/sys-root/mingw/lib -lxml2 '
LIBXML2_REQUIRED='2.6.0'
LIPO=''
LN_S='ln -s'
LTLIBOBJS=''
MAKEINFO='${SHELL} /root/EzView/virt-viewer-0.6.0-x64/build-aux/missing makeinfo'
MANIFEST_TOOL=':'
MKDIR_P='/bin/mkdir -p'
MKINSTALLDIRS='build-aux/mkinstalldirs'
MSGFMT='/bin/msgfmt'
MSGFMT_OPTS='-c'
MSGMERGE='/bin/msgmerge'
NM='/usr/bin/x86_64-w64-mingw32-nm'
NMEDIT=''
OBJDUMP='/usr/bin/x86_64-w64-mingw32-objdump'
OBJEXT='o'
OS_WIN32_FALSE='#'
OS_WIN32_TRUE=''
OTOOL64=''
OTOOL=''
OVIRT_CFLAGS=''
OVIRT_LIBS=''
PACKAGE='virt-viewer'
PACKAGE_BUGREPORT=''
PACKAGE_NAME='virt-viewer'
PACKAGE_STRING='virt-viewer 0.6.0'
PACKAGE_TARNAME='virt-viewer'
PACKAGE_URL=''
PACKAGE_VERSION='0.6.0'
PATH_SEPARATOR=':'
PKG_CONFIG='/usr/bin/x86_64-w64-mingw32-pkg-config'
PKG_CONFIG_LIBDIR=''
PKG_CONFIG_PATH=''
POFILES=''
POSUB='po'
PO_IN_DATADIR_FALSE=''
PO_IN_DATADIR_TRUE=''
RANLIB='/usr/bin/x86_64-w64-mingw32-ranlib'
SED='/bin/sed'
SET_MAKE=''
SHELL='/bin/sh'
SPICE_CONTROLLER_CFLAGS='-mms-bitfields -I/usr/x86_64-w64-mingw32/sys-root/mingw/include/spice-controller -I/usr/x86_64-w64-mingw32/sys-root/mingw/include/glib-2.0 -I/usr/x86_64-w64-mingw32/sys-root/mingw/lib/glib-2.0/include '
SPICE_CONTROLLER_LIBS='-L/usr/x86_64-w64-mingw32/sys-root/mingw/lib -lspice-controller -lglib-2.0 -lintl '
SPICE_GTK_CFLAGS='-mms-bitfields -I/usr/x86_64-w64-mingw32/sys-root/mingw/include/spice-client-gtk-2.0 -I/usr/x86_64-w64-mingw32/sys-root/mingw/include/gtk-2.0 -I/usr/x86_64-w64-mingw32/sys-root/mingw/lib/gtk-2.0/include -I/usr/x86_64-w64-mingw32/sys-root/mingw/include/pango-1.0 -I/usr/x86_64-w64-mingw32/sys-root/mingw/include/harfbuzz -I/usr/x86_64-w64-mingw32/sys-root/mingw/include/pango-1.0 -I/usr/x86_64-w64-mingw32/sys-root/mingw/include/cairo -I/usr/x86_64-w64-mingw32/sys-root/mingw/include/atk-1.0 -I/usr/x86_64-w64-mingw32/sys-root/mingw/include/cairo -I/usr/x86_64-w64-mingw32/sys-root/mingw/include -I/usr/x86_64-w64-mingw32/sys-root/mingw/include/freetype2 -I/usr/x86_64-w64-mingw32/sys-root/mingw/include -I/usr/x86_64-w64-mingw32/sys-root/mingw/include/freetype2 -I/usr/x86_64-w64-mingw32/sys-root/mingw/include -I/usr/x86_64-w64-mingw32/sys-root/mingw/include/libpng16 -I/usr/x86_64-w64-mingw32/sys-root/mingw/include/gdk-pixbuf-2.0 -I/usr/x86_64-w64-mingw32/sys-root/mingw/include/libpng16 -I/usr/x86_64-w64-mingw32/sys-root/mingw/include/glib-2.0 -I/usr/x86_64-w64-mingw32/sys-root/mingw/lib/glib-2.0/include -I/usr/x86_64-w64-mingw32/sys-root/mingw/include/spice-client-glib-2.0 -I/usr/x86_64-w64-mingw32/sys-root/mingw/include/pixman-1 -I/usr/x86_64-w64-mingw32/sys-root/mingw/include -I/usr/x86_64-w64-mingw32/sys-root/mingw/include/spice-1 '
SPICE_GTK_LIBS='-L/usr/x86_64-w64-mingw32/sys-root/mingw/lib -lspice-client-gtk-2.0 -lgtk-win32-2.0 -lgdk-win32-2.0 -lgdi32 -limm32 -lshell32 -lole32 -Wl,-luuid -lpangocairo-1.0 -lpangoft2-1.0 -lfontconfig -lfreetype -lpangowin32-1.0 -lgdi32 -lpango-1.0 -lm -latk-1.0 -lcairo -lgdk_pixbuf-2.0 -lgio-2.0 -lgobject-2.0 -lglib-2.0 -lintl -lspice-client-glib-2.0 '
SPICE_GTK_REQUIRED='0.22'
SPICE_PROTOCOL_CFLAGS='-I/usr/x86_64-w64-mingw32/sys-root/mingw/include/spice-1 '
SPICE_PROTOCOL_LIBS=''
SPICE_PROTOCOL_REQUIRED='0.10.1'
STRIP='/usr/bin/x86_64-w64-mingw32-strip'
UPDATE_MIME_DATABASE='/bin/update-mime-database'
USE_NLS='yes'
VERSION='0.6.0'
WARN_CFLAGS=' -fexceptions -fstack-protector --param=ssp-buffer-size=4 -fasynchronous-unwind-tables -Wall -Wmissing-prototypes -std=c99 -Wnested-externs -Wpointer-arith -Wextra -Wshadow -Wcast-align -Wwrite-strings -Waggregate-return -Winline -Wredundant-decls -Wno-sign-compare -Wno-deprecated-declarations '
WINDOWS_PRODUCTVERSION='0.6.0'
WINDRES='/usr/bin/x86_64-w64-mingw32-windres'
WIXL_ARCH='x64'
XGETTEXT='/bin/xgettext'
ac_ct_AR=''
ac_ct_CC=''
ac_ct_DUMPBIN=''
am__EXEEXT_FALSE='#'
am__EXEEXT_TRUE=''
am__fastdepCC_FALSE='#'
am__fastdepCC_TRUE=''
am__include='include'
am__isrc=''
am__leading_dot='.'
am__nodep='_no'
am__quote=''
am__tar='$${TAR-tar} chof - "$$tardir"'
am__untar='$${TAR-tar} xf -'
bindir='/usr/x86_64-w64-mingw32/sys-root/mingw/bin'
build='0'
build_alias='x86_64-redhat-linux-gnu'
build_cpu='x86_64'
build_os='linux-gnu'
build_vendor='redhat'
datadir='/usr/x86_64-w64-mingw32/sys-root/mingw/share'
datarootdir='${prefix}/share'
docdir='${datarootdir}/doc/${PACKAGE_TARNAME}'
dvidir='${docdir}'
exec_prefix='/usr/x86_64-w64-mingw32/sys-root/mingw'
host='x86_64-w64-mingw32'
host_alias='x86_64-w64-mingw32'
host_cpu='x86_64'
host_os='mingw32'
host_vendor='w64'
htmldir='${docdir}'
includedir='/usr/x86_64-w64-mingw32/sys-root/mingw/include'
infodir='/usr/x86_64-w64-mingw32/sys-root/mingw/share/info'
install_sh='${SHELL} /root/EzView/virt-viewer-0.6.0-x64/build-aux/install-sh'
intltool__v_merge_options_0='-q'
intltool__v_merge_options_='$(intltool__v_merge_options_$(AM_DEFAULT_VERBOSITY))'
libdir='/usr/x86_64-w64-mingw32/sys-root/mingw/lib'
libexecdir='/usr/x86_64-w64-mingw32/sys-root/mingw/libexec'
localedir='${datarootdir}/locale'
localstatedir='/usr/x86_64-w64-mingw32/sys-root/mingw/var'
mandir='/usr/x86_64-w64-mingw32/sys-root/mingw/share/man'
mkdir_p='$(MKDIR_P)'
oldincludedir='/usr/include'
pdfdir='${docdir}'
prefix='/usr/x86_64-w64-mingw32/sys-root/mingw'
program_transform_name='s,x,x,'
psdir='${docdir}'
sbindir='/usr/x86_64-w64-mingw32/sys-root/mingw/sbin'
sharedstatedir='/usr/x86_64-w64-mingw32/sys-root/mingw/com'
sysconfdir='/usr/x86_64-w64-mingw32/sys-root/mingw/etc'
target_alias='x86_64-w64-mingw32'

## ----------- ##
## confdefs.h. ##
## ----------- ##

/* confdefs.h */
#define PACKAGE_NAME "virt-viewer"
#define PACKAGE_TARNAME "virt-viewer"
#define PACKAGE_VERSION "0.6.0"
#define PACKAGE_STRING "virt-viewer 0.6.0"
#define PACKAGE_BUGREPORT ""
#define PACKAGE_URL ""
#define PACKAGE "virt-viewer"
#define VERSION "0.6.0"
#define STDC_HEADERS 1
#define HAVE_SYS_TYPES_H 1
#define HAVE_SYS_STAT_H 1
#define HAVE_STDLIB_H 1
#define HAVE_STRING_H 1
#define HAVE_MEMORY_H 1
#define HAVE_STRINGS_H 1
#define HAVE_INTTYPES_H 1
#define HAVE_STDINT_H 1
#define HAVE_UNISTD_H 1
#define HAVE_DLFCN_H 1
#define LT_OBJDIR ".libs/"
#define _GNU_SOURCE /**/
#define GETTEXT_PACKAGE "virt-viewer"
#define HAVE_LOCALE_H 1
#define HAVE_BIND_TEXTDOMAIN_CODESET 1
#define HAVE_GETTEXT 1
#define HAVE_DCGETTEXT 1
#define ENABLE_NLS 1
#define HAVE_LIBVIRT 1
#define HAVE_GTK_VNC 1
#define HAVE_SPICE_GTK 1
#define HAVE_WINDOWS_H 1
#define BUILDID ""

configure: exit 0

## ---------------------- ##
## Running config.status. ##
## ---------------------- ##

This file was extended by virt-viewer config.status 0.6.0, which was
generated by GNU Autoconf 2.69.  Invocation command line was

  CONFIG_FILES    = 
  CONFIG_HEADERS  = 
  CONFIG_LINKS    = 
  CONFIG_COMMANDS = 
  $ ./config.status 

on spice-linux

config.status:1286: creating Makefile
config.status:1286: creating data/Makefile
config.status:1286: creating data/virt-viewer.wxs
config.status:1286: creating data/virt-viewer.nsis
config.status:1286: creating data/virt-viewer-debug.nsis
config.status:1286: creating icons/Makefile
config.status:1286: creating icons/16x16/Makefile
config.status:1286: creating icons/22x22/Makefile
config.status:1286: creating icons/24x24/Makefile
config.status:1286: creating icons/32x32/Makefile
config.status:1286: creating icons/48x48/Makefile
config.status:1286: creating icons/256x256/Makefile
config.status:1286: creating man/Makefile
config.status:1286: creating mingw-virt-viewer.spec
config.status:1286: creating po/Makefile.in
config.status:1286: creating src/Makefile
config.status:1286: creating src/virt-viewer.rc
config.status:1286: creating virt-viewer.spec
config.status:1286: creating config.h
config.status:1467: config.h is unchanged
config.status:1546: executing depfiles commands
config.status:1546: executing libtool commands
config.status:1546: executing default-1 commands
config.status:1546: executing po/stamp-it commands

## ---------------------- ##
## Running config.status. ##
## ---------------------- ##

This file was extended by virt-viewer config.status 0.6.0, which was
generated by GNU Autoconf 2.69.  Invocation command line was

  CONFIG_FILES    = 
  CONFIG_HEADERS  = 
  CONFIG_LINKS    = 
  CONFIG_COMMANDS = 
  $ ./config.status config.h

on spice-linux

config.status:1286: creating config.h
config.status:1467: config.h is unchanged
