This file contains any messages produced by compilers while
running configure, to aid debugging if configure makes a mistake.

It was created by spice-common configure noversion, which was
generated by GNU Autoconf 2.69.  Invocation command line was

  $ ./configure --disable-option-checking --prefix=/usr/x86_64-w64-mingw32/sys-root/mingw --host=x86_64-w64-mingw32 --build=x86_64-redhat-linux-gnu --target=x86_64-w64-mingw32 --exec-prefix=/usr/x86_64-w64-mingw32/sys-root/mingw --bindir=/usr/x86_64-w64-mingw32/sys-root/mingw/bin --sbindir=/usr/x86_64-w64-mingw32/sys-root/mingw/sbin --sysconfdir=/usr/x86_64-w64-mingw32/sys-root/mingw/etc --datadir=/usr/x86_64-w64-mingw32/sys-root/mingw/share --includedir=/usr/x86_64-w64-mingw32/sys-root/mingw/include --libdir=/usr/x86_64-w64-mingw32/sys-root/mingw/lib --libexecdir=/usr/x86_64-w64-mingw32/sys-root/mingw/libexec --localstatedir=/usr/x86_64-w64-mingw32/sys-root/mingw/var --sharedstatedir=/usr/x86_64-w64-mingw32/sys-root/mingw/com --mandir=/usr/x86_64-w64-mingw32/sys-root/mingw/share/man --infodir=/usr/x86_64-w64-mingw32/sys-root/mingw/share/info --with-gtk=2.0 --enable-usbredir=yes --with-sasl=no --with-audio=gstreamer --with-python=no --enable-smartcard=no build_alias=x86_64-redhat-linux-gnu host_alias=x86_64-w64-mingw32 target_alias=x86_64-w64-mingw32 CC=x86_64-w64-mingw32-gcc CFLAGS= -O2 -g -pipe -Wall -Wp,-D_FORTIFY_SOURCE=2 -fexceptions --param=ssp-buffer-size=4 LDFLAGS= CPPFLAGS= CPP=/usr/bin/x86_64-w64-mingw32-cpp PKG_CONFIG=/usr/bin/x86_64-w64-mingw32-pkg-config --cache-file=/dev/null --srcdir=.

## --------- ##
## Platform. ##
## --------- ##

hostname = spice-linux
uname -m = x86_64
uname -r = 3.11.10-301.fc20.x86_64
uname -s = Linux
uname -v = #1 SMP Thu Dec 5 14:01:17 UTC 2013

/usr/bin/uname -p = x86_64
/bin/uname -X     = unknown

/bin/arch              = x86_64
/usr/bin/arch -k       = unknown
/usr/convex/getsysinfo = unknown
/usr/bin/hostinfo      = unknown
/bin/machine           = unknown
/usr/bin/oslevel       = unknown
/bin/universe          = unknown

PATH: /usr/x86_64-w64-mingw32/sys-root/mingw/bin
PATH: /usr/local/sbin
PATH: /usr/local/bin
PATH: /sbin
PATH: /bin
PATH: /usr/sbin
PATH: /usr/bin
PATH: /root/bin


## ----------- ##
## Core tests. ##
## ----------- ##

configure:2496: checking for x86_64-w64-mingw32-gcc
configure:2523: result: x86_64-w64-mingw32-gcc
configure:2792: checking for C compiler version
configure:2801: x86_64-w64-mingw32-gcc --version >&5
x86_64-w64-mingw32-gcc (GCC) 4.8.2 20131016 (Fedora MinGW 4.8.2-1.fc20)
Copyright (C) 2013 Free Software Foundation, Inc.
This is free software; see the source for copying conditions.  There is NO
warranty; not even for MERCHANTABILITY or FITNESS FOR A PARTICULAR PURPOSE.

configure:2812: $? = 0
configure:2801: x86_64-w64-mingw32-gcc -v >&5
Using built-in specs.
COLLECT_GCC=x86_64-w64-mingw32-gcc
COLLECT_LTO_WRAPPER=/usr/libexec/gcc/x86_64-w64-mingw32/4.8.2/lto-wrapper
Target: x86_64-w64-mingw32
Configured with: ../configure --prefix=/usr --bindir=/usr/bin --includedir=/usr/include --libdir=/usr/lib64 --mandir=/usr/share/man --infodir=/usr/share/info --datadir=/usr/share --build=x86_64-redhat-linux-gnu --host=x86_64-redhat-linux-gnu --with-gnu-as --with-gnu-ld --verbose --without-newlib --disable-multilib --disable-plugin --with-system-zlib --disable-nls --without-included-gettext --disable-win32-registry --enable-languages=c,c++,objc,obj-c++,fortran --with-bugurl=http://bugzilla.redhat.com/bugzilla --with-cloog --enable-libgomp --target=x86_64-w64-mingw32 --with-sysroot=/usr/x86_64-w64-mingw32/sys-root --with-gxx-include-dir=/usr/x86_64-w64-mingw32/sys-root/mingw/include/c++
Thread model: win32
gcc version 4.8.2 20131016 (Fedora MinGW 4.8.2-1.fc20) (GCC) 
configure:2812: $? = 0
configure:2801: x86_64-w64-mingw32-gcc -V >&5
x86_64-w64-mingw32-gcc: error: unrecognized command line option '-V'
x86_64-w64-mingw32-gcc: fatal error: no input files
compilation terminated.
configure:2812: $? = 1
configure:2801: x86_64-w64-mingw32-gcc -qversion >&5
x86_64-w64-mingw32-gcc: error: unrecognized command line option '-qversion'
x86_64-w64-mingw32-gcc: fatal error: no input files
compilation terminated.
configure:2812: $? = 1
configure:2832: checking whether the C compiler works
configure:2854: x86_64-w64-mingw32-gcc  -O2 -g -pipe -Wall -Wp,-D_FORTIFY_SOURCE=2 -fexceptions --param=ssp-buffer-size=4   conftest.c  >&5
configure:2858: $? = 0
configure:2906: result: yes
configure:2909: checking for C compiler default output file name
configure:2911: result: a.exe
configure:2917: checking for suffix of executables
configure:2924: x86_64-w64-mingw32-gcc -o conftest.exe  -O2 -g -pipe -Wall -Wp,-D_FORTIFY_SOURCE=2 -fexceptions --param=ssp-buffer-size=4   conftest.c  >&5
configure:2928: $? = 0
configure:2950: result: .exe
configure:2972: checking whether we are cross compiling
configure:3010: result: yes
configure:3015: checking for suffix of object files
configure:3037: x86_64-w64-mingw32-gcc -c  -O2 -g -pipe -Wall -Wp,-D_FORTIFY_SOURCE=2 -fexceptions --param=ssp-buffer-size=4  conftest.c >&5
configure:3041: $? = 0
configure:3062: result: o
configure:3066: checking whether we are using the GNU C compiler
configure:3085: x86_64-w64-mingw32-gcc -c  -O2 -g -pipe -Wall -Wp,-D_FORTIFY_SOURCE=2 -fexceptions --param=ssp-buffer-size=4  conftest.c >&5
configure:3085: $? = 0
configure:3094: result: yes
configure:3103: checking whether x86_64-w64-mingw32-gcc accepts -g
configure:3123: x86_64-w64-mingw32-gcc -c -g  conftest.c >&5
configure:3123: $? = 0
configure:3164: result: yes
configure:3181: checking for x86_64-w64-mingw32-gcc option to accept ISO C89
configure:3244: x86_64-w64-mingw32-gcc  -c  -O2 -g -pipe -Wall -Wp,-D_FORTIFY_SOURCE=2 -fexceptions --param=ssp-buffer-size=4  conftest.c >&5
configure:3244: $? = 0
configure:3257: result: none needed
configure:3283: checking for x86_64-w64-mingw32-ar
configure:3310: result: /usr/bin/x86_64-w64-mingw32-ar
configure:3380: checking the archiver (/usr/bin/x86_64-w64-mingw32-ar) interface
configure:3390: x86_64-w64-mingw32-gcc -c  -O2 -g -pipe -Wall -Wp,-D_FORTIFY_SOURCE=2 -fexceptions --param=ssp-buffer-size=4  conftest.c >&5
configure:3390: $? = 0
configure:3392: /usr/bin/x86_64-w64-mingw32-ar cru libconftest.a conftest.o >&5
configure:3395: $? = 0
configure:3418: result: ar
configure:3456: checking for a BSD-compatible install
configure:3524: result: /bin/install -c
configure:3535: checking whether build environment is sane
configure:3590: result: yes
configure:3646: checking for x86_64-w64-mingw32-strip
configure:3673: result: /usr/bin/x86_64-w64-mingw32-strip
configure:3738: checking for a thread-safe mkdir -p
configure:3777: result: /bin/mkdir -p
configure:3784: checking for gawk
configure:3800: found /bin/gawk
configure:3811: result: gawk
configure:3822: checking whether make sets $(MAKE)
configure:3844: result: yes
configure:3874: checking for style of include used by make
configure:3902: result: GNU
configure:3936: checking whether make supports nested variables
configure:3953: result: yes
configure:4042: checking whether UID '0' is supported by ustar format
configure:4045: result: yes
configure:4052: checking whether GID '0' is supported by ustar format
configure:4055: result: yes
configure:4063: checking how to create a ustar tar archive
configure:4074: tar --version
tar (GNU tar) 1.26
Copyright (C) 2011 Free Software Foundation, Inc.
License GPLv3+: GNU GPL version 3 or later <http://gnu.org/licenses/gpl.html>.
This is free software: you are free to change and redistribute it.
There is NO WARRANTY, to the extent permitted by law.

Written by John Gilmore and Jay Fenlason.
configure:4077: $? = 0
configure:4117: tardir=conftest.dir && eval tar --format=ustar -chf - "$tardir" >conftest.tar
configure:4120: $? = 0
configure:4124: tar -xf - <conftest.tar
configure:4127: $? = 0
configure:4129: cat conftest.dir/file
GrepMe
configure:4132: $? = 0
configure:4145: result: gnutar
configure:4154: checking dependency style of x86_64-w64-mingw32-gcc
configure:4265: result: gcc3
configure:4282: checking whether to enable maintainer-specific portions of Makefiles
configure:4291: result: no
configure:4315: checking whether make supports nested variables
configure:4332: result: yes
configure:4372: checking build system type
configure:4386: result: x86_64-redhat-linux-gnu
configure:4406: checking host system type
configure:4419: result: x86_64-w64-mingw32
configure:4460: checking how to print strings
configure:4487: result: printf
configure:4508: checking for a sed that does not truncate output
configure:4572: result: /bin/sed
configure:4590: checking for grep that handles long lines and -e
configure:4648: result: /bin/grep
configure:4653: checking for egrep
configure:4715: result: /bin/grep -E
configure:4720: checking for fgrep
configure:4782: result: /bin/grep -F
configure:4817: checking for ld used by x86_64-w64-mingw32-gcc
configure:4884: result: /usr/bin/x86_64-w64-mingw32-ld
configure:4891: checking if the linker (/usr/bin/x86_64-w64-mingw32-ld) is GNU ld
configure:4906: result: yes
configure:4918: checking for BSD- or MS-compatible name lister (nm)
configure:4967: result: /usr/bin/x86_64-w64-mingw32-nm
configure:5097: checking the name lister (/usr/bin/x86_64-w64-mingw32-nm) interface
configure:5104: x86_64-w64-mingw32-gcc -c  -O2 -g -pipe -Wall -Wp,-D_FORTIFY_SOURCE=2 -fexceptions --param=ssp-buffer-size=4  conftest.c >&5
configure:5107: /usr/bin/x86_64-w64-mingw32-nm "conftest.o"
configure:5110: output
0000000000000000 b .bss
0000000000000000 d .data
0000000000000000 N .debug_abbrev
0000000000000000 N .debug_aranges
0000000000000000 N .debug_info
0000000000000000 N .debug_line
0000000000000000 r .rdata$zzz
0000000000000000 t .text
0000000000000000 B some_variable
configure:5117: result: BSD nm
configure:5120: checking whether ln -s works
configure:5124: result: yes
configure:5132: checking the maximum length of command line arguments
configure:5262: result: 1572864
configure:5279: checking whether the shell understands some XSI constructs
configure:5289: result: yes
configure:5293: checking whether the shell understands "+="
configure:5299: result: yes
configure:5334: checking how to convert x86_64-redhat-linux-gnu file names to x86_64-w64-mingw32 format
configure:5374: result: func_convert_file_nix_to_w32
configure:5381: checking how to convert x86_64-redhat-linux-gnu file names to toolchain format
configure:5401: result: func_convert_file_noop
configure:5408: checking for /usr/bin/x86_64-w64-mingw32-ld option to reload object files
configure:5415: result: -r
configure:5449: checking for x86_64-w64-mingw32-objdump
configure:5476: result: /usr/bin/x86_64-w64-mingw32-objdump
configure:5548: checking how to recognize dependent libraries
configure:5750: result: file_magic ^x86 archive import|^x86 DLL
configure:5795: checking for x86_64-w64-mingw32-dlltool
configure:5822: result: /usr/bin/x86_64-w64-mingw32-dlltool
configure:5895: checking how to associate runtime and link libraries
configure:5922: result: func_cygming_dll_for_implib
configure:5938: checking for x86_64-w64-mingw32-ar
configure:5965: result: /usr/bin/x86_64-w64-mingw32-ar
configure:6046: checking for archiver @FILE support
configure:6063: x86_64-w64-mingw32-gcc -c  -O2 -g -pipe -Wall -Wp,-D_FORTIFY_SOURCE=2 -fexceptions --param=ssp-buffer-size=4  conftest.c >&5
configure:6063: $? = 0
configure:6066: /usr/bin/x86_64-w64-mingw32-ar cru libconftest.a @conftest.lst >&5
configure:6069: $? = 0
configure:6074: /usr/bin/x86_64-w64-mingw32-ar cru libconftest.a @conftest.lst >&5
/usr/bin/x86_64-w64-mingw32-ar: conftest.o: No such file or directory
configure:6077: $? = 1
configure:6089: result: @
configure:6107: checking for x86_64-w64-mingw32-strip
configure:6134: result: /usr/bin/x86_64-w64-mingw32-strip
configure:6206: checking for x86_64-w64-mingw32-ranlib
configure:6233: result: /usr/bin/x86_64-w64-mingw32-ranlib
configure:6375: checking command to parse /usr/bin/x86_64-w64-mingw32-nm output from x86_64-w64-mingw32-gcc object
configure:6495: x86_64-w64-mingw32-gcc -c  -O2 -g -pipe -Wall -Wp,-D_FORTIFY_SOURCE=2 -fexceptions --param=ssp-buffer-size=4  conftest.c >&5
configure:6498: $? = 0
configure:6502: /usr/bin/x86_64-w64-mingw32-nm conftest.o \| sed -n -e 's/^.*[ ]\([ABCDGIRSTW][ABCDGIRSTW]*\)[ ][ ]*\([_A-Za-z][_A-Za-z0-9]*\)$/\1 \2 \2/p' | sed '/ __gnu_lto/d' \> conftest.nm
configure:6505: $? = 0
configure:6571: x86_64-w64-mingw32-gcc -o conftest.exe  -O2 -g -pipe -Wall -Wp,-D_FORTIFY_SOURCE=2 -fexceptions --param=ssp-buffer-size=4   conftest.c conftstm.o >&5
configure:6574: $? = 0
configure:6612: result: ok
configure:6649: checking for sysroot
configure:6679: result: no
configure:6901: checking for x86_64-w64-mingw32-mt
configure:6931: result: no
configure:6941: checking for mt
configure:6971: result: no
configure:6991: checking if : is a manifest tool
configure:6997: : '-?'
configure:7005: result: no
configure:7647: checking how to run the C preprocessor
configure:7717: result: /usr/bin/x86_64-w64-mingw32-cpp
configure:7737: /usr/bin/x86_64-w64-mingw32-cpp  conftest.c
configure:7737: $? = 0
configure:7751: /usr/bin/x86_64-w64-mingw32-cpp  conftest.c
conftest.c:11:28: fatal error: ac_nonexistent.h: No such file or directory
 #include <ac_nonexistent.h>
                            ^
compilation terminated.
configure:7751: $? = 1
configure: failed program was:
| /* confdefs.h */
| #define PACKAGE_NAME "spice-common"
| #define PACKAGE_TARNAME "spice-common"
| #define PACKAGE_VERSION "noversion"
| #define PACKAGE_STRING "spice-common noversion"
| #define PACKAGE_BUGREPORT "spice-devel@lists.freedesktop.org"
| #define PACKAGE_URL ""
| #define PACKAGE "spice-common"
| #define VERSION "noversion"
| /* end confdefs.h.  */
| #include <ac_nonexistent.h>
configure:7780: checking for ANSI C header files
configure:7800: x86_64-w64-mingw32-gcc -c  -O2 -g -pipe -Wall -Wp,-D_FORTIFY_SOURCE=2 -fexceptions --param=ssp-buffer-size=4  conftest.c >&5
configure:7800: $? = 0
configure:7884: result: yes
configure:7897: checking for sys/types.h
configure:7897: x86_64-w64-mingw32-gcc -c  -O2 -g -pipe -Wall -Wp,-D_FORTIFY_SOURCE=2 -fexceptions --param=ssp-buffer-size=4  conftest.c >&5
configure:7897: $? = 0
configure:7897: result: yes
configure:7897: checking for sys/stat.h
configure:7897: x86_64-w64-mingw32-gcc -c  -O2 -g -pipe -Wall -Wp,-D_FORTIFY_SOURCE=2 -fexceptions --param=ssp-buffer-size=4  conftest.c >&5
configure:7897: $? = 0
configure:7897: result: yes
configure:7897: checking for stdlib.h
configure:7897: x86_64-w64-mingw32-gcc -c  -O2 -g -pipe -Wall -Wp,-D_FORTIFY_SOURCE=2 -fexceptions --param=ssp-buffer-size=4  conftest.c >&5
configure:7897: $? = 0
configure:7897: result: yes
configure:7897: checking for string.h
configure:7897: x86_64-w64-mingw32-gcc -c  -O2 -g -pipe -Wall -Wp,-D_FORTIFY_SOURCE=2 -fexceptions --param=ssp-buffer-size=4  conftest.c >&5
configure:7897: $? = 0
configure:7897: result: yes
configure:7897: checking for memory.h
configure:7897: x86_64-w64-mingw32-gcc -c  -O2 -g -pipe -Wall -Wp,-D_FORTIFY_SOURCE=2 -fexceptions --param=ssp-buffer-size=4  conftest.c >&5
configure:7897: $? = 0
configure:7897: result: yes
configure:7897: checking for strings.h
configure:7897: x86_64-w64-mingw32-gcc -c  -O2 -g -pipe -Wall -Wp,-D_FORTIFY_SOURCE=2 -fexceptions --param=ssp-buffer-size=4  conftest.c >&5
configure:7897: $? = 0
configure:7897: result: yes
configure:7897: checking for inttypes.h
configure:7897: x86_64-w64-mingw32-gcc -c  -O2 -g -pipe -Wall -Wp,-D_FORTIFY_SOURCE=2 -fexceptions --param=ssp-buffer-size=4  conftest.c >&5
configure:7897: $? = 0
configure:7897: result: yes
configure:7897: checking for stdint.h
configure:7897: x86_64-w64-mingw32-gcc -c  -O2 -g -pipe -Wall -Wp,-D_FORTIFY_SOURCE=2 -fexceptions --param=ssp-buffer-size=4  conftest.c >&5
configure:7897: $? = 0
configure:7897: result: yes
configure:7897: checking for unistd.h
configure:7897: x86_64-w64-mingw32-gcc -c  -O2 -g -pipe -Wall -Wp,-D_FORTIFY_SOURCE=2 -fexceptions --param=ssp-buffer-size=4  conftest.c >&5
configure:7897: $? = 0
configure:7897: result: yes
configure:7911: checking for dlfcn.h
configure:7911: x86_64-w64-mingw32-gcc -c  -O2 -g -pipe -Wall -Wp,-D_FORTIFY_SOURCE=2 -fexceptions --param=ssp-buffer-size=4  conftest.c >&5
configure:7911: $? = 0
configure:7911: result: yes
configure:8117: checking for objdir
configure:8132: result: .libs
configure:8403: checking if x86_64-w64-mingw32-gcc supports -fno-rtti -fno-exceptions
configure:8421: x86_64-w64-mingw32-gcc -c  -O2 -g -pipe -Wall -Wp,-D_FORTIFY_SOURCE=2 -fexceptions --param=ssp-buffer-size=4  -fno-rtti -fno-exceptions conftest.c >&5
cc1: warning: command line option '-fno-rtti' is valid for C++/ObjC++ but not for C [enabled by default]
configure:8425: $? = 0
configure:8438: result: no
configure:8765: checking for x86_64-w64-mingw32-gcc option to produce PIC
configure:8772: result: -DDLL_EXPORT -DPIC
configure:8780: checking if x86_64-w64-mingw32-gcc PIC flag -DDLL_EXPORT -DPIC works
configure:8798: x86_64-w64-mingw32-gcc -c  -O2 -g -pipe -Wall -Wp,-D_FORTIFY_SOURCE=2 -fexceptions --param=ssp-buffer-size=4  -DDLL_EXPORT -DPIC -DPIC conftest.c >&5
configure:8802: $? = 0
configure:8815: result: yes
configure:8844: checking if x86_64-w64-mingw32-gcc static flag -static works
configure:8872: result: yes
configure:8887: checking if x86_64-w64-mingw32-gcc supports -c -o file.o
configure:8908: x86_64-w64-mingw32-gcc -c  -O2 -g -pipe -Wall -Wp,-D_FORTIFY_SOURCE=2 -fexceptions --param=ssp-buffer-size=4  -o out/conftest2.o conftest.c >&5
configure:8912: $? = 0
configure:8934: result: yes
configure:8942: checking if x86_64-w64-mingw32-gcc supports -c -o file.o
configure:8989: result: yes
configure:9022: checking whether the x86_64-w64-mingw32-gcc linker (/usr/bin/x86_64-w64-mingw32-ld) supports shared libraries
configure:10175: result: yes
configure:10212: checking whether -lc should be explicitly linked in
configure:10220: x86_64-w64-mingw32-gcc -c  -O2 -g -pipe -Wall -Wp,-D_FORTIFY_SOURCE=2 -fexceptions --param=ssp-buffer-size=4  conftest.c >&5
configure:10223: $? = 0
configure:10238: x86_64-w64-mingw32-gcc -shared conftest.o  -v -o ./conftest -Wl,--enable-auto-image-base -Xlinker --out-implib -Xlinker conftest 2\>\&1 \| /bin/grep  -lc  \>/dev/null 2\>\&1
configure:10241: $? = 1
configure:10255: result: yes
configure:10415: checking dynamic linker characteristics
configure:11152: result: Win32 ld.exe
configure:11259: checking how to hardcode library paths into programs
configure:11284: result: immediate
configure:11824: checking whether stripping libraries is possible
configure:11829: result: yes
configure:11864: checking if libtool supports shared libraries
configure:11866: result: yes
configure:11869: checking whether to build shared libraries
configure:11890: result: yes
configure:11893: checking whether to build static libraries
configure:11897: result: yes
configure:11943: checking for x86_64-w64-mingw32-gcc
configure:11970: result: x86_64-w64-mingw32-gcc
configure:12239: checking for C compiler version
configure:12248: x86_64-w64-mingw32-gcc --version >&5
x86_64-w64-mingw32-gcc (GCC) 4.8.2 20131016 (Fedora MinGW 4.8.2-1.fc20)
Copyright (C) 2013 Free Software Foundation, Inc.
This is free software; see the source for copying conditions.  There is NO
warranty; not even for MERCHANTABILITY or FITNESS FOR A PARTICULAR PURPOSE.

configure:12259: $? = 0
configure:12248: x86_64-w64-mingw32-gcc -v >&5
Using built-in specs.
COLLECT_GCC=x86_64-w64-mingw32-gcc
COLLECT_LTO_WRAPPER=/usr/libexec/gcc/x86_64-w64-mingw32/4.8.2/lto-wrapper
Target: x86_64-w64-mingw32
Configured with: ../configure --prefix=/usr --bindir=/usr/bin --includedir=/usr/include --libdir=/usr/lib64 --mandir=/usr/share/man --infodir=/usr/share/info --datadir=/usr/share --build=x86_64-redhat-linux-gnu --host=x86_64-redhat-linux-gnu --with-gnu-as --with-gnu-ld --verbose --without-newlib --disable-multilib --disable-plugin --with-system-zlib --disable-nls --without-included-gettext --disable-win32-registry --enable-languages=c,c++,objc,obj-c++,fortran --with-bugurl=http://bugzilla.redhat.com/bugzilla --with-cloog --enable-libgomp --target=x86_64-w64-mingw32 --with-sysroot=/usr/x86_64-w64-mingw32/sys-root --with-gxx-include-dir=/usr/x86_64-w64-mingw32/sys-root/mingw/include/c++
Thread model: win32
gcc version 4.8.2 20131016 (Fedora MinGW 4.8.2-1.fc20) (GCC) 
configure:12259: $? = 0
configure:12248: x86_64-w64-mingw32-gcc -V >&5
x86_64-w64-mingw32-gcc: error: unrecognized command line option '-V'
x86_64-w64-mingw32-gcc: fatal error: no input files
compilation terminated.
configure:12259: $? = 1
configure:12248: x86_64-w64-mingw32-gcc -qversion >&5
x86_64-w64-mingw32-gcc: error: unrecognized command line option '-qversion'
x86_64-w64-mingw32-gcc: fatal error: no input files
compilation terminated.
configure:12259: $? = 1
configure:12263: checking whether we are using the GNU C compiler
configure:12291: result: yes
configure:12300: checking whether x86_64-w64-mingw32-gcc accepts -g
configure:12361: result: yes
configure:12378: checking for x86_64-w64-mingw32-gcc option to accept ISO C89
configure:12454: result: none needed
configure:12474: checking for x86_64-w64-mingw32-gcc option to accept ISO C99
configure:12623: x86_64-w64-mingw32-gcc  -c  -O2 -g -pipe -Wall -Wp,-D_FORTIFY_SOURCE=2 -fexceptions --param=ssp-buffer-size=4  conftest.c >&5
conftest.c:73:29: error: expected ';', ',' or ')' before 'text'
 test_restrict (ccp restrict text)
                             ^
conftest.c: In function 'test_varargs':
conftest.c:94:9: warning: variable 'fnumber' set but not used [-Wunused-but-set-variable]
   float fnumber;
         ^
conftest.c:93:7: warning: variable 'number' set but not used [-Wunused-but-set-variable]
   int number;
       ^
conftest.c:92:15: warning: variable 'str' set but not used [-Wunused-but-set-variable]
   const char *str;
               ^
conftest.c: In function 'main':
conftest.c:125:3: warning: implicit declaration of function 'test_restrict' [-Wimplicit-function-declaration]
   if (test_restrict ("String literal") == 0)
   ^
conftest.c:127:18: error: expected '=', ',', ';', 'asm' or '__attribute__' before 'newvar'
   char *restrict newvar = "Another string";
                  ^
conftest.c:127:18: error: 'newvar' undeclared (first use in this function)
conftest.c:127:18: note: each undeclared identifier is reported only once for each function it appears in
conftest.c:137:3: error: 'for' loop initial declarations are only allowed in C99 mode
   for (int i = 0; i < ia->datasize; ++i)
   ^
conftest.c:137:3: note: use option -std=c99 or -std=gnu99 to compile your code
configure:12623: $? = 1
configure: failed program was:
| /* confdefs.h */
| #define PACKAGE_NAME "spice-common"
| #define PACKAGE_TARNAME "spice-common"
| #define PACKAGE_VERSION "noversion"
| #define PACKAGE_STRING "spice-common noversion"
| #define PACKAGE_BUGREPORT "spice-devel@lists.freedesktop.org"
| #define PACKAGE_URL ""
| #define PACKAGE "spice-common"
| #define VERSION "noversion"
| #define STDC_HEADERS 1
| #define HAVE_SYS_TYPES_H 1
| #define HAVE_SYS_STAT_H 1
| #define HAVE_STDLIB_H 1
| #define HAVE_STRING_H 1
| #define HAVE_MEMORY_H 1
| #define HAVE_STRINGS_H 1
| #define HAVE_INTTYPES_H 1
| #define HAVE_STDINT_H 1
| #define HAVE_UNISTD_H 1
| #define HAVE_DLFCN_H 1
| #define LT_OBJDIR ".libs/"
| /* end confdefs.h.  */
| #include <stdarg.h>
| #include <stdbool.h>
| #include <stdlib.h>
| #include <wchar.h>
| #include <stdio.h>
| 
| // Check varargs macros.  These examples are taken from C99 6.10.3.5.
| #define debug(...) fprintf (stderr, __VA_ARGS__)
| #define showlist(...) puts (#__VA_ARGS__)
| #define report(test,...) ((test) ? puts (#test) : printf (__VA_ARGS__))
| static void
| test_varargs_macros (void)
| {
|   int x = 1234;
|   int y = 5678;
|   debug ("Flag");
|   debug ("X = %d\n", x);
|   showlist (The first, second, and third items.);
|   report (x>y, "x is %d but y is %d", x, y);
| }
| 
| // Check long long types.
| #define BIG64 18446744073709551615ull
| #define BIG32 4294967295ul
| #define BIG_OK (BIG64 / BIG32 == 4294967297ull && BIG64 % BIG32 == 0)
| #if !BIG_OK
|   your preprocessor is broken;
| #endif
| #if BIG_OK
| #else
|   your preprocessor is broken;
| #endif
| static long long int bignum = -9223372036854775807LL;
| static unsigned long long int ubignum = BIG64;
| 
| struct incomplete_array
| {
|   int datasize;
|   double data[];
| };
| 
| struct named_init {
|   int number;
|   const wchar_t *name;
|   double average;
| };
| 
| typedef const char *ccp;
| 
| static inline int
| test_restrict (ccp restrict text)
| {
|   // See if C++-style comments work.
|   // Iterate through items via the restricted pointer.
|   // Also check for declarations in for loops.
|   for (unsigned int i = 0; *(text+i) != '\0'; ++i)
|     continue;
|   return 0;
| }
| 
| // Check varargs and va_copy.
| static void
| test_varargs (const char *format, ...)
| {
|   va_list args;
|   va_start (args, format);
|   va_list args_copy;
|   va_copy (args_copy, args);
| 
|   const char *str;
|   int number;
|   float fnumber;
| 
|   while (*format)
|     {
|       switch (*format++)
| 	{
| 	case 's': // string
| 	  str = va_arg (args_copy, const char *);
| 	  break;
| 	case 'd': // int
| 	  number = va_arg (args_copy, int);
| 	  break;
| 	case 'f': // float
| 	  fnumber = va_arg (args_copy, double);
| 	  break;
| 	default:
| 	  break;
| 	}
|     }
|   va_end (args_copy);
|   va_end (args);
| }
| 
| int
| main ()
| {
| 
|   // Check bool.
|   _Bool success = false;
| 
|   // Check restrict.
|   if (test_restrict ("String literal") == 0)
|     success = true;
|   char *restrict newvar = "Another string";
| 
|   // Check varargs.
|   test_varargs ("s, d' f .", "string", 65, 34.234);
|   test_varargs_macros ();
| 
|   // Check flexible array members.
|   struct incomplete_array *ia =
|     malloc (sizeof (struct incomplete_array) + (sizeof (double) * 10));
|   ia->datasize = 10;
|   for (int i = 0; i < ia->datasize; ++i)
|     ia->data[i] = i * 1.234;
| 
|   // Check named initializers.
|   struct named_init ni = {
|     .number = 34,
|     .name = L"Test wide string",
|     .average = 543.34343,
|   };
| 
|   ni.number = 58;
| 
|   int dynamic_array[ni.number];
|   dynamic_array[ni.number - 1] = 543;
| 
|   // work around unused variable warnings
|   return (!success || bignum == 0LL || ubignum == 0uLL || newvar[0] == 'x'
| 	  || dynamic_array[ni.number - 1] != 543);
| 
|   ;
|   return 0;
| }
configure:12623: x86_64-w64-mingw32-gcc -std=gnu99 -c  -O2 -g -pipe -Wall -Wp,-D_FORTIFY_SOURCE=2 -fexceptions --param=ssp-buffer-size=4  conftest.c >&5
conftest.c: In function 'test_varargs':
conftest.c:94:9: warning: variable 'fnumber' set but not used [-Wunused-but-set-variable]
   float fnumber;
         ^
conftest.c:93:7: warning: variable 'number' set but not used [-Wunused-but-set-variable]
   int number;
       ^
conftest.c:92:15: warning: variable 'str' set but not used [-Wunused-but-set-variable]
   const char *str;
               ^
configure:12623: $? = 0
configure:12643: result: -std=gnu99
configure:12655: checking whether x86_64-w64-mingw32-gcc -std=gnu99 and cc understand -c and -o together
configure:12686: x86_64-w64-mingw32-gcc -std=gnu99 -c conftest.c -o conftest2.o >&5
configure:12690: $? = 0
configure:12696: x86_64-w64-mingw32-gcc -std=gnu99 -c conftest.c -o conftest2.o >&5
configure:12700: $? = 0
configure:12711: cc -c conftest.c >&5
./configure: line 12713: cc: command not found
configure:12715: $? = 127
configure:12755: result: yes
configure:12898: checking pkg-config is at least version 0.9.0
configure:12901: result: yes
configure:12911: checking for PIXMAN
configure:12918: $PKG_CONFIG --exists --print-errors "pixman-1 >= 0.17.7"
configure:12921: $? = 0
configure:12935: $PKG_CONFIG --exists --print-errors "pixman-1 >= 0.17.7"
configure:12938: $? = 0
configure:12996: result: yes
configure:13217: checking for X
configure:13325: /usr/bin/x86_64-w64-mingw32-cpp  conftest.c
conftest.c:23:22: fatal error: X11/Xlib.h: No such file or directory
 #include <X11/Xlib.h>
                      ^
compilation terminated.
configure:13325: $? = 1
configure: failed program was:
| /* confdefs.h */
| #define PACKAGE_NAME "spice-common"
| #define PACKAGE_TARNAME "spice-common"
| #define PACKAGE_VERSION "noversion"
| #define PACKAGE_STRING "spice-common noversion"
| #define PACKAGE_BUGREPORT "spice-devel@lists.freedesktop.org"
| #define PACKAGE_URL ""
| #define PACKAGE "spice-common"
| #define VERSION "noversion"
| #define STDC_HEADERS 1
| #define HAVE_SYS_TYPES_H 1
| #define HAVE_SYS_STAT_H 1
| #define HAVE_STDLIB_H 1
| #define HAVE_STRING_H 1
| #define HAVE_MEMORY_H 1
| #define HAVE_STRINGS_H 1
| #define HAVE_INTTYPES_H 1
| #define HAVE_STDINT_H 1
| #define HAVE_UNISTD_H 1
| #define HAVE_DLFCN_H 1
| #define LT_OBJDIR ".libs/"
| /* end confdefs.h.  */
| #include <X11/Xlib.h>
configure:13356: x86_64-w64-mingw32-gcc -std=gnu99 -o conftest.exe  -O2 -g -pipe -Wall -Wp,-D_FORTIFY_SOURCE=2 -fexceptions --param=ssp-buffer-size=4   conftest.c -lX11  >&5
conftest.c:23:22: fatal error: X11/Xlib.h: No such file or directory
 #include <X11/Xlib.h>
                      ^
compilation terminated.
configure:13356: $? = 1
configure: failed program was:
| /* confdefs.h */
| #define PACKAGE_NAME "spice-common"
| #define PACKAGE_TARNAME "spice-common"
| #define PACKAGE_VERSION "noversion"
| #define PACKAGE_STRING "spice-common noversion"
| #define PACKAGE_BUGREPORT "spice-devel@lists.freedesktop.org"
| #define PACKAGE_URL ""
| #define PACKAGE "spice-common"
| #define VERSION "noversion"
| #define STDC_HEADERS 1
| #define HAVE_SYS_TYPES_H 1
| #define HAVE_SYS_STAT_H 1
| #define HAVE_STDLIB_H 1
| #define HAVE_STRING_H 1
| #define HAVE_MEMORY_H 1
| #define HAVE_STRINGS_H 1
| #define HAVE_INTTYPES_H 1
| #define HAVE_STDINT_H 1
| #define HAVE_UNISTD_H 1
| #define HAVE_DLFCN_H 1
| #define LT_OBJDIR ".libs/"
| /* end confdefs.h.  */
| #include <X11/Xlib.h>
| int
| main ()
| {
| XrmInitialize ()
|   ;
|   return 0;
| }
configure:13395: result: no
configure:13410: checking for size_t
configure:13410: x86_64-w64-mingw32-gcc -std=gnu99 -c  -O2 -g -pipe -Wall -Wp,-D_FORTIFY_SOURCE=2 -fexceptions --param=ssp-buffer-size=4  conftest.c >&5
configure:13410: $? = 0
configure:13410: x86_64-w64-mingw32-gcc -std=gnu99 -c  -O2 -g -pipe -Wall -Wp,-D_FORTIFY_SOURCE=2 -fexceptions --param=ssp-buffer-size=4  conftest.c >&5
conftest.c: In function 'main':
conftest.c:59:21: error: expected expression before ')' token
 if (sizeof ((size_t)))
                     ^
configure:13410: $? = 1
configure: failed program was:
| /* confdefs.h */
| #define PACKAGE_NAME "spice-common"
| #define PACKAGE_TARNAME "spice-common"
| #define PACKAGE_VERSION "noversion"
| #define PACKAGE_STRING "spice-common noversion"
| #define PACKAGE_BUGREPORT "spice-devel@lists.freedesktop.org"
| #define PACKAGE_URL ""
| #define PACKAGE "spice-common"
| #define VERSION "noversion"
| #define STDC_HEADERS 1
| #define HAVE_SYS_TYPES_H 1
| #define HAVE_SYS_STAT_H 1
| #define HAVE_STDLIB_H 1
| #define HAVE_STRING_H 1
| #define HAVE_MEMORY_H 1
| #define HAVE_STRINGS_H 1
| #define HAVE_INTTYPES_H 1
| #define HAVE_STDINT_H 1
| #define HAVE_UNISTD_H 1
| #define HAVE_DLFCN_H 1
| #define LT_OBJDIR ".libs/"
| /* end confdefs.h.  */
| #include <stdio.h>
| #ifdef HAVE_SYS_TYPES_H
| # include <sys/types.h>
| #endif
| #ifdef HAVE_SYS_STAT_H
| # include <sys/stat.h>
| #endif
| #ifdef STDC_HEADERS
| # include <stdlib.h>
| # include <stddef.h>
| #else
| # ifdef HAVE_STDLIB_H
| #  include <stdlib.h>
| # endif
| #endif
| #ifdef HAVE_STRING_H
| # if !defined STDC_HEADERS && defined HAVE_MEMORY_H
| #  include <memory.h>
| # endif
| # include <string.h>
| #endif
| #ifdef HAVE_STRINGS_H
| # include <strings.h>
| #endif
| #ifdef HAVE_INTTYPES_H
| # include <inttypes.h>
| #endif
| #ifdef HAVE_STDINT_H
| # include <stdint.h>
| #endif
| #ifdef HAVE_UNISTD_H
| # include <unistd.h>
| #endif
| int
| main ()
| {
| if (sizeof ((size_t)))
| 	    return 0;
|   ;
|   return 0;
| }
configure:13410: result: yes
configure:13423: checking for working alloca.h
configure:13440: x86_64-w64-mingw32-gcc -std=gnu99 -o conftest.exe  -O2 -g -pipe -Wall -Wp,-D_FORTIFY_SOURCE=2 -fexceptions --param=ssp-buffer-size=4   conftest.c  >&5
conftest.c:23:20: fatal error: alloca.h: No such file or directory
 #include <alloca.h>
                    ^
compilation terminated.
configure:13440: $? = 1
configure: failed program was:
| /* confdefs.h */
| #define PACKAGE_NAME "spice-common"
| #define PACKAGE_TARNAME "spice-common"
| #define PACKAGE_VERSION "noversion"
| #define PACKAGE_STRING "spice-common noversion"
| #define PACKAGE_BUGREPORT "spice-devel@lists.freedesktop.org"
| #define PACKAGE_URL ""
| #define PACKAGE "spice-common"
| #define VERSION "noversion"
| #define STDC_HEADERS 1
| #define HAVE_SYS_TYPES_H 1
| #define HAVE_SYS_STAT_H 1
| #define HAVE_STDLIB_H 1
| #define HAVE_STRING_H 1
| #define HAVE_MEMORY_H 1
| #define HAVE_STRINGS_H 1
| #define HAVE_INTTYPES_H 1
| #define HAVE_STDINT_H 1
| #define HAVE_UNISTD_H 1
| #define HAVE_DLFCN_H 1
| #define LT_OBJDIR ".libs/"
| /* end confdefs.h.  */
| #include <alloca.h>
| int
| main ()
| {
| char *p = (char *) alloca (2 * sizeof (int));
| 			  if (p) return 0;
|   ;
|   return 0;
| }
configure:13448: result: no
configure:13456: checking for alloca
configure:13493: x86_64-w64-mingw32-gcc -std=gnu99 -o conftest.exe  -O2 -g -pipe -Wall -Wp,-D_FORTIFY_SOURCE=2 -fexceptions --param=ssp-buffer-size=4   conftest.c  >&5
configure:13493: $? = 0
configure:13501: result: yes
configure:13610: checking arpa/inet.h usability
configure:13610: x86_64-w64-mingw32-gcc -std=gnu99 -c  -O2 -g -pipe -Wall -Wp,-D_FORTIFY_SOURCE=2 -fexceptions --param=ssp-buffer-size=4  conftest.c >&5
conftest.c:57:23: fatal error: arpa/inet.h: No such file or directory
 #include <arpa/inet.h>
                       ^
compilation terminated.
configure:13610: $? = 1
configure: failed program was:
| /* confdefs.h */
| #define PACKAGE_NAME "spice-common"
| #define PACKAGE_TARNAME "spice-common"
| #define PACKAGE_VERSION "noversion"
| #define PACKAGE_STRING "spice-common noversion"
| #define PACKAGE_BUGREPORT "spice-devel@lists.freedesktop.org"
| #define PACKAGE_URL ""
| #define PACKAGE "spice-common"
| #define VERSION "noversion"
| #define STDC_HEADERS 1
| #define HAVE_SYS_TYPES_H 1
| #define HAVE_SYS_STAT_H 1
| #define HAVE_STDLIB_H 1
| #define HAVE_STRING_H 1
| #define HAVE_MEMORY_H 1
| #define HAVE_STRINGS_H 1
| #define HAVE_INTTYPES_H 1
| #define HAVE_STDINT_H 1
| #define HAVE_UNISTD_H 1
| #define HAVE_DLFCN_H 1
| #define LT_OBJDIR ".libs/"
| #define HAVE_ALLOCA 1
| /* end confdefs.h.  */
| #include <stdio.h>
| #ifdef HAVE_SYS_TYPES_H
| # include <sys/types.h>
| #endif
| #ifdef HAVE_SYS_STAT_H
| # include <sys/stat.h>
| #endif
| #ifdef STDC_HEADERS
| # include <stdlib.h>
| # include <stddef.h>
| #else
| # ifdef HAVE_STDLIB_H
| #  include <stdlib.h>
| # endif
| #endif
| #ifdef HAVE_STRING_H
| # if !defined STDC_HEADERS && defined HAVE_MEMORY_H
| #  include <memory.h>
| # endif
| # include <string.h>
| #endif
| #ifdef HAVE_STRINGS_H
| # include <strings.h>
| #endif
| #ifdef HAVE_INTTYPES_H
| # include <inttypes.h>
| #endif
| #ifdef HAVE_STDINT_H
| # include <stdint.h>
| #endif
| #ifdef HAVE_UNISTD_H
| # include <unistd.h>
| #endif
| #include <arpa/inet.h>
configure:13610: result: no
configure:13610: checking arpa/inet.h presence
configure:13610: /usr/bin/x86_64-w64-mingw32-cpp  conftest.c
conftest.c:24:23: fatal error: arpa/inet.h: No such file or directory
 #include <arpa/inet.h>
                       ^
compilation terminated.
configure:13610: $? = 1
configure: failed program was:
| /* confdefs.h */
| #define PACKAGE_NAME "spice-common"
| #define PACKAGE_TARNAME "spice-common"
| #define PACKAGE_VERSION "noversion"
| #define PACKAGE_STRING "spice-common noversion"
| #define PACKAGE_BUGREPORT "spice-devel@lists.freedesktop.org"
| #define PACKAGE_URL ""
| #define PACKAGE "spice-common"
| #define VERSION "noversion"
| #define STDC_HEADERS 1
| #define HAVE_SYS_TYPES_H 1
| #define HAVE_SYS_STAT_H 1
| #define HAVE_STDLIB_H 1
| #define HAVE_STRING_H 1
| #define HAVE_MEMORY_H 1
| #define HAVE_STRINGS_H 1
| #define HAVE_INTTYPES_H 1
| #define HAVE_STDINT_H 1
| #define HAVE_UNISTD_H 1
| #define HAVE_DLFCN_H 1
| #define LT_OBJDIR ".libs/"
| #define HAVE_ALLOCA 1
| /* end confdefs.h.  */
| #include <arpa/inet.h>
configure:13610: result: no
configure:13610: checking for arpa/inet.h
configure:13610: result: no
configure:13610: checking malloc.h usability
configure:13610: x86_64-w64-mingw32-gcc -std=gnu99 -c  -O2 -g -pipe -Wall -Wp,-D_FORTIFY_SOURCE=2 -fexceptions --param=ssp-buffer-size=4  conftest.c >&5
configure:13610: $? = 0
configure:13610: result: yes
configure:13610: checking malloc.h presence
configure:13610: /usr/bin/x86_64-w64-mingw32-cpp  conftest.c
configure:13610: $? = 0
configure:13610: result: yes
configure:13610: checking for malloc.h
configure:13610: result: yes
configure:13610: checking netinet/in.h usability
configure:13610: x86_64-w64-mingw32-gcc -std=gnu99 -c  -O2 -g -pipe -Wall -Wp,-D_FORTIFY_SOURCE=2 -fexceptions --param=ssp-buffer-size=4  conftest.c >&5
conftest.c:58:24: fatal error: netinet/in.h: No such file or directory
 #include <netinet/in.h>
                        ^
compilation terminated.
configure:13610: $? = 1
configure: failed program was:
| /* confdefs.h */
| #define PACKAGE_NAME "spice-common"
| #define PACKAGE_TARNAME "spice-common"
| #define PACKAGE_VERSION "noversion"
| #define PACKAGE_STRING "spice-common noversion"
| #define PACKAGE_BUGREPORT "spice-devel@lists.freedesktop.org"
| #define PACKAGE_URL ""
| #define PACKAGE "spice-common"
| #define VERSION "noversion"
| #define STDC_HEADERS 1
| #define HAVE_SYS_TYPES_H 1
| #define HAVE_SYS_STAT_H 1
| #define HAVE_STDLIB_H 1
| #define HAVE_STRING_H 1
| #define HAVE_MEMORY_H 1
| #define HAVE_STRINGS_H 1
| #define HAVE_INTTYPES_H 1
| #define HAVE_STDINT_H 1
| #define HAVE_UNISTD_H 1
| #define HAVE_DLFCN_H 1
| #define LT_OBJDIR ".libs/"
| #define HAVE_ALLOCA 1
| #define HAVE_MALLOC_H 1
| /* end confdefs.h.  */
| #include <stdio.h>
| #ifdef HAVE_SYS_TYPES_H
| # include <sys/types.h>
| #endif
| #ifdef HAVE_SYS_STAT_H
| # include <sys/stat.h>
| #endif
| #ifdef STDC_HEADERS
| # include <stdlib.h>
| # include <stddef.h>
| #else
| # ifdef HAVE_STDLIB_H
| #  include <stdlib.h>
| # endif
| #endif
| #ifdef HAVE_STRING_H
| # if !defined STDC_HEADERS && defined HAVE_MEMORY_H
| #  include <memory.h>
| # endif
| # include <string.h>
| #endif
| #ifdef HAVE_STRINGS_H
| # include <strings.h>
| #endif
| #ifdef HAVE_INTTYPES_H
| # include <inttypes.h>
| #endif
| #ifdef HAVE_STDINT_H
| # include <stdint.h>
| #endif
| #ifdef HAVE_UNISTD_H
| # include <unistd.h>
| #endif
| #include <netinet/in.h>
configure:13610: result: no
configure:13610: checking netinet/in.h presence
configure:13610: /usr/bin/x86_64-w64-mingw32-cpp  conftest.c
conftest.c:25:24: fatal error: netinet/in.h: No such file or directory
 #include <netinet/in.h>
                        ^
compilation terminated.
configure:13610: $? = 1
configure: failed program was:
| /* confdefs.h */
| #define PACKAGE_NAME "spice-common"
| #define PACKAGE_TARNAME "spice-common"
| #define PACKAGE_VERSION "noversion"
| #define PACKAGE_STRING "spice-common noversion"
| #define PACKAGE_BUGREPORT "spice-devel@lists.freedesktop.org"
| #define PACKAGE_URL ""
| #define PACKAGE "spice-common"
| #define VERSION "noversion"
| #define STDC_HEADERS 1
| #define HAVE_SYS_TYPES_H 1
| #define HAVE_SYS_STAT_H 1
| #define HAVE_STDLIB_H 1
| #define HAVE_STRING_H 1
| #define HAVE_MEMORY_H 1
| #define HAVE_STRINGS_H 1
| #define HAVE_INTTYPES_H 1
| #define HAVE_STDINT_H 1
| #define HAVE_UNISTD_H 1
| #define HAVE_DLFCN_H 1
| #define LT_OBJDIR ".libs/"
| #define HAVE_ALLOCA 1
| #define HAVE_MALLOC_H 1
| /* end confdefs.h.  */
| #include <netinet/in.h>
configure:13610: result: no
configure:13610: checking for netinet/in.h
configure:13610: result: no
configure:13610: checking stddef.h usability
configure:13610: x86_64-w64-mingw32-gcc -std=gnu99 -c  -O2 -g -pipe -Wall -Wp,-D_FORTIFY_SOURCE=2 -fexceptions --param=ssp-buffer-size=4  conftest.c >&5
configure:13610: $? = 0
configure:13610: result: yes
configure:13610: checking stddef.h presence
configure:13610: /usr/bin/x86_64-w64-mingw32-cpp  conftest.c
configure:13610: $? = 0
configure:13610: result: yes
configure:13610: checking for stddef.h
configure:13610: result: yes
configure:13610: checking for stdint.h
configure:13610: result: yes
configure:13610: checking for stdlib.h
configure:13610: result: yes
configure:13610: checking for string.h
configure:13610: result: yes
configure:13610: checking sys/socket.h usability
configure:13610: x86_64-w64-mingw32-gcc -std=gnu99 -c  -O2 -g -pipe -Wall -Wp,-D_FORTIFY_SOURCE=2 -fexceptions --param=ssp-buffer-size=4  conftest.c >&5
conftest.c:62:24: fatal error: sys/socket.h: No such file or directory
 #include <sys/socket.h>
                        ^
compilation terminated.
configure:13610: $? = 1
configure: failed program was:
| /* confdefs.h */
| #define PACKAGE_NAME "spice-common"
| #define PACKAGE_TARNAME "spice-common"
| #define PACKAGE_VERSION "noversion"
| #define PACKAGE_STRING "spice-common noversion"
| #define PACKAGE_BUGREPORT "spice-devel@lists.freedesktop.org"
| #define PACKAGE_URL ""
| #define PACKAGE "spice-common"
| #define VERSION "noversion"
| #define STDC_HEADERS 1
| #define HAVE_SYS_TYPES_H 1
| #define HAVE_SYS_STAT_H 1
| #define HAVE_STDLIB_H 1
| #define HAVE_STRING_H 1
| #define HAVE_MEMORY_H 1
| #define HAVE_STRINGS_H 1
| #define HAVE_INTTYPES_H 1
| #define HAVE_STDINT_H 1
| #define HAVE_UNISTD_H 1
| #define HAVE_DLFCN_H 1
| #define LT_OBJDIR ".libs/"
| #define HAVE_ALLOCA 1
| #define HAVE_MALLOC_H 1
| #define HAVE_STDDEF_H 1
| #define HAVE_STDINT_H 1
| #define HAVE_STDLIB_H 1
| #define HAVE_STRING_H 1
| /* end confdefs.h.  */
| #include <stdio.h>
| #ifdef HAVE_SYS_TYPES_H
| # include <sys/types.h>
| #endif
| #ifdef HAVE_SYS_STAT_H
| # include <sys/stat.h>
| #endif
| #ifdef STDC_HEADERS
| # include <stdlib.h>
| # include <stddef.h>
| #else
| # ifdef HAVE_STDLIB_H
| #  include <stdlib.h>
| # endif
| #endif
| #ifdef HAVE_STRING_H
| # if !defined STDC_HEADERS && defined HAVE_MEMORY_H
| #  include <memory.h>
| # endif
| # include <string.h>
| #endif
| #ifdef HAVE_STRINGS_H
| # include <strings.h>
| #endif
| #ifdef HAVE_INTTYPES_H
| # include <inttypes.h>
| #endif
| #ifdef HAVE_STDINT_H
| # include <stdint.h>
| #endif
| #ifdef HAVE_UNISTD_H
| # include <unistd.h>
| #endif
| #include <sys/socket.h>
configure:13610: result: no
configure:13610: checking sys/socket.h presence
configure:13610: /usr/bin/x86_64-w64-mingw32-cpp  conftest.c
conftest.c:29:24: fatal error: sys/socket.h: No such file or directory
 #include <sys/socket.h>
                        ^
compilation terminated.
configure:13610: $? = 1
configure: failed program was:
| /* confdefs.h */
| #define PACKAGE_NAME "spice-common"
| #define PACKAGE_TARNAME "spice-common"
| #define PACKAGE_VERSION "noversion"
| #define PACKAGE_STRING "spice-common noversion"
| #define PACKAGE_BUGREPORT "spice-devel@lists.freedesktop.org"
| #define PACKAGE_URL ""
| #define PACKAGE "spice-common"
| #define VERSION "noversion"
| #define STDC_HEADERS 1
| #define HAVE_SYS_TYPES_H 1
| #define HAVE_SYS_STAT_H 1
| #define HAVE_STDLIB_H 1
| #define HAVE_STRING_H 1
| #define HAVE_MEMORY_H 1
| #define HAVE_STRINGS_H 1
| #define HAVE_INTTYPES_H 1
| #define HAVE_STDINT_H 1
| #define HAVE_UNISTD_H 1
| #define HAVE_DLFCN_H 1
| #define LT_OBJDIR ".libs/"
| #define HAVE_ALLOCA 1
| #define HAVE_MALLOC_H 1
| #define HAVE_STDDEF_H 1
| #define HAVE_STDINT_H 1
| #define HAVE_STDLIB_H 1
| #define HAVE_STRING_H 1
| /* end confdefs.h.  */
| #include <sys/socket.h>
configure:13610: result: no
configure:13610: checking for sys/socket.h
configure:13610: result: no
configure:13610: checking for unistd.h
configure:13610: result: yes
configure:13622: checking for inline
configure:13638: x86_64-w64-mingw32-gcc -std=gnu99 -c  -O2 -g -pipe -Wall -Wp,-D_FORTIFY_SOURCE=2 -fexceptions --param=ssp-buffer-size=4  conftest.c >&5
configure:13638: $? = 0
configure:13646: result: inline
configure:13664: checking for int16_t
configure:13664: x86_64-w64-mingw32-gcc -std=gnu99 -c  -O2 -g -pipe -Wall -Wp,-D_FORTIFY_SOURCE=2 -fexceptions --param=ssp-buffer-size=4  conftest.c >&5
configure:13664: $? = 0
configure:13664: x86_64-w64-mingw32-gcc -std=gnu99 -c  -O2 -g -pipe -Wall -Wp,-D_FORTIFY_SOURCE=2 -fexceptions --param=ssp-buffer-size=4  conftest.c >&5
conftest.c: In function 'main':
conftest.c:67:12: error: size of array 'test_array' is negative
 static int test_array [1 - 2 * !((int16_t) (((((int16_t) 1 << N) << N) - 1) * 2 + 1)
            ^
configure:13664: $? = 1
configure: failed program was:
| /* confdefs.h */
| #define PACKAGE_NAME "spice-common"
| #define PACKAGE_TARNAME "spice-common"
| #define PACKAGE_VERSION "noversion"
| #define PACKAGE_STRING "spice-common noversion"
| #define PACKAGE_BUGREPORT "spice-devel@lists.freedesktop.org"
| #define PACKAGE_URL ""
| #define PACKAGE "spice-common"
| #define VERSION "noversion"
| #define STDC_HEADERS 1
| #define HAVE_SYS_TYPES_H 1
| #define HAVE_SYS_STAT_H 1
| #define HAVE_STDLIB_H 1
| #define HAVE_STRING_H 1
| #define HAVE_MEMORY_H 1
| #define HAVE_STRINGS_H 1
| #define HAVE_INTTYPES_H 1
| #define HAVE_STDINT_H 1
| #define HAVE_UNISTD_H 1
| #define HAVE_DLFCN_H 1
| #define LT_OBJDIR ".libs/"
| #define HAVE_ALLOCA 1
| #define HAVE_MALLOC_H 1
| #define HAVE_STDDEF_H 1
| #define HAVE_STDINT_H 1
| #define HAVE_STDLIB_H 1
| #define HAVE_STRING_H 1
| #define HAVE_UNISTD_H 1
| /* end confdefs.h.  */
| #include <stdio.h>
| #ifdef HAVE_SYS_TYPES_H
| # include <sys/types.h>
| #endif
| #ifdef HAVE_SYS_STAT_H
| # include <sys/stat.h>
| #endif
| #ifdef STDC_HEADERS
| # include <stdlib.h>
| # include <stddef.h>
| #else
| # ifdef HAVE_STDLIB_H
| #  include <stdlib.h>
| # endif
| #endif
| #ifdef HAVE_STRING_H
| # if !defined STDC_HEADERS && defined HAVE_MEMORY_H
| #  include <memory.h>
| # endif
| # include <string.h>
| #endif
| #ifdef HAVE_STRINGS_H
| # include <strings.h>
| #endif
| #ifdef HAVE_INTTYPES_H
| # include <inttypes.h>
| #endif
| #ifdef HAVE_STDINT_H
| # include <stdint.h>
| #endif
| #ifdef HAVE_UNISTD_H
| # include <unistd.h>
| #endif
| 	        enum { N = 16 / 2 - 1 };
| int
| main ()
| {
| static int test_array [1 - 2 * !((int16_t) (((((int16_t) 1 << N) << N) - 1) * 2 + 1)
| 		 < (int16_t) (((((int16_t) 1 << N) << N) - 1) * 2 + 2))];
| test_array [0] = 0;
| return test_array [0];
| 
|   ;
|   return 0;
| }
configure:13664: result: yes
configure:13675: checking for int32_t
configure:13675: x86_64-w64-mingw32-gcc -std=gnu99 -c  -O2 -g -pipe -Wall -Wp,-D_FORTIFY_SOURCE=2 -fexceptions --param=ssp-buffer-size=4  conftest.c >&5
configure:13675: $? = 0
configure:13675: x86_64-w64-mingw32-gcc -std=gnu99 -c  -O2 -g -pipe -Wall -Wp,-D_FORTIFY_SOURCE=2 -fexceptions --param=ssp-buffer-size=4  conftest.c >&5
conftest.c: In function 'main':
conftest.c:68:53: warning: integer overflow in expression [-Woverflow]
    < (int32_t) (((((int32_t) 1 << N) << N) - 1) * 2 + 2))];
                                                     ^
conftest.c:67:12: error: storage size of 'test_array' isn't constant
 static int test_array [1 - 2 * !((int32_t) (((((int32_t) 1 << N) << N) - 1) * 2 + 1)
            ^
conftest.c:67:12: warning: unused variable 'test_array' [-Wunused-variable]
configure:13675: $? = 1
configure: failed program was:
| /* confdefs.h */
| #define PACKAGE_NAME "spice-common"
| #define PACKAGE_TARNAME "spice-common"
| #define PACKAGE_VERSION "noversion"
| #define PACKAGE_STRING "spice-common noversion"
| #define PACKAGE_BUGREPORT "spice-devel@lists.freedesktop.org"
| #define PACKAGE_URL ""
| #define PACKAGE "spice-common"
| #define VERSION "noversion"
| #define STDC_HEADERS 1
| #define HAVE_SYS_TYPES_H 1
| #define HAVE_SYS_STAT_H 1
| #define HAVE_STDLIB_H 1
| #define HAVE_STRING_H 1
| #define HAVE_MEMORY_H 1
| #define HAVE_STRINGS_H 1
| #define HAVE_INTTYPES_H 1
| #define HAVE_STDINT_H 1
| #define HAVE_UNISTD_H 1
| #define HAVE_DLFCN_H 1
| #define LT_OBJDIR ".libs/"
| #define HAVE_ALLOCA 1
| #define HAVE_MALLOC_H 1
| #define HAVE_STDDEF_H 1
| #define HAVE_STDINT_H 1
| #define HAVE_STDLIB_H 1
| #define HAVE_STRING_H 1
| #define HAVE_UNISTD_H 1
| /* end confdefs.h.  */
| #include <stdio.h>
| #ifdef HAVE_SYS_TYPES_H
| # include <sys/types.h>
| #endif
| #ifdef HAVE_SYS_STAT_H
| # include <sys/stat.h>
| #endif
| #ifdef STDC_HEADERS
| # include <stdlib.h>
| # include <stddef.h>
| #else
| # ifdef HAVE_STDLIB_H
| #  include <stdlib.h>
| # endif
| #endif
| #ifdef HAVE_STRING_H
| # if !defined STDC_HEADERS && defined HAVE_MEMORY_H
| #  include <memory.h>
| # endif
| # include <string.h>
| #endif
| #ifdef HAVE_STRINGS_H
| # include <strings.h>
| #endif
| #ifdef HAVE_INTTYPES_H
| # include <inttypes.h>
| #endif
| #ifdef HAVE_STDINT_H
| # include <stdint.h>
| #endif
| #ifdef HAVE_UNISTD_H
| # include <unistd.h>
| #endif
| 	        enum { N = 32 / 2 - 1 };
| int
| main ()
| {
| static int test_array [1 - 2 * !((int32_t) (((((int32_t) 1 << N) << N) - 1) * 2 + 1)
| 		 < (int32_t) (((((int32_t) 1 << N) << N) - 1) * 2 + 2))];
| test_array [0] = 0;
| return test_array [0];
| 
|   ;
|   return 0;
| }
configure:13675: result: yes
configure:13686: checking for int64_t
configure:13686: x86_64-w64-mingw32-gcc -std=gnu99 -c  -O2 -g -pipe -Wall -Wp,-D_FORTIFY_SOURCE=2 -fexceptions --param=ssp-buffer-size=4  conftest.c >&5
configure:13686: $? = 0
configure:13686: x86_64-w64-mingw32-gcc -std=gnu99 -c  -O2 -g -pipe -Wall -Wp,-D_FORTIFY_SOURCE=2 -fexceptions --param=ssp-buffer-size=4  conftest.c >&5
conftest.c: In function 'main':
conftest.c:68:53: warning: integer overflow in expression [-Woverflow]
    < (int64_t) (((((int64_t) 1 << N) << N) - 1) * 2 + 2))];
                                                     ^
conftest.c:67:12: error: storage size of 'test_array' isn't constant
 static int test_array [1 - 2 * !((int64_t) (((((int64_t) 1 << N) << N) - 1) * 2 + 1)
            ^
conftest.c:67:12: warning: unused variable 'test_array' [-Wunused-variable]
configure:13686: $? = 1
configure: failed program was:
| /* confdefs.h */
| #define PACKAGE_NAME "spice-common"
| #define PACKAGE_TARNAME "spice-common"
| #define PACKAGE_VERSION "noversion"
| #define PACKAGE_STRING "spice-common noversion"
| #define PACKAGE_BUGREPORT "spice-devel@lists.freedesktop.org"
| #define PACKAGE_URL ""
| #define PACKAGE "spice-common"
| #define VERSION "noversion"
| #define STDC_HEADERS 1
| #define HAVE_SYS_TYPES_H 1
| #define HAVE_SYS_STAT_H 1
| #define HAVE_STDLIB_H 1
| #define HAVE_STRING_H 1
| #define HAVE_MEMORY_H 1
| #define HAVE_STRINGS_H 1
| #define HAVE_INTTYPES_H 1
| #define HAVE_STDINT_H 1
| #define HAVE_UNISTD_H 1
| #define HAVE_DLFCN_H 1
| #define LT_OBJDIR ".libs/"
| #define HAVE_ALLOCA 1
| #define HAVE_MALLOC_H 1
| #define HAVE_STDDEF_H 1
| #define HAVE_STDINT_H 1
| #define HAVE_STDLIB_H 1
| #define HAVE_STRING_H 1
| #define HAVE_UNISTD_H 1
| /* end confdefs.h.  */
| #include <stdio.h>
| #ifdef HAVE_SYS_TYPES_H
| # include <sys/types.h>
| #endif
| #ifdef HAVE_SYS_STAT_H
| # include <sys/stat.h>
| #endif
| #ifdef STDC_HEADERS
| # include <stdlib.h>
| # include <stddef.h>
| #else
| # ifdef HAVE_STDLIB_H
| #  include <stdlib.h>
| # endif
| #endif
| #ifdef HAVE_STRING_H
| # if !defined STDC_HEADERS && defined HAVE_MEMORY_H
| #  include <memory.h>
| # endif
| # include <string.h>
| #endif
| #ifdef HAVE_STRINGS_H
| # include <strings.h>
| #endif
| #ifdef HAVE_INTTYPES_H
| # include <inttypes.h>
| #endif
| #ifdef HAVE_STDINT_H
| # include <stdint.h>
| #endif
| #ifdef HAVE_UNISTD_H
| # include <unistd.h>
| #endif
| 	        enum { N = 64 / 2 - 1 };
| int
| main ()
| {
| static int test_array [1 - 2 * !((int64_t) (((((int64_t) 1 << N) << N) - 1) * 2 + 1)
| 		 < (int64_t) (((((int64_t) 1 << N) << N) - 1) * 2 + 2))];
| test_array [0] = 0;
| return test_array [0];
| 
|   ;
|   return 0;
| }
configure:13686: result: yes
configure:13697: checking for int8_t
configure:13697: x86_64-w64-mingw32-gcc -std=gnu99 -c  -O2 -g -pipe -Wall -Wp,-D_FORTIFY_SOURCE=2 -fexceptions --param=ssp-buffer-size=4  conftest.c >&5
configure:13697: $? = 0
configure:13697: x86_64-w64-mingw32-gcc -std=gnu99 -c  -O2 -g -pipe -Wall -Wp,-D_FORTIFY_SOURCE=2 -fexceptions --param=ssp-buffer-size=4  conftest.c >&5
conftest.c: In function 'main':
conftest.c:67:12: error: size of array 'test_array' is negative
 static int test_array [1 - 2 * !((int8_t) (((((int8_t) 1 << N) << N) - 1) * 2 + 1)
            ^
configure:13697: $? = 1
configure: failed program was:
| /* confdefs.h */
| #define PACKAGE_NAME "spice-common"
| #define PACKAGE_TARNAME "spice-common"
| #define PACKAGE_VERSION "noversion"
| #define PACKAGE_STRING "spice-common noversion"
| #define PACKAGE_BUGREPORT "spice-devel@lists.freedesktop.org"
| #define PACKAGE_URL ""
| #define PACKAGE "spice-common"
| #define VERSION "noversion"
| #define STDC_HEADERS 1
| #define HAVE_SYS_TYPES_H 1
| #define HAVE_SYS_STAT_H 1
| #define HAVE_STDLIB_H 1
| #define HAVE_STRING_H 1
| #define HAVE_MEMORY_H 1
| #define HAVE_STRINGS_H 1
| #define HAVE_INTTYPES_H 1
| #define HAVE_STDINT_H 1
| #define HAVE_UNISTD_H 1
| #define HAVE_DLFCN_H 1
| #define LT_OBJDIR ".libs/"
| #define HAVE_ALLOCA 1
| #define HAVE_MALLOC_H 1
| #define HAVE_STDDEF_H 1
| #define HAVE_STDINT_H 1
| #define HAVE_STDLIB_H 1
| #define HAVE_STRING_H 1
| #define HAVE_UNISTD_H 1
| /* end confdefs.h.  */
| #include <stdio.h>
| #ifdef HAVE_SYS_TYPES_H
| # include <sys/types.h>
| #endif
| #ifdef HAVE_SYS_STAT_H
| # include <sys/stat.h>
| #endif
| #ifdef STDC_HEADERS
| # include <stdlib.h>
| # include <stddef.h>
| #else
| # ifdef HAVE_STDLIB_H
| #  include <stdlib.h>
| # endif
| #endif
| #ifdef HAVE_STRING_H
| # if !defined STDC_HEADERS && defined HAVE_MEMORY_H
| #  include <memory.h>
| # endif
| # include <string.h>
| #endif
| #ifdef HAVE_STRINGS_H
| # include <strings.h>
| #endif
| #ifdef HAVE_INTTYPES_H
| # include <inttypes.h>
| #endif
| #ifdef HAVE_STDINT_H
| # include <stdint.h>
| #endif
| #ifdef HAVE_UNISTD_H
| # include <unistd.h>
| #endif
| 	        enum { N = 8 / 2 - 1 };
| int
| main ()
| {
| static int test_array [1 - 2 * !((int8_t) (((((int8_t) 1 << N) << N) - 1) * 2 + 1)
| 		 < (int8_t) (((((int8_t) 1 << N) << N) - 1) * 2 + 2))];
| test_array [0] = 0;
| return test_array [0];
| 
|   ;
|   return 0;
| }
configure:13697: result: yes
configure:13708: checking for pid_t
configure:13708: x86_64-w64-mingw32-gcc -std=gnu99 -c  -O2 -g -pipe -Wall -Wp,-D_FORTIFY_SOURCE=2 -fexceptions --param=ssp-buffer-size=4  conftest.c >&5
configure:13708: $? = 0
configure:13708: x86_64-w64-mingw32-gcc -std=gnu99 -c  -O2 -g -pipe -Wall -Wp,-D_FORTIFY_SOURCE=2 -fexceptions --param=ssp-buffer-size=4  conftest.c >&5
conftest.c: In function 'main':
conftest.c:66:20: error: expected expression before ')' token
 if (sizeof ((pid_t)))
                    ^
configure:13708: $? = 1
configure: failed program was:
| /* confdefs.h */
| #define PACKAGE_NAME "spice-common"
| #define PACKAGE_TARNAME "spice-common"
| #define PACKAGE_VERSION "noversion"
| #define PACKAGE_STRING "spice-common noversion"
| #define PACKAGE_BUGREPORT "spice-devel@lists.freedesktop.org"
| #define PACKAGE_URL ""
| #define PACKAGE "spice-common"
| #define VERSION "noversion"
| #define STDC_HEADERS 1
| #define HAVE_SYS_TYPES_H 1
| #define HAVE_SYS_STAT_H 1
| #define HAVE_STDLIB_H 1
| #define HAVE_STRING_H 1
| #define HAVE_MEMORY_H 1
| #define HAVE_STRINGS_H 1
| #define HAVE_INTTYPES_H 1
| #define HAVE_STDINT_H 1
| #define HAVE_UNISTD_H 1
| #define HAVE_DLFCN_H 1
| #define LT_OBJDIR ".libs/"
| #define HAVE_ALLOCA 1
| #define HAVE_MALLOC_H 1
| #define HAVE_STDDEF_H 1
| #define HAVE_STDINT_H 1
| #define HAVE_STDLIB_H 1
| #define HAVE_STRING_H 1
| #define HAVE_UNISTD_H 1
| /* end confdefs.h.  */
| #include <stdio.h>
| #ifdef HAVE_SYS_TYPES_H
| # include <sys/types.h>
| #endif
| #ifdef HAVE_SYS_STAT_H
| # include <sys/stat.h>
| #endif
| #ifdef STDC_HEADERS
| # include <stdlib.h>
| # include <stddef.h>
| #else
| # ifdef HAVE_STDLIB_H
| #  include <stdlib.h>
| # endif
| #endif
| #ifdef HAVE_STRING_H
| # if !defined STDC_HEADERS && defined HAVE_MEMORY_H
| #  include <memory.h>
| # endif
| # include <string.h>
| #endif
| #ifdef HAVE_STRINGS_H
| # include <strings.h>
| #endif
| #ifdef HAVE_INTTYPES_H
| # include <inttypes.h>
| #endif
| #ifdef HAVE_STDINT_H
| # include <stdint.h>
| #endif
| #ifdef HAVE_UNISTD_H
| # include <unistd.h>
| #endif
| int
| main ()
| {
| if (sizeof ((pid_t)))
| 	    return 0;
|   ;
|   return 0;
| }
configure:13708: result: yes
configure:13719: checking for size_t
configure:13719: result: yes
configure:13730: checking for uint16_t
configure:13730: x86_64-w64-mingw32-gcc -std=gnu99 -c  -O2 -g -pipe -Wall -Wp,-D_FORTIFY_SOURCE=2 -fexceptions --param=ssp-buffer-size=4  conftest.c >&5
configure:13730: $? = 0
configure:13730: result: yes
configure:13742: checking for uint32_t
configure:13742: x86_64-w64-mingw32-gcc -std=gnu99 -c  -O2 -g -pipe -Wall -Wp,-D_FORTIFY_SOURCE=2 -fexceptions --param=ssp-buffer-size=4  conftest.c >&5
configure:13742: $? = 0
configure:13742: result: yes
configure:13756: checking for uint64_t
configure:13756: x86_64-w64-mingw32-gcc -std=gnu99 -c  -O2 -g -pipe -Wall -Wp,-D_FORTIFY_SOURCE=2 -fexceptions --param=ssp-buffer-size=4  conftest.c >&5
configure:13756: $? = 0
configure:13756: result: yes
configure:13770: checking for uint8_t
configure:13770: x86_64-w64-mingw32-gcc -std=gnu99 -c  -O2 -g -pipe -Wall -Wp,-D_FORTIFY_SOURCE=2 -fexceptions --param=ssp-buffer-size=4  conftest.c >&5
configure:13770: $? = 0
configure:13770: result: yes
configure:13787: checking for error_at_line
configure:13803: x86_64-w64-mingw32-gcc -std=gnu99 -o conftest.exe  -O2 -g -pipe -Wall -Wp,-D_FORTIFY_SOURCE=2 -fexceptions --param=ssp-buffer-size=4   conftest.c  >&5
conftest.c: In function 'main':
conftest.c:34:1: warning: implicit declaration of function 'error_at_line' [-Wimplicit-function-declaration]
 error_at_line (0, 0, "", 0, "an error occurred");
 ^
/tmp/ccusz44I.o: In function `main':
/root/EzView/spice-gtk-0.22/spice-common/conftest.c:34: undefined reference to `error_at_line'
collect2: error: ld returned 1 exit status
configure:13803: $? = 1
configure: failed program was:
| /* confdefs.h */
| #define PACKAGE_NAME "spice-common"
| #define PACKAGE_TARNAME "spice-common"
| #define PACKAGE_VERSION "noversion"
| #define PACKAGE_STRING "spice-common noversion"
| #define PACKAGE_BUGREPORT "spice-devel@lists.freedesktop.org"
| #define PACKAGE_URL ""
| #define PACKAGE "spice-common"
| #define VERSION "noversion"
| #define STDC_HEADERS 1
| #define HAVE_SYS_TYPES_H 1
| #define HAVE_SYS_STAT_H 1
| #define HAVE_STDLIB_H 1
| #define HAVE_STRING_H 1
| #define HAVE_MEMORY_H 1
| #define HAVE_STRINGS_H 1
| #define HAVE_INTTYPES_H 1
| #define HAVE_STDINT_H 1
| #define HAVE_UNISTD_H 1
| #define HAVE_DLFCN_H 1
| #define LT_OBJDIR ".libs/"
| #define HAVE_ALLOCA 1
| #define HAVE_MALLOC_H 1
| #define HAVE_STDDEF_H 1
| #define HAVE_STDINT_H 1
| #define HAVE_STDLIB_H 1
| #define HAVE_STRING_H 1
| #define HAVE_UNISTD_H 1
| /* end confdefs.h.  */
| #include <error.h>
| int
| main ()
| {
| error_at_line (0, 0, "", 0, "an error occurred");
|   ;
|   return 0;
| }
configure:13811: result: no
configure:13824: checking vfork.h usability
configure:13824: x86_64-w64-mingw32-gcc -std=gnu99 -c  -O2 -g -pipe -Wall -Wp,-D_FORTIFY_SOURCE=2 -fexceptions --param=ssp-buffer-size=4  conftest.c >&5
conftest.c:63:19: fatal error: vfork.h: No such file or directory
 #include <vfork.h>
                   ^
compilation terminated.
configure:13824: $? = 1
configure: failed program was:
| /* confdefs.h */
| #define PACKAGE_NAME "spice-common"
| #define PACKAGE_TARNAME "spice-common"
| #define PACKAGE_VERSION "noversion"
| #define PACKAGE_STRING "spice-common noversion"
| #define PACKAGE_BUGREPORT "spice-devel@lists.freedesktop.org"
| #define PACKAGE_URL ""
| #define PACKAGE "spice-common"
| #define VERSION "noversion"
| #define STDC_HEADERS 1
| #define HAVE_SYS_TYPES_H 1
| #define HAVE_SYS_STAT_H 1
| #define HAVE_STDLIB_H 1
| #define HAVE_STRING_H 1
| #define HAVE_MEMORY_H 1
| #define HAVE_STRINGS_H 1
| #define HAVE_INTTYPES_H 1
| #define HAVE_STDINT_H 1
| #define HAVE_UNISTD_H 1
| #define HAVE_DLFCN_H 1
| #define LT_OBJDIR ".libs/"
| #define HAVE_ALLOCA 1
| #define HAVE_MALLOC_H 1
| #define HAVE_STDDEF_H 1
| #define HAVE_STDINT_H 1
| #define HAVE_STDLIB_H 1
| #define HAVE_STRING_H 1
| #define HAVE_UNISTD_H 1
| /* end confdefs.h.  */
| #include <stdio.h>
| #ifdef HAVE_SYS_TYPES_H
| # include <sys/types.h>
| #endif
| #ifdef HAVE_SYS_STAT_H
| # include <sys/stat.h>
| #endif
| #ifdef STDC_HEADERS
| # include <stdlib.h>
| # include <stddef.h>
| #else
| # ifdef HAVE_STDLIB_H
| #  include <stdlib.h>
| # endif
| #endif
| #ifdef HAVE_STRING_H
| # if !defined STDC_HEADERS && defined HAVE_MEMORY_H
| #  include <memory.h>
| # endif
| # include <string.h>
| #endif
| #ifdef HAVE_STRINGS_H
| # include <strings.h>
| #endif
| #ifdef HAVE_INTTYPES_H
| # include <inttypes.h>
| #endif
| #ifdef HAVE_STDINT_H
| # include <stdint.h>
| #endif
| #ifdef HAVE_UNISTD_H
| # include <unistd.h>
| #endif
| #include <vfork.h>
configure:13824: result: no
configure:13824: checking vfork.h presence
configure:13824: /usr/bin/x86_64-w64-mingw32-cpp  conftest.c
conftest.c:30:19: fatal error: vfork.h: No such file or directory
 #include <vfork.h>
                   ^
compilation terminated.
configure:13824: $? = 1
configure: failed program was:
| /* confdefs.h */
| #define PACKAGE_NAME "spice-common"
| #define PACKAGE_TARNAME "spice-common"
| #define PACKAGE_VERSION "noversion"
| #define PACKAGE_STRING "spice-common noversion"
| #define PACKAGE_BUGREPORT "spice-devel@lists.freedesktop.org"
| #define PACKAGE_URL ""
| #define PACKAGE "spice-common"
| #define VERSION "noversion"
| #define STDC_HEADERS 1
| #define HAVE_SYS_TYPES_H 1
| #define HAVE_SYS_STAT_H 1
| #define HAVE_STDLIB_H 1
| #define HAVE_STRING_H 1
| #define HAVE_MEMORY_H 1
| #define HAVE_STRINGS_H 1
| #define HAVE_INTTYPES_H 1
| #define HAVE_STDINT_H 1
| #define HAVE_UNISTD_H 1
| #define HAVE_DLFCN_H 1
| #define LT_OBJDIR ".libs/"
| #define HAVE_ALLOCA 1
| #define HAVE_MALLOC_H 1
| #define HAVE_STDDEF_H 1
| #define HAVE_STDINT_H 1
| #define HAVE_STDLIB_H 1
| #define HAVE_STRING_H 1
| #define HAVE_UNISTD_H 1
| /* end confdefs.h.  */
| #include <vfork.h>
configure:13824: result: no
configure:13824: checking for vfork.h
configure:13824: result: no
configure:13837: checking for fork
configure:13837: x86_64-w64-mingw32-gcc -std=gnu99 -o conftest.exe  -O2 -g -pipe -Wall -Wp,-D_FORTIFY_SOURCE=2 -fexceptions --param=ssp-buffer-size=4   conftest.c  >&5
conftest.c:53:6: warning: conflicting types for built-in function 'fork' [enabled by default]
 char fork ();
      ^
/tmp/ccyr3lDS.o: In function `main':
/root/EzView/spice-gtk-0.22/spice-common/conftest.c:64: undefined reference to `fork'
collect2: error: ld returned 1 exit status
configure:13837: $? = 1
configure: failed program was:
| /* confdefs.h */
| #define PACKAGE_NAME "spice-common"
| #define PACKAGE_TARNAME "spice-common"
| #define PACKAGE_VERSION "noversion"
| #define PACKAGE_STRING "spice-common noversion"
| #define PACKAGE_BUGREPORT "spice-devel@lists.freedesktop.org"
| #define PACKAGE_URL ""
| #define PACKAGE "spice-common"
| #define VERSION "noversion"
| #define STDC_HEADERS 1
| #define HAVE_SYS_TYPES_H 1
| #define HAVE_SYS_STAT_H 1
| #define HAVE_STDLIB_H 1
| #define HAVE_STRING_H 1
| #define HAVE_MEMORY_H 1
| #define HAVE_STRINGS_H 1
| #define HAVE_INTTYPES_H 1
| #define HAVE_STDINT_H 1
| #define HAVE_UNISTD_H 1
| #define HAVE_DLFCN_H 1
| #define LT_OBJDIR ".libs/"
| #define HAVE_ALLOCA 1
| #define HAVE_MALLOC_H 1
| #define HAVE_STDDEF_H 1
| #define HAVE_STDINT_H 1
| #define HAVE_STDLIB_H 1
| #define HAVE_STRING_H 1
| #define HAVE_UNISTD_H 1
| /* end confdefs.h.  */
| /* Define fork to an innocuous variant, in case <limits.h> declares fork.
|    For example, HP-UX 11i <limits.h> declares gettimeofday.  */
| #define fork innocuous_fork
| 
| /* System header to define __stub macros and hopefully few prototypes,
|     which can conflict with char fork (); below.
|     Prefer <limits.h> to <assert.h> if __STDC__ is defined, since
|     <limits.h> exists even on freestanding compilers.  */
| 
| #ifdef __STDC__
| # include <limits.h>
| #else
| # include <assert.h>
| #endif
| 
| #undef fork
| 
| /* Override any GCC internal prototype to avoid an error.
|    Use char because int might match the return type of a GCC
|    builtin and then its argument prototype would still apply.  */
| #ifdef __cplusplus
| extern "C"
| #endif
| char fork ();
| /* The GNU C library defines this for functions which it implements
|     to always fail with ENOSYS.  Some functions are actually named
|     something starting with __ and the normal name is an alias.  */
| #if defined __stub_fork || defined __stub___fork
| choke me
| #endif
| 
| int
| main ()
| {
| return fork ();
|   ;
|   return 0;
| }
configure:13837: result: no
configure:13837: checking for vfork
configure:13837: x86_64-w64-mingw32-gcc -std=gnu99 -o conftest.exe  -O2 -g -pipe -Wall -Wp,-D_FORTIFY_SOURCE=2 -fexceptions --param=ssp-buffer-size=4   conftest.c  >&5
/tmp/cciW4VIU.o: In function `main':
/root/EzView/spice-gtk-0.22/spice-common/conftest.c:64: undefined reference to `vfork'
collect2: error: ld returned 1 exit status
configure:13837: $? = 1
configure: failed program was:
| /* confdefs.h */
| #define PACKAGE_NAME "spice-common"
| #define PACKAGE_TARNAME "spice-common"
| #define PACKAGE_VERSION "noversion"
| #define PACKAGE_STRING "spice-common noversion"
| #define PACKAGE_BUGREPORT "spice-devel@lists.freedesktop.org"
| #define PACKAGE_URL ""
| #define PACKAGE "spice-common"
| #define VERSION "noversion"
| #define STDC_HEADERS 1
| #define HAVE_SYS_TYPES_H 1
| #define HAVE_SYS_STAT_H 1
| #define HAVE_STDLIB_H 1
| #define HAVE_STRING_H 1
| #define HAVE_MEMORY_H 1
| #define HAVE_STRINGS_H 1
| #define HAVE_INTTYPES_H 1
| #define HAVE_STDINT_H 1
| #define HAVE_UNISTD_H 1
| #define HAVE_DLFCN_H 1
| #define LT_OBJDIR ".libs/"
| #define HAVE_ALLOCA 1
| #define HAVE_MALLOC_H 1
| #define HAVE_STDDEF_H 1
| #define HAVE_STDINT_H 1
| #define HAVE_STDLIB_H 1
| #define HAVE_STRING_H 1
| #define HAVE_UNISTD_H 1
| /* end confdefs.h.  */
| /* Define vfork to an innocuous variant, in case <limits.h> declares vfork.
|    For example, HP-UX 11i <limits.h> declares gettimeofday.  */
| #define vfork innocuous_vfork
| 
| /* System header to define __stub macros and hopefully few prototypes,
|     which can conflict with char vfork (); below.
|     Prefer <limits.h> to <assert.h> if __STDC__ is defined, since
|     <limits.h> exists even on freestanding compilers.  */
| 
| #ifdef __STDC__
| # include <limits.h>
| #else
| # include <assert.h>
| #endif
| 
| #undef vfork
| 
| /* Override any GCC internal prototype to avoid an error.
|    Use char because int might match the return type of a GCC
|    builtin and then its argument prototype would still apply.  */
| #ifdef __cplusplus
| extern "C"
| #endif
| char vfork ();
| /* The GNU C library defines this for functions which it implements
|     to always fail with ENOSYS.  Some functions are actually named
|     something starting with __ and the normal name is an alias.  */
| #if defined __stub_vfork || defined __stub___vfork
| choke me
| #endif
| 
| int
| main ()
| {
| return vfork ();
|   ;
|   return 0;
| }
configure:13837: result: no
configure:14038: checking for dup2
configure:14038: x86_64-w64-mingw32-gcc -std=gnu99 -o conftest.exe  -O2 -g -pipe -Wall -Wp,-D_FORTIFY_SOURCE=2 -fexceptions --param=ssp-buffer-size=4   conftest.c  >&5
configure:14038: $? = 0
configure:14038: result: yes
configure:14038: checking for floor
configure:14038: x86_64-w64-mingw32-gcc -std=gnu99 -o conftest.exe  -O2 -g -pipe -Wall -Wp,-D_FORTIFY_SOURCE=2 -fexceptions --param=ssp-buffer-size=4   conftest.c  >&5
conftest.c:55:6: warning: conflicting types for built-in function 'floor' [enabled by default]
 char floor ();
      ^
configure:14038: $? = 0
configure:14038: result: yes
configure:14038: checking for inet_ntoa
configure:14038: x86_64-w64-mingw32-gcc -std=gnu99 -o conftest.exe  -O2 -g -pipe -Wall -Wp,-D_FORTIFY_SOURCE=2 -fexceptions --param=ssp-buffer-size=4   conftest.c  >&5
/tmp/cc1YFXs8.o: In function `main':
/root/EzView/spice-gtk-0.22/spice-common/conftest.c:67: undefined reference to `inet_ntoa'
collect2: error: ld returned 1 exit status
configure:14038: $? = 1
configure: failed program was:
| /* confdefs.h */
| #define PACKAGE_NAME "spice-common"
| #define PACKAGE_TARNAME "spice-common"
| #define PACKAGE_VERSION "noversion"
| #define PACKAGE_STRING "spice-common noversion"
| #define PACKAGE_BUGREPORT "spice-devel@lists.freedesktop.org"
| #define PACKAGE_URL ""
| #define PACKAGE "spice-common"
| #define VERSION "noversion"
| #define STDC_HEADERS 1
| #define HAVE_SYS_TYPES_H 1
| #define HAVE_SYS_STAT_H 1
| #define HAVE_STDLIB_H 1
| #define HAVE_STRING_H 1
| #define HAVE_MEMORY_H 1
| #define HAVE_STRINGS_H 1
| #define HAVE_INTTYPES_H 1
| #define HAVE_STDINT_H 1
| #define HAVE_UNISTD_H 1
| #define HAVE_DLFCN_H 1
| #define LT_OBJDIR ".libs/"
| #define HAVE_ALLOCA 1
| #define HAVE_MALLOC_H 1
| #define HAVE_STDDEF_H 1
| #define HAVE_STDINT_H 1
| #define HAVE_STDLIB_H 1
| #define HAVE_STRING_H 1
| #define HAVE_UNISTD_H 1
| #define vfork fork
| #define HAVE_DUP2 1
| #define HAVE_FLOOR 1
| /* end confdefs.h.  */
| /* Define inet_ntoa to an innocuous variant, in case <limits.h> declares inet_ntoa.
|    For example, HP-UX 11i <limits.h> declares gettimeofday.  */
| #define inet_ntoa innocuous_inet_ntoa
| 
| /* System header to define __stub macros and hopefully few prototypes,
|     which can conflict with char inet_ntoa (); below.
|     Prefer <limits.h> to <assert.h> if __STDC__ is defined, since
|     <limits.h> exists even on freestanding compilers.  */
| 
| #ifdef __STDC__
| # include <limits.h>
| #else
| # include <assert.h>
| #endif
| 
| #undef inet_ntoa
| 
| /* Override any GCC internal prototype to avoid an error.
|    Use char because int might match the return type of a GCC
|    builtin and then its argument prototype would still apply.  */
| #ifdef __cplusplus
| extern "C"
| #endif
| char inet_ntoa ();
| /* The GNU C library defines this for functions which it implements
|     to always fail with ENOSYS.  Some functions are actually named
|     something starting with __ and the normal name is an alias.  */
| #if defined __stub_inet_ntoa || defined __stub___inet_ntoa
| choke me
| #endif
| 
| int
| main ()
| {
| return inet_ntoa ();
|   ;
|   return 0;
| }
configure:14038: result: no
configure:14038: checking for memmove
configure:14038: x86_64-w64-mingw32-gcc -std=gnu99 -o conftest.exe  -O2 -g -pipe -Wall -Wp,-D_FORTIFY_SOURCE=2 -fexceptions --param=ssp-buffer-size=4   conftest.c  >&5
conftest.c:56:6: warning: conflicting types for built-in function 'memmove' [enabled by default]
 char memmove ();
      ^
configure:14038: $? = 0
configure:14038: result: yes
configure:14038: checking for memset
configure:14038: x86_64-w64-mingw32-gcc -std=gnu99 -o conftest.exe  -O2 -g -pipe -Wall -Wp,-D_FORTIFY_SOURCE=2 -fexceptions --param=ssp-buffer-size=4   conftest.c  >&5
conftest.c:57:6: warning: conflicting types for built-in function 'memset' [enabled by default]
 char memset ();
      ^
configure:14038: $? = 0
configure:14038: result: yes
configure:14038: checking for pow
configure:14038: x86_64-w64-mingw32-gcc -std=gnu99 -o conftest.exe  -O2 -g -pipe -Wall -Wp,-D_FORTIFY_SOURCE=2 -fexceptions --param=ssp-buffer-size=4   conftest.c  >&5
conftest.c:58:6: warning: conflicting types for built-in function 'pow' [enabled by default]
 char pow ();
      ^
configure:14038: $? = 0
configure:14038: result: yes
configure:14038: checking for sqrt
configure:14038: x86_64-w64-mingw32-gcc -std=gnu99 -o conftest.exe  -O2 -g -pipe -Wall -Wp,-D_FORTIFY_SOURCE=2 -fexceptions --param=ssp-buffer-size=4   conftest.c  >&5
conftest.c:59:6: warning: conflicting types for built-in function 'sqrt' [enabled by default]
 char sqrt ();
      ^
configure:14038: $? = 0
configure:14038: result: yes
configure:14051: checking for native Win32
configure:14061: result: yes
configure:14186: checking that generated files are newer than configure
configure:14192: result: done
configure:14231: creating ./config.status

## ---------------------- ##
## Running config.status. ##
## ---------------------- ##

This file was extended by spice-common config.status noversion, which was
generated by GNU Autoconf 2.69.  Invocation command line was

  CONFIG_FILES    = 
  CONFIG_HEADERS  = 
  CONFIG_LINKS    = 
  CONFIG_COMMANDS = 
  $ ./config.status 

on spice-linux

config.status:1131: creating Makefile
config.status:1131: creating common/Makefile
config.status:1131: creating python_modules/Makefile
config.status:1131: creating config.h
config.status:1360: executing depfiles commands
config.status:1360: executing libtool commands
configure:16523: === configuring in spice-protocol (/root/EzView/spice-gtk-0.22/spice-common/spice-protocol)
configure:16586: running /bin/sh ./configure --disable-option-checking '--prefix=/usr/x86_64-w64-mingw32/sys-root/mingw'  '--host=x86_64-w64-mingw32' '--build=x86_64-redhat-linux-gnu' '--target=x86_64-w64-mingw32' '--exec-prefix=/usr/x86_64-w64-mingw32/sys-root/mingw' '--bindir=/usr/x86_64-w64-mingw32/sys-root/mingw/bin' '--sbindir=/usr/x86_64-w64-mingw32/sys-root/mingw/sbin' '--sysconfdir=/usr/x86_64-w64-mingw32/sys-root/mingw/etc' '--datadir=/usr/x86_64-w64-mingw32/sys-root/mingw/share' '--includedir=/usr/x86_64-w64-mingw32/sys-root/mingw/include' '--libdir=/usr/x86_64-w64-mingw32/sys-root/mingw/lib' '--libexecdir=/usr/x86_64-w64-mingw32/sys-root/mingw/libexec' '--localstatedir=/usr/x86_64-w64-mingw32/sys-root/mingw/var' '--sharedstatedir=/usr/x86_64-w64-mingw32/sys-root/mingw/com' '--mandir=/usr/x86_64-w64-mingw32/sys-root/mingw/share/man' '--infodir=/usr/x86_64-w64-mingw32/sys-root/mingw/share/info' '--with-gtk=2.0' '--enable-usbredir=yes' '--with-sasl=no' '--with-audio=gstreamer' '--with-python=no' '--enable-smartcard=no' 'build_alias=x86_64-redhat-linux-gnu' 'host_alias=x86_64-w64-mingw32' 'target_alias=x86_64-w64-mingw32' 'CC=x86_64-w64-mingw32-gcc' 'CFLAGS= -O2 -g -pipe -Wall -Wp,-D_FORTIFY_SOURCE=2 -fexceptions --param=ssp-buffer-size=4' 'LDFLAGS=' 'CPPFLAGS=' 'CPP=/usr/bin/x86_64-w64-mingw32-cpp' 'PKG_CONFIG=/usr/bin/x86_64-w64-mingw32-pkg-config' --cache-file=/dev/null --srcdir=.

## ---------------- ##
## Cache variables. ##
## ---------------- ##

ac_cv_build=x86_64-redhat-linux-gnu
ac_cv_c_compiler_gnu=yes
ac_cv_c_inline=inline
ac_cv_c_int16_t=yes
ac_cv_c_int32_t=yes
ac_cv_c_int64_t=yes
ac_cv_c_int8_t=yes
ac_cv_c_uint16_t=yes
ac_cv_c_uint32_t=yes
ac_cv_c_uint64_t=yes
ac_cv_c_uint8_t=yes
ac_cv_env_CC_set=set
ac_cv_env_CC_value=x86_64-w64-mingw32-gcc
ac_cv_env_CFLAGS_set=set
ac_cv_env_CFLAGS_value=' -O2 -g -pipe -Wall -Wp,-D_FORTIFY_SOURCE=2 -fexceptions --param=ssp-buffer-size=4'
ac_cv_env_CPPFLAGS_set=set
ac_cv_env_CPPFLAGS_value=
ac_cv_env_CPP_set=set
ac_cv_env_CPP_value=/usr/bin/x86_64-w64-mingw32-cpp
ac_cv_env_LDFLAGS_set=set
ac_cv_env_LDFLAGS_value=
ac_cv_env_LIBS_set=
ac_cv_env_LIBS_value=
ac_cv_env_PIXMAN_CFLAGS_set=
ac_cv_env_PIXMAN_CFLAGS_value=
ac_cv_env_PIXMAN_LIBS_set=
ac_cv_env_PIXMAN_LIBS_value=
ac_cv_env_PKG_CONFIG_LIBDIR_set=
ac_cv_env_PKG_CONFIG_LIBDIR_value=
ac_cv_env_PKG_CONFIG_PATH_set=
ac_cv_env_PKG_CONFIG_PATH_value=
ac_cv_env_PKG_CONFIG_set=set
ac_cv_env_PKG_CONFIG_value=/usr/bin/x86_64-w64-mingw32-pkg-config
ac_cv_env_SMARTCARD_CFLAGS_set=
ac_cv_env_SMARTCARD_CFLAGS_value=
ac_cv_env_SMARTCARD_LIBS_set=
ac_cv_env_SMARTCARD_LIBS_value=
ac_cv_env_XMKMF_set=
ac_cv_env_XMKMF_value=
ac_cv_env_build_alias_set=set
ac_cv_env_build_alias_value=x86_64-redhat-linux-gnu
ac_cv_env_host_alias_set=set
ac_cv_env_host_alias_value=x86_64-w64-mingw32
ac_cv_env_target_alias_set=set
ac_cv_env_target_alias_value=x86_64-w64-mingw32
ac_cv_exeext=.exe
ac_cv_func_alloca_works=yes
ac_cv_func_dup2=yes
ac_cv_func_floor=yes
ac_cv_func_fork=no
ac_cv_func_fork_works=no
ac_cv_func_inet_ntoa=no
ac_cv_func_memmove=yes
ac_cv_func_memset=yes
ac_cv_func_pow=yes
ac_cv_func_sqrt=yes
ac_cv_func_vfork=no
ac_cv_func_vfork_works=no
ac_cv_have_x=have_x=no
ac_cv_header_arpa_inet_h=no
ac_cv_header_dlfcn_h=yes
ac_cv_header_inttypes_h=yes
ac_cv_header_malloc_h=yes
ac_cv_header_memory_h=yes
ac_cv_header_netinet_in_h=no
ac_cv_header_stdc=yes
ac_cv_header_stddef_h=yes
ac_cv_header_stdint_h=yes
ac_cv_header_stdlib_h=yes
ac_cv_header_string_h=yes
ac_cv_header_strings_h=yes
ac_cv_header_sys_socket_h=no
ac_cv_header_sys_stat_h=yes
ac_cv_header_sys_types_h=yes
ac_cv_header_unistd_h=yes
ac_cv_header_vfork_h=no
ac_cv_host=x86_64-w64-mingw32
ac_cv_lib_error_at_line=no
ac_cv_objext=o
ac_cv_path_EGREP='/bin/grep -E'
ac_cv_path_FGREP='/bin/grep -F'
ac_cv_path_GREP=/bin/grep
ac_cv_path_SED=/bin/sed
ac_cv_path_install='/bin/install -c'
ac_cv_path_mkdir=/bin/mkdir
ac_cv_prog_AR=/usr/bin/x86_64-w64-mingw32-ar
ac_cv_prog_AWK=gawk
ac_cv_prog_CC=x86_64-w64-mingw32-gcc
ac_cv_prog_CPP=/usr/bin/x86_64-w64-mingw32-cpp
ac_cv_prog_DLLTOOL=/usr/bin/x86_64-w64-mingw32-dlltool
ac_cv_prog_OBJDUMP=/usr/bin/x86_64-w64-mingw32-objdump
ac_cv_prog_RANLIB=/usr/bin/x86_64-w64-mingw32-ranlib
ac_cv_prog_STRIP=/usr/bin/x86_64-w64-mingw32-strip
ac_cv_prog_cc_c89=
ac_cv_prog_cc_c99=-std=gnu99
ac_cv_prog_cc_g=yes
ac_cv_prog_cc_x86_64_w64_mingw32_gcc_c_o=yes
ac_cv_prog_make_make_set=yes
ac_cv_type_pid_t=yes
ac_cv_type_size_t=yes
ac_cv_working_alloca_h=no
am_cv_CC_dependencies_compiler_type=gcc3
am_cv_ar_interface=ar
am_cv_make_support_nested_variables=yes
am_cv_prog_tar_ustar=gnutar
lt_cv_ar_at_file=@
lt_cv_archive_cmds_need_lc=yes
lt_cv_deplibs_check_method='file_magic ^x86 archive import|^x86 DLL'
lt_cv_file_magic_cmd=func_win32_libid
lt_cv_file_magic_test_file=
lt_cv_ld_reload_flag=-r
lt_cv_nm_interface='BSD nm'
lt_cv_objdir=.libs
lt_cv_path_LD=/usr/bin/x86_64-w64-mingw32-ld
lt_cv_path_NM=/usr/bin/x86_64-w64-mingw32-nm
lt_cv_path_mainfest_tool=no
lt_cv_prog_compiler_c_o=yes
lt_cv_prog_compiler_pic='-DDLL_EXPORT -DPIC'
lt_cv_prog_compiler_pic_works=yes
lt_cv_prog_compiler_rtti_exceptions=no
lt_cv_prog_compiler_static_works=yes
lt_cv_prog_gnu_ld=yes
lt_cv_sharedlib_from_linklib_cmd=func_cygming_dll_for_implib
lt_cv_sys_global_symbol_pipe='sed -n -e '\''s/^.*[	 ]\([ABCDGIRSTW][ABCDGIRSTW]*\)[	 ][	 ]*\([_A-Za-z][_A-Za-z0-9]*\)$/\1 \2 \2/p'\'' | sed '\''/ __gnu_lto/d'\'''
lt_cv_sys_global_symbol_to_c_name_address='sed -n -e '\''s/^: \([^ ]*\)[ ]*$/  {\"\1\", (void *) 0},/p'\'' -e '\''s/^[ABCDGIRSTW]* \([^ ]*\) \([^ ]*\)$/  {"\2", (void *) \&\2},/p'\'''
lt_cv_sys_global_symbol_to_c_name_address_lib_prefix='sed -n -e '\''s/^: \([^ ]*\)[ ]*$/  {\"\1\", (void *) 0},/p'\'' -e '\''s/^[ABCDGIRSTW]* \([^ ]*\) \(lib[^ ]*\)$/  {"\2", (void *) \&\2},/p'\'' -e '\''s/^[ABCDGIRSTW]* \([^ ]*\) \([^ ]*\)$/  {"lib\2", (void *) \&\2},/p'\'''
lt_cv_sys_global_symbol_to_cdecl='sed -n -e '\''s/^T .* \(.*\)$/extern int \1();/p'\'' -e '\''s/^[ABCDGIRSTW]* .* \(.*\)$/extern char \1;/p'\'''
lt_cv_sys_max_cmd_len=1572864
lt_cv_to_host_file_cmd=func_convert_file_nix_to_w32
lt_cv_to_tool_file_cmd=func_convert_file_noop
pkg_cv_PIXMAN_CFLAGS='-I/usr/x86_64-w64-mingw32/sys-root/mingw/include/pixman-1 '
pkg_cv_PIXMAN_LIBS='-L/usr/x86_64-w64-mingw32/sys-root/mingw/lib -lpixman-1 '

## ----------------- ##
## Output variables. ##
## ----------------- ##

ACLOCAL='${SHELL} /root/EzView/spice-gtk-0.22/spice-common/build-aux/missing aclocal-1.13'
ALLOCA=''
AMDEPBACKSLASH='\'
AMDEP_FALSE='#'
AMDEP_TRUE=''
AMTAR='$${TAR-tar}'
AM_BACKSLASH='\'
AM_DEFAULT_V='$(AM_DEFAULT_VERBOSITY)'
AM_DEFAULT_VERBOSITY='0'
AM_V='$(V)'
AR='/usr/bin/x86_64-w64-mingw32-ar'
AUTOCONF='${SHELL} /root/EzView/spice-gtk-0.22/spice-common/build-aux/missing autoconf'
AUTOHEADER='${SHELL} /root/EzView/spice-gtk-0.22/spice-common/build-aux/missing autoheader'
AUTOMAKE='${SHELL} /root/EzView/spice-gtk-0.22/spice-common/build-aux/missing automake-1.13'
AWK='gawk'
CC='x86_64-w64-mingw32-gcc -std=gnu99'
CCDEPMODE='depmode=gcc3'
CFLAGS=' -O2 -g -pipe -Wall -Wp,-D_FORTIFY_SOURCE=2 -fexceptions --param=ssp-buffer-size=4'
CPP='/usr/bin/x86_64-w64-mingw32-cpp'
CPPFLAGS=''
CYGPATH_W='echo'
DEFS='-DHAVE_CONFIG_H'
DEPDIR='.deps'
DLLTOOL='/usr/bin/x86_64-w64-mingw32-dlltool'
DSYMUTIL=''
DUMPBIN=''
ECHO_C=''
ECHO_N='-n'
ECHO_T=''
EGREP='/bin/grep -E'
EXEEXT='.exe'
FGREP='/bin/grep -F'
GL_CFLAGS=''
GL_LIBS=''
GREP='/bin/grep'
INSTALL_DATA='${INSTALL} -m 644'
INSTALL_PROGRAM='${INSTALL}'
INSTALL_SCRIPT='${INSTALL}'
INSTALL_STRIP_PROGRAM='$(install_sh) -c -s'
LD='/usr/bin/x86_64-w64-mingw32-ld'
LDFLAGS=''
LIBOBJS=' ${LIBOBJDIR}error$U.o'
LIBS=''
LIBTOOL='$(SHELL) $(top_builddir)/libtool'
LIPO=''
LN_S='ln -s'
LTLIBOBJS=' ${LIBOBJDIR}error$U.lo'
MAINT='#'
MAINTAINER_MODE_FALSE=''
MAINTAINER_MODE_TRUE='#'
MAKEINFO='${SHELL} /root/EzView/spice-gtk-0.22/spice-common/build-aux/missing makeinfo'
MANIFEST_TOOL=':'
MKDIR_P='/bin/mkdir -p'
NM='/usr/bin/x86_64-w64-mingw32-nm'
NMEDIT=''
OBJDUMP='/usr/bin/x86_64-w64-mingw32-objdump'
OBJEXT='o'
OS_WIN32_FALSE='#'
OS_WIN32_TRUE=''
OTOOL64=''
OTOOL=''
PACKAGE='spice-common'
PACKAGE_BUGREPORT='spice-devel@lists.freedesktop.org'
PACKAGE_NAME='spice-common'
PACKAGE_STRING='spice-common noversion'
PACKAGE_TARNAME='spice-common'
PACKAGE_URL=''
PACKAGE_VERSION='noversion'
PATH_SEPARATOR=':'
PIXMAN_CFLAGS='-I/usr/x86_64-w64-mingw32/sys-root/mingw/include/pixman-1 '
PIXMAN_LIBS='-L/usr/x86_64-w64-mingw32/sys-root/mingw/lib -lpixman-1 '
PKG_CONFIG='/usr/bin/x86_64-w64-mingw32-pkg-config'
PKG_CONFIG_LIBDIR=''
PKG_CONFIG_PATH=''
PROTOCOL_CFLAGS='-I ${top_srcdir}/spice-protocol'
RANLIB='/usr/bin/x86_64-w64-mingw32-ranlib'
SED='/bin/sed'
SET_MAKE=''
SHELL='/bin/sh'
SMARTCARD_CFLAGS=''
SMARTCARD_LIBS=''
STRIP='/usr/bin/x86_64-w64-mingw32-strip'
SUPPORT_GL_FALSE=''
SUPPORT_GL_TRUE='#'
VERSION='noversion'
WITH_SMARTCARD_FALSE=''
WITH_SMARTCARD_TRUE='#'
XMKMF=''
ac_ct_AR=''
ac_ct_CC=''
ac_ct_DUMPBIN=''
am__EXEEXT_FALSE='#'
am__EXEEXT_TRUE=''
am__fastdepCC_FALSE='#'
am__fastdepCC_TRUE=''
am__include='include'
am__isrc=''
am__leading_dot='.'
am__nodep='_no'
am__quote=''
am__tar='tar --format=ustar -chf - "$$tardir"'
am__untar='tar -xf -'
bindir='/usr/x86_64-w64-mingw32/sys-root/mingw/bin'
build='x86_64-redhat-linux-gnu'
build_alias='x86_64-redhat-linux-gnu'
build_cpu='x86_64'
build_os='linux-gnu'
build_vendor='redhat'
datadir='/usr/x86_64-w64-mingw32/sys-root/mingw/share'
datarootdir='${prefix}/share'
docdir='${datarootdir}/doc/${PACKAGE_TARNAME}'
dvidir='${docdir}'
exec_prefix='/usr/x86_64-w64-mingw32/sys-root/mingw'
host='x86_64-w64-mingw32'
host_alias='x86_64-w64-mingw32'
host_cpu='x86_64'
host_os='mingw32'
host_vendor='w64'
htmldir='${docdir}'
includedir='/usr/x86_64-w64-mingw32/sys-root/mingw/include'
infodir='/usr/x86_64-w64-mingw32/sys-root/mingw/share/info'
install_sh='${SHELL} /root/EzView/spice-gtk-0.22/spice-common/build-aux/install-sh'
libdir='/usr/x86_64-w64-mingw32/sys-root/mingw/lib'
libexecdir='/usr/x86_64-w64-mingw32/sys-root/mingw/libexec'
localedir='${datarootdir}/locale'
localstatedir='/usr/x86_64-w64-mingw32/sys-root/mingw/var'
mandir='/usr/x86_64-w64-mingw32/sys-root/mingw/share/man'
mkdir_p='$(MKDIR_P)'
oldincludedir='/usr/include'
pdfdir='${docdir}'
prefix='/usr/x86_64-w64-mingw32/sys-root/mingw'
program_transform_name='s,x,x,'
psdir='${docdir}'
sbindir='/usr/x86_64-w64-mingw32/sys-root/mingw/sbin'
sharedstatedir='/usr/x86_64-w64-mingw32/sys-root/mingw/com'
subdirs=' spice-protocol'
sysconfdir='/usr/x86_64-w64-mingw32/sys-root/mingw/etc'
target_alias='x86_64-w64-mingw32'

## ----------- ##
## confdefs.h. ##
## ----------- ##

/* confdefs.h */
#define PACKAGE_NAME "spice-common"
#define PACKAGE_TARNAME "spice-common"
#define PACKAGE_VERSION "noversion"
#define PACKAGE_STRING "spice-common noversion"
#define PACKAGE_BUGREPORT "spice-devel@lists.freedesktop.org"
#define PACKAGE_URL ""
#define PACKAGE "spice-common"
#define VERSION "noversion"
#define STDC_HEADERS 1
#define HAVE_SYS_TYPES_H 1
#define HAVE_SYS_STAT_H 1
#define HAVE_STDLIB_H 1
#define HAVE_STRING_H 1
#define HAVE_MEMORY_H 1
#define HAVE_STRINGS_H 1
#define HAVE_INTTYPES_H 1
#define HAVE_STDINT_H 1
#define HAVE_UNISTD_H 1
#define HAVE_DLFCN_H 1
#define LT_OBJDIR ".libs/"
#define HAVE_ALLOCA 1
#define HAVE_MALLOC_H 1
#define HAVE_STDDEF_H 1
#define HAVE_STDINT_H 1
#define HAVE_STDLIB_H 1
#define HAVE_STRING_H 1
#define HAVE_UNISTD_H 1
#define vfork fork
#define HAVE_DUP2 1
#define HAVE_FLOOR 1
#define HAVE_MEMMOVE 1
#define HAVE_MEMSET 1
#define HAVE_POW 1
#define HAVE_SQRT 1

configure: exit 0
