This file contains any messages produced by compilers while
running configure, to aid debugging if configure makes a mistake.

It was created by virt-viewer configure 0.6.0, which was
generated by GNU Autoconf 2.69.  Invocation command line was

  $ ./configure --host=x86_64-w64-mingw32 --build=x86_64-redhat-linux-gnu --target=x86_64-w64-mingw32 --prefix=/usr/x86_64-w64-mingw32/sys-root/mingw --exec-prefix=/usr/x86_64-w64-mingw32/sys-root/mingw --bindir=/usr/x86_64-w64-mingw32/sys-root/mingw/bin --sbindir=/usr/x86_64-w64-mingw32/sys-root/mingw/sbin --sysconfdir=/usr/x86_64-w64-mingw32/sys-root/mingw/etc --datadir=/usr/x86_64-w64-mingw32/sys-root/mingw/share --includedir=/usr/x86_64-w64-mingw32/sys-root/mingw/include --libdir=/usr/x86_64-w64-mingw32/sys-root/mingw/lib --libexecdir=/usr/x86_64-w64-mingw32/sys-root/mingw/libexec --localstatedir=/usr/x86_64-w64-mingw32/sys-root/mingw/var --sharedstatedir=/usr/x86_64-w64-mingw32/sys-root/mingw/com --mandir=/usr/x86_64-w64-mingw32/sys-root/mingw/share/man --infodir=/usr/x86_64-w64-mingw32/sys-root/mingw/share/info --enable-static --enable-shared --with-gtk=2.0

## --------- ##
## Platform. ##
## --------- ##

hostname = spice-linux
uname -m = x86_64
uname -r = 3.11.10-301.fc20.x86_64
uname -s = Linux
uname -v = #1 SMP Thu Dec 5 14:01:17 UTC 2013

/usr/bin/uname -p = x86_64
/bin/uname -X     = unknown

/bin/arch              = x86_64
/usr/bin/arch -k       = unknown
/usr/convex/getsysinfo = unknown
/usr/bin/hostinfo      = unknown
/bin/machine           = unknown
/usr/bin/oslevel       = unknown
/bin/universe          = unknown

PATH: /usr/x86_64-w64-mingw32/sys-root/mingw/bin
PATH: /usr/local/sbin
PATH: /usr/local/bin
PATH: /sbin
PATH: /bin
PATH: /usr/sbin
PATH: /usr/bin
PATH: /root/bin


## ----------- ##
## Core tests. ##
## ----------- ##

configure:2432: checking for a BSD-compatible install
configure:2500: result: /bin/install -c
configure:2511: checking whether build environment is sane
configure:2566: result: yes
configure:2625: checking for x86_64-w64-mingw32-strip
configure:2652: result: /usr/bin/x86_64-w64-mingw32-strip
configure:2717: checking for a thread-safe mkdir -p
configure:2756: result: /bin/mkdir -p
configure:2763: checking for gawk
configure:2779: found /bin/gawk
configure:2790: result: gawk
configure:2801: checking whether make sets $(MAKE)
configure:2823: result: yes
configure:2852: checking whether make supports nested variables
configure:2869: result: yes
configure:2957: checking build system type
configure:2971: result: x86_64-redhat-linux-gnu
configure:2991: checking host system type
configure:3004: result: x86_64-w64-mingw32
configure:3038: checking whether make supports nested variables
configure:3055: result: yes
configure:3089: checking for native Win32
configure:3108: result: yes
configure:3127: checking for x86_64-w64-mingw32-gcc
configure:3154: result: x86_64-w64-mingw32-gcc
configure:3423: checking for C compiler version
configure:3432: x86_64-w64-mingw32-gcc --version >&5
x86_64-w64-mingw32-gcc (GCC) 4.8.2 20131016 (Fedora MinGW 4.8.2-1.fc20)
Copyright (C) 2013 Free Software Foundation, Inc.
This is free software; see the source for copying conditions.  There is NO
warranty; not even for MERCHANTABILITY or FITNESS FOR A PARTICULAR PURPOSE.

configure:3443: $? = 0
configure:3432: x86_64-w64-mingw32-gcc -v >&5
Using built-in specs.
COLLECT_GCC=x86_64-w64-mingw32-gcc
COLLECT_LTO_WRAPPER=/usr/libexec/gcc/x86_64-w64-mingw32/4.8.2/lto-wrapper
Target: x86_64-w64-mingw32
Configured with: ../configure --prefix=/usr --bindir=/usr/bin --includedir=/usr/include --libdir=/usr/lib64 --mandir=/usr/share/man --infodir=/usr/share/info --datadir=/usr/share --build=x86_64-redhat-linux-gnu --host=x86_64-redhat-linux-gnu --with-gnu-as --with-gnu-ld --verbose --without-newlib --disable-multilib --disable-plugin --with-system-zlib --disable-nls --without-included-gettext --disable-win32-registry --enable-languages=c,c++,objc,obj-c++,fortran --with-bugurl=http://bugzilla.redhat.com/bugzilla --with-cloog --enable-libgomp --target=x86_64-w64-mingw32 --with-sysroot=/usr/x86_64-w64-mingw32/sys-root --with-gxx-include-dir=/usr/x86_64-w64-mingw32/sys-root/mingw/include/c++
Thread model: win32
gcc version 4.8.2 20131016 (Fedora MinGW 4.8.2-1.fc20) (GCC) 
configure:3443: $? = 0
configure:3432: x86_64-w64-mingw32-gcc -V >&5
x86_64-w64-mingw32-gcc: error: unrecognized command line option '-V'
x86_64-w64-mingw32-gcc: fatal error: no input files
compilation terminated.
configure:3443: $? = 1
configure:3432: x86_64-w64-mingw32-gcc -qversion >&5
x86_64-w64-mingw32-gcc: error: unrecognized command line option '-qversion'
x86_64-w64-mingw32-gcc: fatal error: no input files
compilation terminated.
configure:3443: $? = 1
configure:3463: checking whether the C compiler works
configure:3485: x86_64-w64-mingw32-gcc  -O2 -g -pipe -Wall -Wp,-D_FORTIFY_SOURCE=2 -fexceptions --param=ssp-buffer-size=4   conftest.c  >&5
configure:3489: $? = 0
configure:3537: result: yes
configure:3540: checking for C compiler default output file name
configure:3542: result: a.exe
configure:3548: checking for suffix of executables
configure:3555: x86_64-w64-mingw32-gcc -o conftest.exe  -O2 -g -pipe -Wall -Wp,-D_FORTIFY_SOURCE=2 -fexceptions --param=ssp-buffer-size=4   conftest.c  >&5
configure:3559: $? = 0
configure:3581: result: .exe
configure:3603: checking whether we are cross compiling
configure:3641: result: yes
configure:3646: checking for suffix of object files
configure:3668: x86_64-w64-mingw32-gcc -c  -O2 -g -pipe -Wall -Wp,-D_FORTIFY_SOURCE=2 -fexceptions --param=ssp-buffer-size=4  conftest.c >&5
configure:3672: $? = 0
configure:3693: result: o
configure:3697: checking whether we are using the GNU C compiler
configure:3716: x86_64-w64-mingw32-gcc -c  -O2 -g -pipe -Wall -Wp,-D_FORTIFY_SOURCE=2 -fexceptions --param=ssp-buffer-size=4  conftest.c >&5
configure:3716: $? = 0
configure:3725: result: yes
configure:3734: checking whether x86_64-w64-mingw32-gcc accepts -g
configure:3754: x86_64-w64-mingw32-gcc -c -g  conftest.c >&5
configure:3754: $? = 0
configure:3795: result: yes
configure:3812: checking for x86_64-w64-mingw32-gcc option to accept ISO C89
configure:3875: x86_64-w64-mingw32-gcc  -c  -O2 -g -pipe -Wall -Wp,-D_FORTIFY_SOURCE=2 -fexceptions --param=ssp-buffer-size=4  conftest.c >&5
configure:3875: $? = 0
configure:3888: result: none needed
configure:3919: checking for style of include used by make
configure:3947: result: GNU
configure:3973: checking dependency style of x86_64-w64-mingw32-gcc
configure:4084: result: gcc3
configure:4100: checking whether x86_64-w64-mingw32-gcc and cc understand -c and -o together
configure:4131: x86_64-w64-mingw32-gcc -c conftest.c -o conftest2.o >&5
configure:4135: $? = 0
configure:4141: x86_64-w64-mingw32-gcc -c conftest.c -o conftest2.o >&5
configure:4145: $? = 0
configure:4156: cc -c conftest.c >&5
./configure: line 4158: cc: command not found
configure:4160: $? = 127
configure:4200: result: yes
configure:4271: checking how to print strings
configure:4298: result: printf
configure:4319: checking for a sed that does not truncate output
configure:4383: result: /bin/sed
configure:4401: checking for grep that handles long lines and -e
configure:4459: result: /bin/grep
configure:4464: checking for egrep
configure:4526: result: /bin/grep -E
configure:4531: checking for fgrep
configure:4593: result: /bin/grep -F
configure:4628: checking for ld used by x86_64-w64-mingw32-gcc

## ---------------- ##
## Cache variables. ##
## ---------------- ##

ac_cv_build=x86_64-redhat-linux-gnu
ac_cv_c_compiler_gnu=yes
ac_cv_env_CC_set=set
ac_cv_env_CC_value=x86_64-w64-mingw32-gcc
ac_cv_env_CFLAGS_set=set
ac_cv_env_CFLAGS_value=' -O2 -g -pipe -Wall -Wp,-D_FORTIFY_SOURCE=2 -fexceptions --param=ssp-buffer-size=4'
ac_cv_env_CPPFLAGS_set=set
ac_cv_env_CPPFLAGS_value=
ac_cv_env_CPP_set=set
ac_cv_env_CPP_value=/usr/bin/x86_64-w64-mingw32-cpp
ac_cv_env_GLIB2_CFLAGS_set=
ac_cv_env_GLIB2_CFLAGS_value=
ac_cv_env_GLIB2_LIBS_set=
ac_cv_env_GLIB2_LIBS_value=
ac_cv_env_GTK_CFLAGS_set=
ac_cv_env_GTK_CFLAGS_value=
ac_cv_env_GTK_LIBS_set=
ac_cv_env_GTK_LIBS_value=
ac_cv_env_GTK_VNC_CFLAGS_set=
ac_cv_env_GTK_VNC_CFLAGS_value=
ac_cv_env_GTK_VNC_LIBS_set=
ac_cv_env_GTK_VNC_LIBS_value=
ac_cv_env_LDFLAGS_set=set
ac_cv_env_LDFLAGS_value=
ac_cv_env_LIBS_set=
ac_cv_env_LIBS_value=
ac_cv_env_LIBVIRT_CFLAGS_set=
ac_cv_env_LIBVIRT_CFLAGS_value=
ac_cv_env_LIBVIRT_LIBS_set=
ac_cv_env_LIBVIRT_LIBS_value=
ac_cv_env_LIBXML2_CFLAGS_set=
ac_cv_env_LIBXML2_CFLAGS_value=
ac_cv_env_LIBXML2_LIBS_set=
ac_cv_env_LIBXML2_LIBS_value=
ac_cv_env_OVIRT_CFLAGS_set=
ac_cv_env_OVIRT_CFLAGS_value=
ac_cv_env_OVIRT_LIBS_set=
ac_cv_env_OVIRT_LIBS_value=
ac_cv_env_PKG_CONFIG_LIBDIR_set=
ac_cv_env_PKG_CONFIG_LIBDIR_value=
ac_cv_env_PKG_CONFIG_PATH_set=
ac_cv_env_PKG_CONFIG_PATH_value=
ac_cv_env_PKG_CONFIG_set=set
ac_cv_env_PKG_CONFIG_value=/usr/bin/x86_64-w64-mingw32-pkg-config
ac_cv_env_SPICE_CONTROLLER_CFLAGS_set=
ac_cv_env_SPICE_CONTROLLER_CFLAGS_value=
ac_cv_env_SPICE_CONTROLLER_LIBS_set=
ac_cv_env_SPICE_CONTROLLER_LIBS_value=
ac_cv_env_SPICE_GTK_CFLAGS_set=
ac_cv_env_SPICE_GTK_CFLAGS_value=
ac_cv_env_SPICE_GTK_LIBS_set=
ac_cv_env_SPICE_GTK_LIBS_value=
ac_cv_env_SPICE_PROTOCOL_CFLAGS_set=
ac_cv_env_SPICE_PROTOCOL_CFLAGS_value=
ac_cv_env_SPICE_PROTOCOL_LIBS_set=
ac_cv_env_SPICE_PROTOCOL_LIBS_value=
ac_cv_env_build_alias_set=set
ac_cv_env_build_alias_value=x86_64-redhat-linux-gnu
ac_cv_env_host_alias_set=set
ac_cv_env_host_alias_value=x86_64-w64-mingw32
ac_cv_env_target_alias_set=set
ac_cv_env_target_alias_value=x86_64-w64-mingw32
ac_cv_exeext=.exe
ac_cv_host=x86_64-w64-mingw32
ac_cv_objext=o
ac_cv_path_EGREP='/bin/grep -E'
ac_cv_path_FGREP='/bin/grep -F'
ac_cv_path_GREP=/bin/grep
ac_cv_path_SED=/bin/sed
ac_cv_path_install='/bin/install -c'
ac_cv_path_mkdir=/bin/mkdir
ac_cv_prog_AWK=gawk
ac_cv_prog_CC=x86_64-w64-mingw32-gcc
ac_cv_prog_STRIP=/usr/bin/x86_64-w64-mingw32-strip
ac_cv_prog_cc_c89=
ac_cv_prog_cc_g=yes
ac_cv_prog_cc_x86_64_w64_mingw32_gcc_c_o=yes
ac_cv_prog_make_make_set=yes
am_cv_CC_dependencies_compiler_type=gcc3
am_cv_make_support_nested_variables=yes

## ----------------- ##
## Output variables. ##
## ----------------- ##

ACLOCAL='${SHELL} /root/EzView/virt-viewer-0.6.0/build-aux/missing aclocal-1.13'
ALL_LINGUAS=''
AMDEPBACKSLASH='\'
AMDEP_FALSE='#'
AMDEP_TRUE=''
AMTAR='$${TAR-tar}'
AM_BACKSLASH='\'
AM_DEFAULT_V='$(AM_DEFAULT_VERBOSITY)'
AM_DEFAULT_VERBOSITY='0'
AM_V='$(V)'
AR='/usr/bin/x86_64-w64-mingw32-ar'
AUTOCONF='${SHELL} /root/EzView/virt-viewer-0.6.0/build-aux/missing autoconf'
AUTOHEADER='${SHELL} /root/EzView/virt-viewer-0.6.0/build-aux/missing autoheader'
AUTOMAKE='${SHELL} /root/EzView/virt-viewer-0.6.0/build-aux/missing automake-1.13'
AWK='gawk'
BUILDID=''
CATALOGS=''
CATOBJEXT=''
CC='x86_64-w64-mingw32-gcc'
CCDEPMODE='depmode=gcc3'
CFLAGS=' -O2 -g -pipe -Wall -Wp,-D_FORTIFY_SOURCE=2 -fexceptions --param=ssp-buffer-size=4'
CPP='/usr/bin/x86_64-w64-mingw32-cpp'
CPPFLAGS=''
CYGPATH_W='echo'
DATADIRNAME=''
DEFS=''
DEPDIR='.deps'
DLLTOOL='/usr/bin/x86_64-w64-mingw32-dlltool'
DSYMUTIL=''
DUMPBIN=''
ECHO_C=''
ECHO_N='-n'
ECHO_T=''
EGREP='/bin/grep -E'
ENABLE_UPDATE_MIMEDB_FALSE=''
ENABLE_UPDATE_MIMEDB_TRUE=''
EXEEXT='.exe'
FGREP='/bin/grep -F'
GETTEXT_PACKAGE=''
GLIB2_CFLAGS=''
GLIB2_LIBS=''
GLIB2_REQUIRED='2.22.0'
GLIB_MKENUMS=''
GMOFILES=''
GMSGFMT=''
GOVIRT_REQUIRED='0.3.0'
GREP='/bin/grep'
GTK2_REQUIRED='2.18.0'
GTK3_REQUIRED='3.0'
GTK_API_VERSION=''
GTK_CFLAGS=''
GTK_LIBS=''
GTK_REQUIRED=''
GTK_VNC1_REQUIRED='0.3.8'
GTK_VNC2_REQUIRED='0.4.0'
GTK_VNC_API_VERSION=''
GTK_VNC_CFLAGS=''
GTK_VNC_LIBS=''
HAVE_GTK_2_FALSE=''
HAVE_GTK_2_TRUE=''
HAVE_GTK_3_FALSE=''
HAVE_GTK_3_TRUE=''
HAVE_GTK_VNC_FALSE=''
HAVE_GTK_VNC_TRUE=''
HAVE_LIBVIRT_FALSE=''
HAVE_LIBVIRT_TRUE=''
HAVE_SPICE_GTK_FALSE=''
HAVE_SPICE_GTK_TRUE=''
ICOTOOL=''
INSTALL_DATA='${INSTALL} -m 644'
INSTALL_PROGRAM='${INSTALL}'
INSTALL_SCRIPT='${INSTALL}'
INSTALL_STRIP_PROGRAM='$(install_sh) -c -s'
INSTOBJEXT=''
INTLLIBS=''
INTLTOOL_CAVES_RULE=''
INTLTOOL_DESKTOP_RULE=''
INTLTOOL_DIRECTORY_RULE=''
INTLTOOL_EXTRACT=''
INTLTOOL_KBD_RULE=''
INTLTOOL_KEYS_RULE=''
INTLTOOL_MERGE=''
INTLTOOL_OAF_RULE=''
INTLTOOL_PERL=''
INTLTOOL_POLICY_RULE=''
INTLTOOL_PONG_RULE=''
INTLTOOL_PROP_RULE=''
INTLTOOL_SCHEMAS_RULE=''
INTLTOOL_SERVER_RULE=''
INTLTOOL_SERVICE_RULE=''
INTLTOOL_SHEET_RULE=''
INTLTOOL_SOUNDLIST_RULE=''
INTLTOOL_THEME_RULE=''
INTLTOOL_UI_RULE=''
INTLTOOL_UPDATE=''
INTLTOOL_V_MERGE=''
INTLTOOL_V_MERGE_OPTIONS=''
INTLTOOL_XAM_RULE=''
INTLTOOL_XML_NOMERGE_RULE=''
INTLTOOL_XML_RULE=''
INTLTOOL__v_MERGE_0=''
INTLTOOL__v_MERGE_=''
LD='/usr/bin/x86_64-w64-mingw32-ld'
LDFLAGS=''
LIBOBJS=''
LIBS=''
LIBTOOL=''
LIBVIRT_CFLAGS=''
LIBVIRT_LIBS=''
LIBVIRT_REQUIRED='0.10.0'
LIBXML2_CFLAGS=''
LIBXML2_LIBS=''
LIBXML2_REQUIRED='2.6.0'
LIPO=''
LN_S=''
LTLIBOBJS=''
MAKEINFO='${SHELL} /root/EzView/virt-viewer-0.6.0/build-aux/missing makeinfo'
MANIFEST_TOOL=''
MKDIR_P='/bin/mkdir -p'
MKINSTALLDIRS=''
MSGFMT=''
MSGFMT_OPTS=''
MSGMERGE=''
NM='/usr/bin/x86_64-w64-mingw32-nm'
NMEDIT=''
OBJDUMP='/usr/bin/x86_64-w64-mingw32-objdump'
OBJEXT='o'
OS_WIN32_FALSE='#'
OS_WIN32_TRUE=''
OTOOL64=''
OTOOL=''
OVIRT_CFLAGS=''
OVIRT_LIBS=''
PACKAGE='virt-viewer'
PACKAGE_BUGREPORT=''
PACKAGE_NAME='virt-viewer'
PACKAGE_STRING='virt-viewer 0.6.0'
PACKAGE_TARNAME='virt-viewer'
PACKAGE_URL=''
PACKAGE_VERSION='0.6.0'
PATH_SEPARATOR=':'
PKG_CONFIG='/usr/bin/x86_64-w64-mingw32-pkg-config'
PKG_CONFIG_LIBDIR=''
PKG_CONFIG_PATH=''
POFILES=''
POSUB=''
PO_IN_DATADIR_FALSE=''
PO_IN_DATADIR_TRUE=''
RANLIB='/usr/bin/x86_64-w64-mingw32-ranlib'
SED='/bin/sed'
SET_MAKE=''
SHELL='/bin/sh'
SPICE_CONTROLLER_CFLAGS=''
SPICE_CONTROLLER_LIBS=''
SPICE_GTK_CFLAGS=''
SPICE_GTK_LIBS=''
SPICE_GTK_REQUIRED='0.22'
SPICE_PROTOCOL_CFLAGS=''
SPICE_PROTOCOL_LIBS=''
SPICE_PROTOCOL_REQUIRED='0.10.1'
STRIP='/usr/bin/x86_64-w64-mingw32-strip'
UPDATE_MIME_DATABASE=''
USE_NLS=''
VERSION='0.6.0'
WARN_CFLAGS=''
WINDOWS_PRODUCTVERSION=''
WINDRES='/usr/bin/x86_64-w64-mingw32-windres'
WIXL_ARCH='x64'
XGETTEXT=''
ac_ct_AR=''
ac_ct_CC=''
ac_ct_DUMPBIN=''
am__EXEEXT_FALSE=''
am__EXEEXT_TRUE=''
am__fastdepCC_FALSE='#'
am__fastdepCC_TRUE=''
am__include='include'
am__isrc=''
am__leading_dot='.'
am__nodep='_no'
am__quote=''
am__tar='$${TAR-tar} chof - "$$tardir"'
am__untar='$${TAR-tar} xf -'
bindir='/usr/x86_64-w64-mingw32/sys-root/mingw/bin'
build='x86_64-redhat-linux-gnu'
build_alias='x86_64-redhat-linux-gnu'
build_cpu='x86_64'
build_os='linux-gnu'
build_vendor='redhat'
datadir='/usr/x86_64-w64-mingw32/sys-root/mingw/share'
datarootdir='${prefix}/share'
docdir='${datarootdir}/doc/${PACKAGE_TARNAME}'
dvidir='${docdir}'
exec_prefix='/usr/x86_64-w64-mingw32/sys-root/mingw'
host='x86_64-w64-mingw32'
host_alias='x86_64-w64-mingw32'
host_cpu='x86_64'
host_os='mingw32'
host_vendor='w64'
htmldir='${docdir}'
includedir='/usr/x86_64-w64-mingw32/sys-root/mingw/include'
infodir='/usr/x86_64-w64-mingw32/sys-root/mingw/share/info'
install_sh='${SHELL} /root/EzView/virt-viewer-0.6.0/build-aux/install-sh'
intltool__v_merge_options_0=''
intltool__v_merge_options_=''
libdir='/usr/x86_64-w64-mingw32/sys-root/mingw/lib'
libexecdir='/usr/x86_64-w64-mingw32/sys-root/mingw/libexec'
localedir='${datarootdir}/locale'
localstatedir='/usr/x86_64-w64-mingw32/sys-root/mingw/var'
mandir='/usr/x86_64-w64-mingw32/sys-root/mingw/share/man'
mkdir_p='$(MKDIR_P)'
oldincludedir='/usr/include'
pdfdir='${docdir}'
prefix='/usr/x86_64-w64-mingw32/sys-root/mingw'
program_transform_name='s,x,x,'
psdir='${docdir}'
sbindir='/usr/x86_64-w64-mingw32/sys-root/mingw/sbin'
sharedstatedir='/usr/x86_64-w64-mingw32/sys-root/mingw/com'
sysconfdir='/usr/x86_64-w64-mingw32/sys-root/mingw/etc'
target_alias='x86_64-w64-mingw32'

## ----------- ##
## confdefs.h. ##
## ----------- ##

/* confdefs.h */
#define PACKAGE_NAME "virt-viewer"
#define PACKAGE_TARNAME "virt-viewer"
#define PACKAGE_VERSION "0.6.0"
#define PACKAGE_STRING "virt-viewer 0.6.0"
#define PACKAGE_BUGREPORT ""
#define PACKAGE_URL ""
#define PACKAGE "virt-viewer"
#define VERSION "0.6.0"

configure: caught signal 2
configure: exit 1
